---------------------------------------------------------------
[ 2021-04-16T17:44:48+08:00 ] 138.246.253.24 HEAD onenet.zhinengyingjian.work/
[运行时间：0.018956s] [吞吐率：52.75req/s] [内存消耗：2,430.19kb] [文件加载：44]
[ info ] [ LANG ] /www/admin/onenet.zhinengyingjian.work_80/wwwroot/thinkphp/lang/zh-cn.php
[ info ] [ ROUTE ] array (
  'type' => 'module',
  'module' => 
  array (
    0 => '',
    1 => NULL,
    2 => NULL,
  ),
)
[ info ] [ HEADER ] array (
  'host' => 'onenet.zhinengyingjian.work',
  'user-agent' => 'Mozilla/5.0 (Windows NT 10.0; Win64; x64) AppleWebKit/537.36 (KHTML, like Gecko) Chrome/88.0.4324.146 Safari/537.36',
)
[ info ] [ PARAM ] array (
)
[ info ] [ BEHAVIOR ] Run hook\AccessAuth @action_begin [ RunTime:0.000257s ]
[ info ] [ RUN ] app\index\controller\Index->index[ /www/admin/onenet.zhinengyingjian.work_80/wwwroot/application/index/controller/Index.php ]
[ info ] [ LOG ] INIT File
---------------------------------------------------------------
[ 2021-04-16T19:05:57+08:00 ] 101.132.159.51 GET onenet.zhinengyingjian.work/
[运行时间：0.017889s] [吞吐率：55.90req/s] [内存消耗：2,431.45kb] [文件加载：44]
[ info ] [ LANG ] /www/admin/onenet.zhinengyingjian.work_80/wwwroot/thinkphp/lang/zh-cn.php
[ info ] [ ROUTE ] array (
  'type' => 'module',
  'module' => 
  array (
    0 => '',
    1 => NULL,
    2 => NULL,
  ),
)
[ info ] [ HEADER ] array (
  'user-agent' => 'Mozilla/5.0 chrome(windows nt/Windows NT;)Chrome',
  'host' => 'onenet.zhinengyingjian.work',
  'connection' => 'Keep-Alive',
  'accept-encoding' => 'gzip',
)
[ info ] [ PARAM ] array (
)
[ info ] [ BEHAVIOR ] Run hook\AccessAuth @action_begin [ RunTime:0.000256s ]
[ info ] [ RUN ] app\index\controller\Index->index[ /www/admin/onenet.zhinengyingjian.work_80/wwwroot/application/index/controller/Index.php ]
[ info ] [ LOG ] INIT File
---------------------------------------------------------------
[ 2021-04-16T19:05:57+08:00 ] 101.132.159.51 GET onenet.zhinengyingjian.work/admin.html
[运行时间：0.018943s] [吞吐率：52.79req/s] [内存消耗：2,561.63kb] [文件加载：46]
[ info ] [ LANG ] /www/admin/onenet.zhinengyingjian.work_80/wwwroot/thinkphp/lang/zh-cn.php
[ info ] [ ROUTE ] array (
  'type' => 'module',
  'module' => 
  array (
    0 => 'admin',
    1 => NULL,
    2 => NULL,
  ),
)
[ info ] [ HEADER ] array (
  'user-agent' => 'Mozilla/5.0 chrome(windows nt/Windows NT;)Chrome',
  'host' => 'onenet.zhinengyingjian.work',
  'connection' => 'Keep-Alive',
  'accept-encoding' => 'gzip',
)
[ info ] [ PARAM ] array (
)
[ info ] [ SESSION ] INIT array (
  'id' => '',
  'var_session_id' => '',
  'prefix' => 'think',
  'type' => '',
  'auto_start' => true,
)
[ info ] [ LOG ] INIT File
---------------------------------------------------------------
[ 2021-04-16T19:05:57+08:00 ] 101.132.159.51 GET onenet.zhinengyingjian.work/admin/login.html
[运行时间：0.027036s] [吞吐率：36.99req/s] [内存消耗：3,592.89kb] [文件加载：52]
[ info ] [ LANG ] /www/admin/onenet.zhinengyingjian.work_80/wwwroot/thinkphp/lang/zh-cn.php
[ info ] [ ROUTE ] array (
  'type' => 'module',
  'module' => 
  array (
    0 => 'admin',
    1 => 'login',
    2 => NULL,
  ),
)
[ info ] [ HEADER ] array (
  'user-agent' => 'Mozilla/5.0 chrome(windows nt/Windows NT;)Chrome',
  'host' => 'onenet.zhinengyingjian.work',
  'connection' => 'Keep-Alive',
  'accept-encoding' => 'gzip',
)
[ info ] [ PARAM ] array (
)
[ info ] [ SESSION ] INIT array (
  'id' => '',
  'var_session_id' => '',
  'prefix' => 'think',
  'type' => '',
  'auto_start' => true,
)
[ info ] [ BEHAVIOR ] Run hook\AccessAuth @action_begin [ RunTime:0.000238s ]
[ info ] [ RUN ] app\admin\controller\Login->index[ /www/admin/onenet.zhinengyingjian.work_80/wwwroot/application/admin/controller/Login.php ]
[ info ] [ VIEW ] /www/admin/onenet.zhinengyingjian.work_80/wwwroot/application/admin/view/login.index.html [ array (
  0 => 'classuri',
  1 => 'title',
) ]
[ info ] [ DB ] INIT mysql
[ info ] [ BEHAVIOR ] Run hook\FilterView @view_filter [ RunTime:0.000305s ]
[ info ] [ LOG ] INIT File
