---------------------------------------------------------------
[ 2021-04-28T14:31:46+08:00 ] 47.102.140.179 GET onenet.zhinengyingjian.work/
[运行时间：0.019002s] [吞吐率：52.63req/s] [内存消耗：2,431.61kb] [文件加载：44]
[ info ] [ LANG ] /www/admin/onenet.zhinengyingjian.work_80/wwwroot/thinkphp/lang/zh-cn.php
[ info ] [ ROUTE ] array (
  'type' => 'module',
  'module' => 
  array (
    0 => '',
    1 => NULL,
    2 => NULL,
  ),
)
[ info ] [ HEADER ] array (
  'user-agent' => 'Mozilla/5.0 (X11; Ubuntu; Linux x86_64; rv:36.0) Gecko/20100101 Firefox/36.0',
  'host' => 'onenet.zhinengyingjian.work',
  'connection' => 'Keep-Alive',
  'accept-encoding' => 'gzip',
)
[ info ] [ PARAM ] array (
)
[ info ] [ BEHAVIOR ] Run hook\AccessAuth @action_begin [ RunTime:0.000238s ]
[ info ] [ RUN ] app\index\controller\Index->index[ /www/admin/onenet.zhinengyingjian.work_80/wwwroot/application/index/controller/Index.php ]
[ info ] [ LOG ] INIT File
---------------------------------------------------------------
[ 2021-04-28T14:31:46+08:00 ] 47.102.140.179 GET onenet.zhinengyingjian.work/admin.html
[运行时间：0.018923s] [吞吐率：52.85req/s] [内存消耗：2,561.72kb] [文件加载：46]
[ info ] [ LANG ] /www/admin/onenet.zhinengyingjian.work_80/wwwroot/thinkphp/lang/zh-cn.php
[ info ] [ ROUTE ] array (
  'type' => 'module',
  'module' => 
  array (
    0 => 'admin',
    1 => NULL,
    2 => NULL,
  ),
)
[ info ] [ HEADER ] array (
  'user-agent' => 'Mozilla/5.0 (X11; Ubuntu; Linux x86_64; rv:36.0) Gecko/20100101 Firefox/36.0',
  'host' => 'onenet.zhinengyingjian.work',
  'connection' => 'Keep-Alive',
  'accept-encoding' => 'gzip',
)
[ info ] [ PARAM ] array (
)
[ info ] [ SESSION ] INIT array (
  'id' => '',
  'var_session_id' => '',
  'prefix' => 'think',
  'type' => '',
  'auto_start' => true,
)
[ info ] [ LOG ] INIT File
---------------------------------------------------------------
[ 2021-04-28T14:31:46+08:00 ] 47.102.140.179 GET onenet.zhinengyingjian.work/admin/login.html
[运行时间：0.027075s] [吞吐率：36.93req/s] [内存消耗：3,593.20kb] [文件加载：52]
[ info ] [ LANG ] /www/admin/onenet.zhinengyingjian.work_80/wwwroot/thinkphp/lang/zh-cn.php
[ info ] [ ROUTE ] array (
  'type' => 'module',
  'module' => 
  array (
    0 => 'admin',
    1 => 'login',
    2 => NULL,
  ),
)
[ info ] [ HEADER ] array (
  'user-agent' => 'Mozilla/5.0 (X11; Ubuntu; Linux x86_64; rv:36.0) Gecko/20100101 Firefox/36.0',
  'host' => 'onenet.zhinengyingjian.work',
  'connection' => 'Keep-Alive',
  'accept-encoding' => 'gzip',
)
[ info ] [ PARAM ] array (
)
[ info ] [ SESSION ] INIT array (
  'id' => '',
  'var_session_id' => '',
  'prefix' => 'think',
  'type' => '',
  'auto_start' => true,
)
[ info ] [ BEHAVIOR ] Run hook\AccessAuth @action_begin [ RunTime:0.000229s ]
[ info ] [ RUN ] app\admin\controller\Login->index[ /www/admin/onenet.zhinengyingjian.work_80/wwwroot/application/admin/controller/Login.php ]
[ info ] [ VIEW ] /www/admin/onenet.zhinengyingjian.work_80/wwwroot/application/admin/view/login.index.html [ array (
  0 => 'classuri',
  1 => 'title',
) ]
[ info ] [ DB ] INIT mysql
[ info ] [ BEHAVIOR ] Run hook\FilterView @view_filter [ RunTime:0.000287s ]
[ info ] [ LOG ] INIT File
---------------------------------------------------------------
[ 2021-04-28T16:04:15+08:00 ] 120.237.147.92 GET onenet.zhinengyingjian.work/
[运行时间：0.018776s] [吞吐率：53.26req/s] [内存消耗：2,433.18kb] [文件加载：44]
[ info ] [ LANG ] /www/admin/onenet.zhinengyingjian.work_80/wwwroot/thinkphp/lang/zh-cn.php
[ info ] [ ROUTE ] array (
  'type' => 'module',
  'module' => 
  array (
    0 => '',
    1 => NULL,
    2 => NULL,
  ),
)
[ info ] [ HEADER ] array (
  'host' => 'onenet.zhinengyingjian.work',
  'user-agent' => 'Mozilla/5.0 (Windows NT 6.1; Win64; x64; rv:88.0) Gecko/20100101 Firefox/88.0',
  'accept' => 'text/html,application/xhtml+xml,application/xml;q=0.9,image/webp,*/*;q=0.8',
  'accept-language' => 'zh-CN,zh;q=0.8,zh-TW;q=0.7,zh-HK;q=0.5,en-US;q=0.3,en;q=0.2',
  'accept-encoding' => 'gzip, deflate',
  'connection' => 'keep-alive',
  'cookie' => 'Hm_lvt_aa2f9869e9b578122e4692de2bd9f80f=1616728627,1617679458,1618993956; td_cookie=3959580420',
  'upgrade-insecure-requests' => '1',
)
[ info ] [ PARAM ] array (
)
[ info ] [ BEHAVIOR ] Run hook\AccessAuth @action_begin [ RunTime:0.000235s ]
[ info ] [ RUN ] app\index\controller\Index->index[ /www/admin/onenet.zhinengyingjian.work_80/wwwroot/application/index/controller/Index.php ]
[ info ] [ LOG ] INIT File
---------------------------------------------------------------
[ 2021-04-28T16:04:15+08:00 ] 120.237.147.92 GET onenet.zhinengyingjian.work/admin.html
[运行时间：0.019329s] [吞吐率：51.74req/s] [内存消耗：2,563.10kb] [文件加载：46]
[ info ] [ LANG ] /www/admin/onenet.zhinengyingjian.work_80/wwwroot/thinkphp/lang/zh-cn.php
[ info ] [ ROUTE ] array (
  'type' => 'module',
  'module' => 
  array (
    0 => 'admin',
    1 => NULL,
    2 => NULL,
  ),
)
[ info ] [ HEADER ] array (
  'host' => 'onenet.zhinengyingjian.work',
  'user-agent' => 'Mozilla/5.0 (Windows NT 6.1; Win64; x64; rv:88.0) Gecko/20100101 Firefox/88.0',
  'accept' => 'text/html,application/xhtml+xml,application/xml;q=0.9,image/webp,*/*;q=0.8',
  'accept-language' => 'zh-CN,zh;q=0.8,zh-TW;q=0.7,zh-HK;q=0.5,en-US;q=0.3,en;q=0.2',
  'accept-encoding' => 'gzip, deflate',
  'connection' => 'keep-alive',
  'cookie' => 'Hm_lvt_aa2f9869e9b578122e4692de2bd9f80f=1616728627,1617679458,1618993956; td_cookie=3959580420',
  'upgrade-insecure-requests' => '1',
)
[ info ] [ PARAM ] array (
)
[ info ] [ SESSION ] INIT array (
  'id' => '',
  'var_session_id' => '',
  'prefix' => 'think',
  'type' => '',
  'auto_start' => true,
)
[ info ] [ LOG ] INIT File
---------------------------------------------------------------
[ 2021-04-28T16:04:15+08:00 ] 120.237.147.92 GET onenet.zhinengyingjian.work/admin/login.html
[运行时间：0.027810s] [吞吐率：35.96req/s] [内存消耗：3,594.03kb] [文件加载：52]
[ info ] [ LANG ] /www/admin/onenet.zhinengyingjian.work_80/wwwroot/thinkphp/lang/zh-cn.php
[ info ] [ ROUTE ] array (
  'type' => 'module',
  'module' => 
  array (
    0 => 'admin',
    1 => 'login',
    2 => NULL,
  ),
)
[ info ] [ HEADER ] array (
  'host' => 'onenet.zhinengyingjian.work',
  'user-agent' => 'Mozilla/5.0 (Windows NT 6.1; Win64; x64; rv:88.0) Gecko/20100101 Firefox/88.0',
  'accept' => 'text/html,application/xhtml+xml,application/xml;q=0.9,image/webp,*/*;q=0.8',
  'accept-language' => 'zh-CN,zh;q=0.8,zh-TW;q=0.7,zh-HK;q=0.5,en-US;q=0.3,en;q=0.2',
  'accept-encoding' => 'gzip, deflate',
  'connection' => 'keep-alive',
  'cookie' => 'Hm_lvt_aa2f9869e9b578122e4692de2bd9f80f=1616728627,1617679458,1618993956; td_cookie=3959580420; s79ee3df2=0hs9eu7jn9shc6e13kvikep3o6',
  'upgrade-insecure-requests' => '1',
)
[ info ] [ PARAM ] array (
)
[ info ] [ SESSION ] INIT array (
  'id' => '',
  'var_session_id' => '',
  'prefix' => 'think',
  'type' => '',
  'auto_start' => true,
)
[ info ] [ BEHAVIOR ] Run hook\AccessAuth @action_begin [ RunTime:0.000234s ]
[ info ] [ RUN ] app\admin\controller\Login->index[ /www/admin/onenet.zhinengyingjian.work_80/wwwroot/application/admin/controller/Login.php ]
[ info ] [ VIEW ] /www/admin/onenet.zhinengyingjian.work_80/wwwroot/application/admin/view/login.index.html [ array (
  0 => 'classuri',
  1 => 'title',
) ]
[ info ] [ DB ] INIT mysql
[ info ] [ BEHAVIOR ] Run hook\FilterView @view_filter [ RunTime:0.000284s ]
[ info ] [ LOG ] INIT File
---------------------------------------------------------------
[ 2021-04-28T16:04:17+08:00 ] 120.237.147.92 POST onenet.zhinengyingjian.work/admin/login.html?spm=
[运行时间：0.049239s] [吞吐率：20.31req/s] [内存消耗：3,757.66kb] [文件加载：57]
[ info ] [ LANG ] /www/admin/onenet.zhinengyingjian.work_80/wwwroot/thinkphp/lang/zh-cn.php
[ info ] [ ROUTE ] array (
  'type' => 'module',
  'module' => 
  array (
    0 => 'admin',
    1 => 'login',
    2 => NULL,
  ),
)
[ info ] [ HEADER ] array (
  'host' => 'onenet.zhinengyingjian.work',
  'user-agent' => 'Mozilla/5.0 (Windows NT 6.1; Win64; x64; rv:88.0) Gecko/20100101 Firefox/88.0',
  'accept' => '*/*',
  'accept-language' => 'zh-CN,zh;q=0.8,zh-TW;q=0.7,zh-HK;q=0.5,en-US;q=0.3,en;q=0.2',
  'accept-encoding' => 'gzip, deflate',
  'x-requested-with' => 'XMLHttpRequest',
  'origin' => 'http://onenet.zhinengyingjian.work',
  'connection' => 'keep-alive',
  'referer' => 'http://onenet.zhinengyingjian.work/admin/login.html',
  'cookie' => 'Hm_lvt_aa2f9869e9b578122e4692de2bd9f80f=1617679458,1618993956,1619597056; td_cookie=3959580420; s79ee3df2=0hs9eu7jn9shc6e13kvikep3o6; Hm_lpvt_aa2f9869e9b578122e4692de2bd9f80f=1619597056',
  'content-type' => 'application/x-www-form-urlencoded; charset=UTF-8',
  'content-length' => '49',
)
[ info ] [ PARAM ] array (
  'spm' => '',
  'username' => 'admin',
  'password' => 'admin',
)
[ info ] [ SESSION ] INIT array (
  'id' => '',
  'var_session_id' => '',
  'prefix' => 'think',
  'type' => '',
  'auto_start' => true,
)
[ info ] [ BEHAVIOR ] Run hook\AccessAuth @action_begin [ RunTime:0.000238s ]
[ info ] [ RUN ] app\admin\controller\Login->index[ /www/admin/onenet.zhinengyingjian.work_80/wwwroot/application/admin/controller/Login.php ]
[ info ] [ DB ] INIT mysql
[ info ] [ CACHE ] INIT File
[ info ] [ LOG ] INIT File
---------------------------------------------------------------
[ 2021-04-28T16:04:17+08:00 ] 120.237.147.92 GET onenet.zhinengyingjian.work/admin.html
[运行时间：0.033530s] [吞吐率：29.82req/s] [内存消耗：3,851.82kb] [文件加载：58]
[ info ] [ LANG ] /www/admin/onenet.zhinengyingjian.work_80/wwwroot/thinkphp/lang/zh-cn.php
[ info ] [ ROUTE ] array (
  'type' => 'module',
  'module' => 
  array (
    0 => 'admin',
    1 => NULL,
    2 => NULL,
  ),
)
[ info ] [ HEADER ] array (
  'host' => 'onenet.zhinengyingjian.work',
  'user-agent' => 'Mozilla/5.0 (Windows NT 6.1; Win64; x64; rv:88.0) Gecko/20100101 Firefox/88.0',
  'accept' => 'text/html,application/xhtml+xml,application/xml;q=0.9,image/webp,*/*;q=0.8',
  'accept-language' => 'zh-CN,zh;q=0.8,zh-TW;q=0.7,zh-HK;q=0.5,en-US;q=0.3,en;q=0.2',
  'accept-encoding' => 'gzip, deflate',
  'connection' => 'keep-alive',
  'referer' => 'http://onenet.zhinengyingjian.work/admin.html',
  'cookie' => 'Hm_lvt_aa2f9869e9b578122e4692de2bd9f80f=1617679458,1618993956,1619597056; td_cookie=267773961; s79ee3df2=0hs9eu7jn9shc6e13kvikep3o6; Hm_lpvt_aa2f9869e9b578122e4692de2bd9f80f=1619597056',
  'upgrade-insecure-requests' => '1',
)
[ info ] [ PARAM ] array (
)
[ info ] [ SESSION ] INIT array (
  'id' => '',
  'var_session_id' => '',
  'prefix' => 'think',
  'type' => '',
  'auto_start' => true,
)
[ info ] [ BEHAVIOR ] Run hook\AccessAuth @action_begin [ RunTime:0.001050s ]
[ info ] [ RUN ] app\admin\controller\Index->index[ /www/admin/onenet.zhinengyingjian.work_80/wwwroot/application/admin/controller/Index.php ]
[ info ] [ CACHE ] INIT File
[ info ] [ DB ] INIT mysql
[ info ] [ VIEW ] /www/admin/onenet.zhinengyingjian.work_80/wwwroot/application/admin/view/index.index.html [ array (
  0 => 'classuri',
  1 => 'title',
  2 => 'menus',
) ]
[ info ] [ BEHAVIOR ] Run hook\FilterView @view_filter [ RunTime:0.000313s ]
[ info ] [ LOG ] INIT File
---------------------------------------------------------------
[ 2021-04-28T16:04:18+08:00 ] 120.237.147.92 GET onenet.zhinengyingjian.work/admin/onenetmsg/index.html?spm=m-92-94
[运行时间：0.182751s] [吞吐率：5.47req/s] [内存消耗：3,980.06kb] [文件加载：62]
[ info ] [ LANG ] /www/admin/onenet.zhinengyingjian.work_80/wwwroot/thinkphp/lang/zh-cn.php
[ info ] [ ROUTE ] array (
  'type' => 'module',
  'module' => 
  array (
    0 => 'admin',
    1 => 'onenetmsg',
    2 => 'index',
  ),
)
[ info ] [ HEADER ] array (
  'host' => 'onenet.zhinengyingjian.work',
  'user-agent' => 'Mozilla/5.0 (Windows NT 6.1; Win64; x64; rv:88.0) Gecko/20100101 Firefox/88.0',
  'accept' => '*/*',
  'accept-language' => 'zh-CN,zh;q=0.8,zh-TW;q=0.7,zh-HK;q=0.5,en-US;q=0.3,en;q=0.2',
  'accept-encoding' => 'gzip, deflate',
  'x-requested-with' => 'XMLHttpRequest',
  'connection' => 'keep-alive',
  'referer' => 'http://onenet.zhinengyingjian.work/admin.html',
  'cookie' => 'Hm_lvt_aa2f9869e9b578122e4692de2bd9f80f=1617679458,1618993956,1619597056; td_cookie=267773961; s79ee3df2=0hs9eu7jn9shc6e13kvikep3o6; Hm_lpvt_aa2f9869e9b578122e4692de2bd9f80f=1619597058; menu-style=full',
)
[ info ] [ PARAM ] array (
  'spm' => 'm-92-94',
)
[ info ] [ SESSION ] INIT array (
  'id' => '',
  'var_session_id' => '',
  'prefix' => 'think',
  'type' => '',
  'auto_start' => true,
)
[ info ] [ BEHAVIOR ] Run hook\AccessAuth @action_begin [ RunTime:0.001031s ]
[ info ] [ RUN ] app\admin\controller\Onenetmsg->index[ /www/admin/onenet.zhinengyingjian.work_80/wwwroot/application/admin/controller/Onenetmsg.php ]
[ info ] [ API_URL ] 'http://openapi.heclouds.com/application?action=QueryProductList&version=1&project_id=VZ8n3z'
[ info ] [ API_HEADER ] array (
  0 => 'authorization: version=2020-05-29&res=userid%2F223931&et=3239195916&method=sha1&sign=WIO7eZBETZSf9B9MCKrh90xZjTE%3D',
)
[ info ] [ API_PARAM ] array (
  'action' => 'QueryProductList',
  'version' => 1,
  'project_id' => 'VZ8n3z',
)
[ info ] [ API_RESULT ] '{"data":{"list":[{"data_type":1,"desc":"","device_number":3,"name":"TPS508","network":"3,4,2","node_type":1,"product_id":"Y6bOd21O20","protocol":2,"type":1}],"meta":{"limit":10,"offset":0,"total":1}},"requestId":"e928371ce0ef4f99a0a56edb078c1d37","success":true}'
[ info ] [ API_HTTP_INFO ] array (
  'url' => 'http://openapi.heclouds.com/application?action=QueryProductList&version=1&project_id=VZ8n3z',
  'content_type' => 'application/json; charset=utf-8',
  'http_code' => 200,
  'header_size' => 140,
  'request_size' => 239,
  'filetime' => -1,
  'ssl_verify_result' => 0,
  'redirect_count' => 0,
  'total_time' => 0.14937,
  'namelookup_time' => 0.060347999999999999,
  'connect_time' => 0.092488000000000001,
  'pretransfer_time' => 0.092521999999999993,
  'size_upload' => 0,
  'size_download' => 262,
  'speed_download' => 1754,
  'speed_upload' => 0,
  'download_content_length' => 262,
  'upload_content_length' => 0,
  'starttransfer_time' => 0.14935000000000001,
  'redirect_time' => 0,
  'redirect_url' => '',
  'primary_ip' => '183.230.102.116',
  'certinfo' => 
  array (
  ),
  'primary_port' => 80,
  'local_ip' => '172.18.62.150',
  'local_port' => 46210,
)
[ info ] [ DB ] INIT mysql
[ info ] [ VIEW ] /www/admin/onenet.zhinengyingjian.work_80/wwwroot/application/admin/view/onenetmsg.index.html [ array (
  0 => 'classuri',
  1 => 'product_ids',
  2 => 'title',
  3 => 'list',
  4 => 'page',
) ]
[ info ] [ BEHAVIOR ] Run hook\FilterView @view_filter [ RunTime:0.001291s ]
[ info ] [ LOG ] INIT File
---------------------------------------------------------------
[ 2021-04-28T16:04:25+08:00 ] 120.237.147.92 GET onenet.zhinengyingjian.work/admin/user/index.html?spm=m-2-29
[运行时间：0.031663s] [吞吐率：31.58req/s] [内存消耗：3,856.37kb] [文件加载：59]
[ info ] [ LANG ] /www/admin/onenet.zhinengyingjian.work_80/wwwroot/thinkphp/lang/zh-cn.php
[ info ] [ ROUTE ] array (
  'type' => 'module',
  'module' => 
  array (
    0 => 'admin',
    1 => 'user',
    2 => 'index',
  ),
)
[ info ] [ HEADER ] array (
  'host' => 'onenet.zhinengyingjian.work',
  'user-agent' => 'Mozilla/5.0 (Windows NT 6.1; Win64; x64; rv:88.0) Gecko/20100101 Firefox/88.0',
  'accept' => '*/*',
  'accept-language' => 'zh-CN,zh;q=0.8,zh-TW;q=0.7,zh-HK;q=0.5,en-US;q=0.3,en;q=0.2',
  'accept-encoding' => 'gzip, deflate',
  'x-requested-with' => 'XMLHttpRequest',
  'connection' => 'keep-alive',
  'referer' => 'http://onenet.zhinengyingjian.work/admin.html',
  'cookie' => 'Hm_lvt_aa2f9869e9b578122e4692de2bd9f80f=1617679458,1618993956,1619597056; td_cookie=267773961; s79ee3df2=0hs9eu7jn9shc6e13kvikep3o6; Hm_lpvt_aa2f9869e9b578122e4692de2bd9f80f=1619597058; menu-style=full; rows=20',
)
[ info ] [ PARAM ] array (
  'spm' => 'm-2-29',
)
[ info ] [ SESSION ] INIT array (
  'id' => '',
  'var_session_id' => '',
  'prefix' => 'think',
  'type' => '',
  'auto_start' => true,
)
[ info ] [ BEHAVIOR ] Run hook\AccessAuth @action_begin [ RunTime:0.001064s ]
[ info ] [ RUN ] app\admin\controller\User->index[ /www/admin/onenet.zhinengyingjian.work_80/wwwroot/application/admin/controller/User.php ]
[ info ] [ DB ] INIT mysql
[ info ] [ VIEW ] /www/admin/onenet.zhinengyingjian.work_80/wwwroot/application/admin/view/user.index.html [ array (
  0 => 'classuri',
  1 => 'title',
  2 => 'list',
  3 => 'page',
) ]
[ info ] [ BEHAVIOR ] Run hook\FilterView @view_filter [ RunTime:0.001331s ]
[ info ] [ LOG ] INIT File
---------------------------------------------------------------
[ 2021-04-28T16:04:28+08:00 ] 120.237.147.92 GET onenet.zhinengyingjian.work/admin/onenetmsg/index.html?spm=m-92-94
[运行时间：0.181141s] [吞吐率：5.52req/s] [内存消耗：3,990.26kb] [文件加载：62]
[ info ] [ LANG ] /www/admin/onenet.zhinengyingjian.work_80/wwwroot/thinkphp/lang/zh-cn.php
[ info ] [ ROUTE ] array (
  'type' => 'module',
  'module' => 
  array (
    0 => 'admin',
    1 => 'onenetmsg',
    2 => 'index',
  ),
)
[ info ] [ HEADER ] array (
  'host' => 'onenet.zhinengyingjian.work',
  'user-agent' => 'Mozilla/5.0 (Windows NT 6.1; Win64; x64; rv:88.0) Gecko/20100101 Firefox/88.0',
  'accept' => '*/*',
  'accept-language' => 'zh-CN,zh;q=0.8,zh-TW;q=0.7,zh-HK;q=0.5,en-US;q=0.3,en;q=0.2',
  'accept-encoding' => 'gzip, deflate',
  'x-requested-with' => 'XMLHttpRequest',
  'connection' => 'keep-alive',
  'referer' => 'http://onenet.zhinengyingjian.work/admin.html',
  'cookie' => 'Hm_lvt_aa2f9869e9b578122e4692de2bd9f80f=1617679458,1618993956,1619597056; td_cookie=267773961; s79ee3df2=0hs9eu7jn9shc6e13kvikep3o6; Hm_lpvt_aa2f9869e9b578122e4692de2bd9f80f=1619597058; menu-style=full; rows=20',
)
[ info ] [ PARAM ] array (
  'spm' => 'm-92-94',
)
[ info ] [ SESSION ] INIT array (
  'id' => '',
  'var_session_id' => '',
  'prefix' => 'think',
  'type' => '',
  'auto_start' => true,
)
[ info ] [ BEHAVIOR ] Run hook\AccessAuth @action_begin [ RunTime:0.001051s ]
[ info ] [ RUN ] app\admin\controller\Onenetmsg->index[ /www/admin/onenet.zhinengyingjian.work_80/wwwroot/application/admin/controller/Onenetmsg.php ]
[ info ] [ API_URL ] 'http://openapi.heclouds.com/application?action=QueryProductList&version=1&project_id=VZ8n3z'
[ info ] [ API_HEADER ] array (
  0 => 'authorization: version=2020-05-29&res=userid%2F223931&et=3239195936&method=sha1&sign=2CwSaoN21D86klpl6L9mWSgKNRA%3D',
)
[ info ] [ API_PARAM ] array (
  'action' => 'QueryProductList',
  'version' => 1,
  'project_id' => 'VZ8n3z',
)
[ info ] [ API_RESULT ] '{"data":{"list":[{"data_type":1,"desc":"","device_number":3,"name":"TPS508","network":"3,4,2","node_type":1,"product_id":"Y6bOd21O20","protocol":2,"type":1}],"meta":{"limit":10,"offset":0,"total":1}},"requestId":"00bb617d485b47df8febdc2d94d51ff0","success":true}'
[ info ] [ API_HTTP_INFO ] array (
  'url' => 'http://openapi.heclouds.com/application?action=QueryProductList&version=1&project_id=VZ8n3z',
  'content_type' => 'application/json; charset=utf-8',
  'http_code' => 200,
  'header_size' => 140,
  'request_size' => 239,
  'filetime' => -1,
  'ssl_verify_result' => 0,
  'redirect_count' => 0,
  'total_time' => 0.14696100000000001,
  'namelookup_time' => 0.060350000000000001,
  'connect_time' => 0.092052999999999996,
  'pretransfer_time' => 0.092086000000000001,
  'size_upload' => 0,
  'size_download' => 262,
  'speed_download' => 1782,
  'speed_upload' => 0,
  'download_content_length' => 262,
  'upload_content_length' => 0,
  'starttransfer_time' => 0.14694599999999999,
  'redirect_time' => 0,
  'redirect_url' => '',
  'primary_ip' => '183.230.102.116',
  'certinfo' => 
  array (
  ),
  'primary_port' => 80,
  'local_ip' => '172.18.62.150',
  'local_port' => 46220,
)
[ info ] [ DB ] INIT mysql
[ info ] [ VIEW ] /www/admin/onenet.zhinengyingjian.work_80/wwwroot/application/admin/view/onenetmsg.index.html [ array (
  0 => 'classuri',
  1 => 'product_ids',
  2 => 'title',
  3 => 'list',
  4 => 'page',
) ]
[ info ] [ BEHAVIOR ] Run hook\FilterView @view_filter [ RunTime:0.001319s ]
[ info ] [ LOG ] INIT File
---------------------------------------------------------------
[ 2021-04-28T16:04:30+08:00 ] 120.237.147.92 GET onenet.zhinengyingjian.work/admin/user/index.html?spm=m-2-29
[运行时间：0.031060s] [吞吐率：32.20req/s] [内存消耗：3,856.37kb] [文件加载：59]
[ info ] [ LANG ] /www/admin/onenet.zhinengyingjian.work_80/wwwroot/thinkphp/lang/zh-cn.php
[ info ] [ ROUTE ] array (
  'type' => 'module',
  'module' => 
  array (
    0 => 'admin',
    1 => 'user',
    2 => 'index',
  ),
)
[ info ] [ HEADER ] array (
  'host' => 'onenet.zhinengyingjian.work',
  'user-agent' => 'Mozilla/5.0 (Windows NT 6.1; Win64; x64; rv:88.0) Gecko/20100101 Firefox/88.0',
  'accept' => '*/*',
  'accept-language' => 'zh-CN,zh;q=0.8,zh-TW;q=0.7,zh-HK;q=0.5,en-US;q=0.3,en;q=0.2',
  'accept-encoding' => 'gzip, deflate',
  'x-requested-with' => 'XMLHttpRequest',
  'connection' => 'keep-alive',
  'referer' => 'http://onenet.zhinengyingjian.work/admin.html',
  'cookie' => 'Hm_lvt_aa2f9869e9b578122e4692de2bd9f80f=1617679458,1618993956,1619597056; td_cookie=267773961; s79ee3df2=0hs9eu7jn9shc6e13kvikep3o6; Hm_lpvt_aa2f9869e9b578122e4692de2bd9f80f=1619597058; menu-style=full; rows=20',
)
[ info ] [ PARAM ] array (
  'spm' => 'm-2-29',
)
[ info ] [ SESSION ] INIT array (
  'id' => '',
  'var_session_id' => '',
  'prefix' => 'think',
  'type' => '',
  'auto_start' => true,
)
[ info ] [ BEHAVIOR ] Run hook\AccessAuth @action_begin [ RunTime:0.001030s ]
[ info ] [ RUN ] app\admin\controller\User->index[ /www/admin/onenet.zhinengyingjian.work_80/wwwroot/application/admin/controller/User.php ]
[ info ] [ DB ] INIT mysql
[ info ] [ VIEW ] /www/admin/onenet.zhinengyingjian.work_80/wwwroot/application/admin/view/user.index.html [ array (
  0 => 'classuri',
  1 => 'title',
  2 => 'list',
  3 => 'page',
) ]
[ info ] [ BEHAVIOR ] Run hook\FilterView @view_filter [ RunTime:0.001335s ]
[ info ] [ LOG ] INIT File
---------------------------------------------------------------
[ 2021-04-28T16:04:31+08:00 ] 120.237.147.92 GET onenet.zhinengyingjian.work/admin/onenetmsg/index.html?spm=m-92-94
[运行时间：0.140085s] [吞吐率：7.14req/s] [内存消耗：3,990.27kb] [文件加载：62]
[ info ] [ LANG ] /www/admin/onenet.zhinengyingjian.work_80/wwwroot/thinkphp/lang/zh-cn.php
[ info ] [ ROUTE ] array (
  'type' => 'module',
  'module' => 
  array (
    0 => 'admin',
    1 => 'onenetmsg',
    2 => 'index',
  ),
)
[ info ] [ HEADER ] array (
  'host' => 'onenet.zhinengyingjian.work',
  'user-agent' => 'Mozilla/5.0 (Windows NT 6.1; Win64; x64; rv:88.0) Gecko/20100101 Firefox/88.0',
  'accept' => '*/*',
  'accept-language' => 'zh-CN,zh;q=0.8,zh-TW;q=0.7,zh-HK;q=0.5,en-US;q=0.3,en;q=0.2',
  'accept-encoding' => 'gzip, deflate',
  'x-requested-with' => 'XMLHttpRequest',
  'connection' => 'keep-alive',
  'referer' => 'http://onenet.zhinengyingjian.work/admin.html',
  'cookie' => 'Hm_lvt_aa2f9869e9b578122e4692de2bd9f80f=1617679458,1618993956,1619597056; td_cookie=267773961; s79ee3df2=0hs9eu7jn9shc6e13kvikep3o6; Hm_lpvt_aa2f9869e9b578122e4692de2bd9f80f=1619597058; menu-style=full; rows=20',
)
[ info ] [ PARAM ] array (
  'spm' => 'm-92-94',
)
[ info ] [ SESSION ] INIT array (
  'id' => '',
  'var_session_id' => '',
  'prefix' => 'think',
  'type' => '',
  'auto_start' => true,
)
[ info ] [ BEHAVIOR ] Run hook\AccessAuth @action_begin [ RunTime:0.001018s ]
[ info ] [ RUN ] app\admin\controller\Onenetmsg->index[ /www/admin/onenet.zhinengyingjian.work_80/wwwroot/application/admin/controller/Onenetmsg.php ]
[ info ] [ API_URL ] 'http://openapi.heclouds.com/application?action=QueryProductList&version=1&project_id=VZ8n3z'
[ info ] [ API_HEADER ] array (
  0 => 'authorization: version=2020-05-29&res=userid%2F223931&et=3239195942&method=sha1&sign=zGGSjM%2F15KBex0D5z0XRdPhr2Pk%3D',
)
[ info ] [ API_PARAM ] array (
  'action' => 'QueryProductList',
  'version' => 1,
  'project_id' => 'VZ8n3z',
)
[ info ] [ API_RESULT ] '{"data":{"list":[{"data_type":1,"desc":"","device_number":3,"name":"TPS508","network":"3,4,2","node_type":1,"product_id":"Y6bOd21O20","protocol":2,"type":1}],"meta":{"limit":10,"offset":0,"total":1}},"requestId":"ec9827db15bf472aa552edb4f3ec9149","success":true}'
[ info ] [ API_HTTP_INFO ] array (
  'url' => 'http://openapi.heclouds.com/application?action=QueryProductList&version=1&project_id=VZ8n3z',
  'content_type' => 'application/json; charset=utf-8',
  'http_code' => 200,
  'header_size' => 140,
  'request_size' => 241,
  'filetime' => -1,
  'ssl_verify_result' => 0,
  'redirect_count' => 0,
  'total_time' => 0.107378,
  'namelookup_time' => 0.0041469999999999996,
  'connect_time' => 0.038593000000000002,
  'pretransfer_time' => 0.038626000000000001,
  'size_upload' => 0,
  'size_download' => 262,
  'speed_download' => 2439,
  'speed_upload' => 0,
  'download_content_length' => 262,
  'upload_content_length' => 0,
  'starttransfer_time' => 0.107358,
  'redirect_time' => 0,
  'redirect_url' => '',
  'primary_ip' => '183.230.102.116',
  'certinfo' => 
  array (
  ),
  'primary_port' => 80,
  'local_ip' => '172.18.62.150',
  'local_port' => 46230,
)
[ info ] [ DB ] INIT mysql
[ info ] [ VIEW ] /www/admin/onenet.zhinengyingjian.work_80/wwwroot/application/admin/view/onenetmsg.index.html [ array (
  0 => 'classuri',
  1 => 'product_ids',
  2 => 'title',
  3 => 'list',
  4 => 'page',
) ]
[ info ] [ BEHAVIOR ] Run hook\FilterView @view_filter [ RunTime:0.001404s ]
[ info ] [ LOG ] INIT File
---------------------------------------------------------------
[ 2021-04-28T16:04:32+08:00 ] 120.237.147.92 GET onenet.zhinengyingjian.work/admin.html
[运行时间：0.034648s] [吞吐率：28.86req/s] [内存消耗：3,852.23kb] [文件加载：58]
[ info ] [ LANG ] /www/admin/onenet.zhinengyingjian.work_80/wwwroot/thinkphp/lang/zh-cn.php
[ info ] [ ROUTE ] array (
  'type' => 'module',
  'module' => 
  array (
    0 => 'admin',
    1 => NULL,
    2 => NULL,
  ),
)
[ info ] [ HEADER ] array (
  'host' => 'onenet.zhinengyingjian.work',
  'user-agent' => 'Mozilla/5.0 (Windows NT 6.1; Win64; x64; rv:88.0) Gecko/20100101 Firefox/88.0',
  'accept' => 'text/html,application/xhtml+xml,application/xml;q=0.9,image/webp,*/*;q=0.8',
  'accept-language' => 'zh-CN,zh;q=0.8,zh-TW;q=0.7,zh-HK;q=0.5,en-US;q=0.3,en;q=0.2',
  'accept-encoding' => 'gzip, deflate',
  'connection' => 'keep-alive',
  'referer' => 'http://onenet.zhinengyingjian.work/admin.html',
  'cookie' => 'Hm_lvt_aa2f9869e9b578122e4692de2bd9f80f=1617679458,1618993956,1619597056; td_cookie=267773961; s79ee3df2=0hs9eu7jn9shc6e13kvikep3o6; Hm_lpvt_aa2f9869e9b578122e4692de2bd9f80f=1619597058; menu-style=full; rows=20',
  'upgrade-insecure-requests' => '1',
)
[ info ] [ PARAM ] array (
)
[ info ] [ SESSION ] INIT array (
  'id' => '',
  'var_session_id' => '',
  'prefix' => 'think',
  'type' => '',
  'auto_start' => true,
)
[ info ] [ BEHAVIOR ] Run hook\AccessAuth @action_begin [ RunTime:0.001051s ]
[ info ] [ RUN ] app\admin\controller\Index->index[ /www/admin/onenet.zhinengyingjian.work_80/wwwroot/application/admin/controller/Index.php ]
[ info ] [ CACHE ] INIT File
[ info ] [ DB ] INIT mysql
[ info ] [ VIEW ] /www/admin/onenet.zhinengyingjian.work_80/wwwroot/application/admin/view/index.index.html [ array (
  0 => 'classuri',
  1 => 'title',
  2 => 'menus',
) ]
[ info ] [ BEHAVIOR ] Run hook\FilterView @view_filter [ RunTime:0.000315s ]
[ info ] [ LOG ] INIT File
---------------------------------------------------------------
[ 2021-04-28T16:04:33+08:00 ] 120.237.147.92 GET onenet.zhinengyingjian.work/admin/onenetmsg/index.html?spm=m-92-94
[运行时间：0.126053s] [吞吐率：7.93req/s] [内存消耗：3,990.25kb] [文件加载：62]
[ info ] [ LANG ] /www/admin/onenet.zhinengyingjian.work_80/wwwroot/thinkphp/lang/zh-cn.php
[ info ] [ ROUTE ] array (
  'type' => 'module',
  'module' => 
  array (
    0 => 'admin',
    1 => 'onenetmsg',
    2 => 'index',
  ),
)
[ info ] [ HEADER ] array (
  'host' => 'onenet.zhinengyingjian.work',
  'user-agent' => 'Mozilla/5.0 (Windows NT 6.1; Win64; x64; rv:88.0) Gecko/20100101 Firefox/88.0',
  'accept' => '*/*',
  'accept-language' => 'zh-CN,zh;q=0.8,zh-TW;q=0.7,zh-HK;q=0.5,en-US;q=0.3,en;q=0.2',
  'accept-encoding' => 'gzip, deflate',
  'x-requested-with' => 'XMLHttpRequest',
  'connection' => 'keep-alive',
  'referer' => 'http://onenet.zhinengyingjian.work/admin.html',
  'cookie' => 'Hm_lvt_aa2f9869e9b578122e4692de2bd9f80f=1617679458,1618993956,1619597056; td_cookie=267773961; s79ee3df2=0hs9eu7jn9shc6e13kvikep3o6; Hm_lpvt_aa2f9869e9b578122e4692de2bd9f80f=1619597073; menu-style=full; rows=20',
)
[ info ] [ PARAM ] array (
  'spm' => 'm-92-94',
)
[ info ] [ SESSION ] INIT array (
  'id' => '',
  'var_session_id' => '',
  'prefix' => 'think',
  'type' => '',
  'auto_start' => true,
)
[ info ] [ BEHAVIOR ] Run hook\AccessAuth @action_begin [ RunTime:0.001033s ]
[ info ] [ RUN ] app\admin\controller\Onenetmsg->index[ /www/admin/onenet.zhinengyingjian.work_80/wwwroot/application/admin/controller/Onenetmsg.php ]
[ info ] [ API_URL ] 'http://openapi.heclouds.com/application?action=QueryProductList&version=1&project_id=VZ8n3z'
[ info ] [ API_HEADER ] array (
  0 => 'authorization: version=2020-05-29&res=userid%2F223931&et=3239195944&method=sha1&sign=cap9fc8meW%2Fh25y2kTWMznauIuk%3D',
)
[ info ] [ API_PARAM ] array (
  'action' => 'QueryProductList',
  'version' => 1,
  'project_id' => 'VZ8n3z',
)
[ info ] [ API_RESULT ] '{"data":{"list":[{"data_type":1,"desc":"","device_number":3,"name":"TPS508","network":"3,4,2","node_type":1,"product_id":"Y6bOd21O20","protocol":2,"type":1}],"meta":{"limit":10,"offset":0,"total":1}},"requestId":"7296401cd4864a048e1b7f606ce3ff3f","success":true}'
[ info ] [ API_HTTP_INFO ] array (
  'url' => 'http://openapi.heclouds.com/application?action=QueryProductList&version=1&project_id=VZ8n3z',
  'content_type' => 'application/json; charset=utf-8',
  'http_code' => 200,
  'header_size' => 140,
  'request_size' => 241,
  'filetime' => -1,
  'ssl_verify_result' => 0,
  'redirect_count' => 0,
  'total_time' => 0.093052000000000024,
  'namelookup_time' => 0.0041450000000000002,
  'connect_time' => 0.034328000000000025,
  'pretransfer_time' => 0.034355000000000024,
  'size_upload' => 0,
  'size_download' => 262,
  'speed_download' => 2815,
  'speed_upload' => 0,
  'download_content_length' => 262,
  'upload_content_length' => 0,
  'starttransfer_time' => 0.093036000000000008,
  'redirect_time' => 0,
  'redirect_url' => '',
  'primary_ip' => '183.230.102.116',
  'certinfo' => 
  array (
  ),
  'primary_port' => 80,
  'local_ip' => '172.18.62.150',
  'local_port' => 46240,
)
[ info ] [ DB ] INIT mysql
[ info ] [ VIEW ] /www/admin/onenet.zhinengyingjian.work_80/wwwroot/application/admin/view/onenetmsg.index.html [ array (
  0 => 'classuri',
  1 => 'product_ids',
  2 => 'title',
  3 => 'list',
  4 => 'page',
) ]
[ info ] [ BEHAVIOR ] Run hook\FilterView @view_filter [ RunTime:0.001342s ]
[ info ] [ LOG ] INIT File
---------------------------------------------------------------
[ 2021-04-28T16:04:34+08:00 ] 120.237.147.92 GET onenet.zhinengyingjian.work/admin/user/index.html?spm=m-2-29
[运行时间：0.032093s] [吞吐率：31.16req/s] [内存消耗：3,856.37kb] [文件加载：59]
[ info ] [ LANG ] /www/admin/onenet.zhinengyingjian.work_80/wwwroot/thinkphp/lang/zh-cn.php
[ info ] [ ROUTE ] array (
  'type' => 'module',
  'module' => 
  array (
    0 => 'admin',
    1 => 'user',
    2 => 'index',
  ),
)
[ info ] [ HEADER ] array (
  'host' => 'onenet.zhinengyingjian.work',
  'user-agent' => 'Mozilla/5.0 (Windows NT 6.1; Win64; x64; rv:88.0) Gecko/20100101 Firefox/88.0',
  'accept' => '*/*',
  'accept-language' => 'zh-CN,zh;q=0.8,zh-TW;q=0.7,zh-HK;q=0.5,en-US;q=0.3,en;q=0.2',
  'accept-encoding' => 'gzip, deflate',
  'x-requested-with' => 'XMLHttpRequest',
  'connection' => 'keep-alive',
  'referer' => 'http://onenet.zhinengyingjian.work/admin.html',
  'cookie' => 'Hm_lvt_aa2f9869e9b578122e4692de2bd9f80f=1617679458,1618993956,1619597056; td_cookie=267773961; s79ee3df2=0hs9eu7jn9shc6e13kvikep3o6; Hm_lpvt_aa2f9869e9b578122e4692de2bd9f80f=1619597073; menu-style=full; rows=20',
)
[ info ] [ PARAM ] array (
  'spm' => 'm-2-29',
)
[ info ] [ SESSION ] INIT array (
  'id' => '',
  'var_session_id' => '',
  'prefix' => 'think',
  'type' => '',
  'auto_start' => true,
)
[ info ] [ BEHAVIOR ] Run hook\AccessAuth @action_begin [ RunTime:0.001065s ]
[ info ] [ RUN ] app\admin\controller\User->index[ /www/admin/onenet.zhinengyingjian.work_80/wwwroot/application/admin/controller/User.php ]
[ info ] [ DB ] INIT mysql
[ info ] [ VIEW ] /www/admin/onenet.zhinengyingjian.work_80/wwwroot/application/admin/view/user.index.html [ array (
  0 => 'classuri',
  1 => 'title',
  2 => 'list',
  3 => 'page',
) ]
[ info ] [ BEHAVIOR ] Run hook\FilterView @view_filter [ RunTime:0.001269s ]
[ info ] [ LOG ] INIT File
---------------------------------------------------------------
[ 2021-04-28T16:04:35+08:00 ] 120.237.147.92 GET onenet.zhinengyingjian.work/admin/onenetmsg/index.html?spm=m-92-94
[运行时间：0.126590s] [吞吐率：7.90req/s] [内存消耗：3,990.14kb] [文件加载：62]
[ info ] [ LANG ] /www/admin/onenet.zhinengyingjian.work_80/wwwroot/thinkphp/lang/zh-cn.php
[ info ] [ ROUTE ] array (
  'type' => 'module',
  'module' => 
  array (
    0 => 'admin',
    1 => 'onenetmsg',
    2 => 'index',
  ),
)
[ info ] [ HEADER ] array (
  'host' => 'onenet.zhinengyingjian.work',
  'user-agent' => 'Mozilla/5.0 (Windows NT 6.1; Win64; x64; rv:88.0) Gecko/20100101 Firefox/88.0',
  'accept' => '*/*',
  'accept-language' => 'zh-CN,zh;q=0.8,zh-TW;q=0.7,zh-HK;q=0.5,en-US;q=0.3,en;q=0.2',
  'accept-encoding' => 'gzip, deflate',
  'x-requested-with' => 'XMLHttpRequest',
  'connection' => 'keep-alive',
  'referer' => 'http://onenet.zhinengyingjian.work/admin.html',
  'cookie' => 'Hm_lvt_aa2f9869e9b578122e4692de2bd9f80f=1617679458,1618993956,1619597056; td_cookie=267773961; s79ee3df2=0hs9eu7jn9shc6e13kvikep3o6; Hm_lpvt_aa2f9869e9b578122e4692de2bd9f80f=1619597073; menu-style=full; rows=20',
)
[ info ] [ PARAM ] array (
  'spm' => 'm-92-94',
)
[ info ] [ SESSION ] INIT array (
  'id' => '',
  'var_session_id' => '',
  'prefix' => 'think',
  'type' => '',
  'auto_start' => true,
)
[ info ] [ BEHAVIOR ] Run hook\AccessAuth @action_begin [ RunTime:0.001042s ]
[ info ] [ RUN ] app\admin\controller\Onenetmsg->index[ /www/admin/onenet.zhinengyingjian.work_80/wwwroot/application/admin/controller/Onenetmsg.php ]
[ info ] [ API_URL ] 'http://openapi.heclouds.com/application?action=QueryProductList&version=1&project_id=VZ8n3z'
[ info ] [ API_HEADER ] array (
  0 => 'authorization: version=2020-05-29&res=userid%2F223931&et=3239195950&method=sha1&sign=udwzyz0UmVREMpKZ2tejif4wzvg%3D',
)
[ info ] [ API_PARAM ] array (
  'action' => 'QueryProductList',
  'version' => 1,
  'project_id' => 'VZ8n3z',
)
[ info ] [ API_RESULT ] '{"data":{"list":[{"data_type":1,"desc":"","device_number":3,"name":"TPS508","network":"3,4,2","node_type":1,"product_id":"Y6bOd21O20","protocol":2,"type":1}],"meta":{"limit":10,"offset":0,"total":1}},"requestId":"6f4446150f8346cfad883446a723187d","success":true}'
[ info ] [ API_HTTP_INFO ] array (
  'url' => 'http://openapi.heclouds.com/application?action=QueryProductList&version=1&project_id=VZ8n3z',
  'content_type' => 'application/json; charset=utf-8',
  'http_code' => 200,
  'header_size' => 140,
  'request_size' => 239,
  'filetime' => -1,
  'ssl_verify_result' => 0,
  'redirect_count' => 0,
  'total_time' => 0.092063000000000006,
  'namelookup_time' => 0.0041399999999999996,
  'connect_time' => 0.032867,
  'pretransfer_time' => 0.032902000000000001,
  'size_upload' => 0,
  'size_download' => 262,
  'speed_download' => 2845,
  'speed_upload' => 0,
  'download_content_length' => 262,
  'upload_content_length' => 0,
  'starttransfer_time' => 0.09204699999999999,
  'redirect_time' => 0,
  'redirect_url' => '',
  'primary_ip' => '183.230.102.116',
  'certinfo' => 
  array (
  ),
  'primary_port' => 80,
  'local_ip' => '172.18.62.150',
  'local_port' => 46250,
)
[ info ] [ DB ] INIT mysql
[ info ] [ VIEW ] /www/admin/onenet.zhinengyingjian.work_80/wwwroot/application/admin/view/onenetmsg.index.html [ array (
  0 => 'classuri',
  1 => 'product_ids',
  2 => 'title',
  3 => 'list',
  4 => 'page',
) ]
[ info ] [ BEHAVIOR ] Run hook\FilterView @view_filter [ RunTime:0.001381s ]
[ info ] [ LOG ] INIT File
---------------------------------------------------------------
[ 2021-04-28T16:04:37+08:00 ] 120.237.147.92 GET onenet.zhinengyingjian.work/admin/user/index.html?spm=m-2-29
[运行时间：0.030494s] [吞吐率：32.79req/s] [内存消耗：3,856.37kb] [文件加载：59]
[ info ] [ LANG ] /www/admin/onenet.zhinengyingjian.work_80/wwwroot/thinkphp/lang/zh-cn.php
[ info ] [ ROUTE ] array (
  'type' => 'module',
  'module' => 
  array (
    0 => 'admin',
    1 => 'user',
    2 => 'index',
  ),
)
[ info ] [ HEADER ] array (
  'host' => 'onenet.zhinengyingjian.work',
  'user-agent' => 'Mozilla/5.0 (Windows NT 6.1; Win64; x64; rv:88.0) Gecko/20100101 Firefox/88.0',
  'accept' => '*/*',
  'accept-language' => 'zh-CN,zh;q=0.8,zh-TW;q=0.7,zh-HK;q=0.5,en-US;q=0.3,en;q=0.2',
  'accept-encoding' => 'gzip, deflate',
  'x-requested-with' => 'XMLHttpRequest',
  'connection' => 'keep-alive',
  'referer' => 'http://onenet.zhinengyingjian.work/admin.html',
  'cookie' => 'Hm_lvt_aa2f9869e9b578122e4692de2bd9f80f=1617679458,1618993956,1619597056; td_cookie=267773961; s79ee3df2=0hs9eu7jn9shc6e13kvikep3o6; Hm_lpvt_aa2f9869e9b578122e4692de2bd9f80f=1619597073; menu-style=full; rows=20',
)
[ info ] [ PARAM ] array (
  'spm' => 'm-2-29',
)
[ info ] [ SESSION ] INIT array (
  'id' => '',
  'var_session_id' => '',
  'prefix' => 'think',
  'type' => '',
  'auto_start' => true,
)
[ info ] [ BEHAVIOR ] Run hook\AccessAuth @action_begin [ RunTime:0.001070s ]
[ info ] [ RUN ] app\admin\controller\User->index[ /www/admin/onenet.zhinengyingjian.work_80/wwwroot/application/admin/controller/User.php ]
[ info ] [ DB ] INIT mysql
[ info ] [ VIEW ] /www/admin/onenet.zhinengyingjian.work_80/wwwroot/application/admin/view/user.index.html [ array (
  0 => 'classuri',
  1 => 'title',
  2 => 'list',
  3 => 'page',
) ]
[ info ] [ BEHAVIOR ] Run hook\FilterView @view_filter [ RunTime:0.001256s ]
[ info ] [ LOG ] INIT File
---------------------------------------------------------------
[ 2021-04-28T17:36:36+08:00 ] 47.103.22.26 GET onenet.zhinengyingjian.work/
[运行时间：0.018088s] [吞吐率：55.29req/s] [内存消耗：2,431.67kb] [文件加载：44]
[ info ] [ LANG ] /www/admin/onenet.zhinengyingjian.work_80/wwwroot/thinkphp/lang/zh-cn.php
[ info ] [ ROUTE ] array (
  'type' => 'module',
  'module' => 
  array (
    0 => '',
    1 => NULL,
    2 => NULL,
  ),
)
[ info ] [ HEADER ] array (
  'user-agent' => 'Mozilla/5.0 (X11; Ubuntu; Linux x86_64; rv:36.0) Gecko/20100101 Firefox/36.0',
  'host' => 'onenet.zhinengyingjian.work',
  'connection' => 'Keep-Alive',
  'accept-encoding' => 'gzip',
)
[ info ] [ PARAM ] array (
)
[ info ] [ BEHAVIOR ] Run hook\AccessAuth @action_begin [ RunTime:0.000238s ]
[ info ] [ RUN ] app\index\controller\Index->index[ /www/admin/onenet.zhinengyingjian.work_80/wwwroot/application/index/controller/Index.php ]
[ info ] [ LOG ] INIT File
---------------------------------------------------------------
[ 2021-04-28T17:36:36+08:00 ] 47.103.22.26 GET onenet.zhinengyingjian.work/admin.html
[运行时间：0.018947s] [吞吐率：52.78req/s] [内存消耗：2,561.92kb] [文件加载：46]
[ info ] [ LANG ] /www/admin/onenet.zhinengyingjian.work_80/wwwroot/thinkphp/lang/zh-cn.php
[ info ] [ ROUTE ] array (
  'type' => 'module',
  'module' => 
  array (
    0 => 'admin',
    1 => NULL,
    2 => NULL,
  ),
)
[ info ] [ HEADER ] array (
  'user-agent' => 'Mozilla/5.0 (X11; Ubuntu; Linux x86_64; rv:36.0) Gecko/20100101 Firefox/36.0',
  'host' => 'onenet.zhinengyingjian.work',
  'connection' => 'Keep-Alive',
  'accept-encoding' => 'gzip',
)
[ info ] [ PARAM ] array (
)
[ info ] [ SESSION ] INIT array (
  'id' => '',
  'var_session_id' => '',
  'prefix' => 'think',
  'type' => '',
  'auto_start' => true,
)
[ info ] [ LOG ] INIT File
---------------------------------------------------------------
[ 2021-04-28T17:36:36+08:00 ] 47.103.22.26 GET onenet.zhinengyingjian.work/admin/login.html
[运行时间：0.026708s] [吞吐率：37.44req/s] [内存消耗：3,593.52kb] [文件加载：52]
[ info ] [ LANG ] /www/admin/onenet.zhinengyingjian.work_80/wwwroot/thinkphp/lang/zh-cn.php
[ info ] [ ROUTE ] array (
  'type' => 'module',
  'module' => 
  array (
    0 => 'admin',
    1 => 'login',
    2 => NULL,
  ),
)
[ info ] [ HEADER ] array (
  'user-agent' => 'Mozilla/5.0 (X11; Ubuntu; Linux x86_64; rv:36.0) Gecko/20100101 Firefox/36.0',
  'host' => 'onenet.zhinengyingjian.work',
  'connection' => 'Keep-Alive',
  'accept-encoding' => 'gzip',
)
[ info ] [ PARAM ] array (
)
[ info ] [ SESSION ] INIT array (
  'id' => '',
  'var_session_id' => '',
  'prefix' => 'think',
  'type' => '',
  'auto_start' => true,
)
[ info ] [ BEHAVIOR ] Run hook\AccessAuth @action_begin [ RunTime:0.000241s ]
[ info ] [ RUN ] app\admin\controller\Login->index[ /www/admin/onenet.zhinengyingjian.work_80/wwwroot/application/admin/controller/Login.php ]
[ info ] [ VIEW ] /www/admin/onenet.zhinengyingjian.work_80/wwwroot/application/admin/view/login.index.html [ array (
  0 => 'classuri',
  1 => 'title',
) ]
[ info ] [ DB ] INIT mysql
[ info ] [ BEHAVIOR ] Run hook\FilterView @view_filter [ RunTime:0.000286s ]
[ info ] [ LOG ] INIT File
---------------------------------------------------------------
[ 2021-04-28T17:49:48+08:00 ] 47.103.99.103 GET onenet.zhinengyingjian.work/
[运行时间：0.019121s] [吞吐率：52.30req/s] [内存消耗：2,431.62kb] [文件加载：44]
[ info ] [ LANG ] /www/admin/onenet.zhinengyingjian.work_80/wwwroot/thinkphp/lang/zh-cn.php
[ info ] [ ROUTE ] array (
  'type' => 'module',
  'module' => 
  array (
    0 => '',
    1 => NULL,
    2 => NULL,
  ),
)
[ info ] [ HEADER ] array (
  'user-agent' => 'Mozilla/5.0 (X11; Ubuntu; Linux x86_64; rv:36.0) Gecko/20100101 Firefox/36.0',
  'host' => 'onenet.zhinengyingjian.work',
  'connection' => 'Keep-Alive',
  'accept-encoding' => 'gzip',
)
[ info ] [ PARAM ] array (
)
[ info ] [ BEHAVIOR ] Run hook\AccessAuth @action_begin [ RunTime:0.000264s ]
[ info ] [ RUN ] app\index\controller\Index->index[ /www/admin/onenet.zhinengyingjian.work_80/wwwroot/application/index/controller/Index.php ]
[ info ] [ LOG ] INIT File
---------------------------------------------------------------
[ 2021-04-28T17:49:48+08:00 ] 47.103.99.103 GET onenet.zhinengyingjian.work/admin.html
[运行时间：0.019692s] [吞吐率：50.78req/s] [内存消耗：2,561.72kb] [文件加载：46]
[ info ] [ LANG ] /www/admin/onenet.zhinengyingjian.work_80/wwwroot/thinkphp/lang/zh-cn.php
[ info ] [ ROUTE ] array (
  'type' => 'module',
  'module' => 
  array (
    0 => 'admin',
    1 => NULL,
    2 => NULL,
  ),
)
[ info ] [ HEADER ] array (
  'user-agent' => 'Mozilla/5.0 (X11; Ubuntu; Linux x86_64; rv:36.0) Gecko/20100101 Firefox/36.0',
  'host' => 'onenet.zhinengyingjian.work',
  'connection' => 'Keep-Alive',
  'accept-encoding' => 'gzip',
)
[ info ] [ PARAM ] array (
)
[ info ] [ SESSION ] INIT array (
  'id' => '',
  'var_session_id' => '',
  'prefix' => 'think',
  'type' => '',
  'auto_start' => true,
)
[ info ] [ LOG ] INIT File
---------------------------------------------------------------
[ 2021-04-28T17:49:48+08:00 ] 47.103.99.103 GET onenet.zhinengyingjian.work/admin/login.html
[运行时间：0.026801s] [吞吐率：37.31req/s] [内存消耗：3,593.20kb] [文件加载：52]
[ info ] [ LANG ] /www/admin/onenet.zhinengyingjian.work_80/wwwroot/thinkphp/lang/zh-cn.php
[ info ] [ ROUTE ] array (
  'type' => 'module',
  'module' => 
  array (
    0 => 'admin',
    1 => 'login',
    2 => NULL,
  ),
)
[ info ] [ HEADER ] array (
  'user-agent' => 'Mozilla/5.0 (X11; Ubuntu; Linux x86_64; rv:36.0) Gecko/20100101 Firefox/36.0',
  'host' => 'onenet.zhinengyingjian.work',
  'connection' => 'Keep-Alive',
  'accept-encoding' => 'gzip',
)
[ info ] [ PARAM ] array (
)
[ info ] [ SESSION ] INIT array (
  'id' => '',
  'var_session_id' => '',
  'prefix' => 'think',
  'type' => '',
  'auto_start' => true,
)
[ info ] [ BEHAVIOR ] Run hook\AccessAuth @action_begin [ RunTime:0.000239s ]
[ info ] [ RUN ] app\admin\controller\Login->index[ /www/admin/onenet.zhinengyingjian.work_80/wwwroot/application/admin/controller/Login.php ]
[ info ] [ VIEW ] /www/admin/onenet.zhinengyingjian.work_80/wwwroot/application/admin/view/login.index.html [ array (
  0 => 'classuri',
  1 => 'title',
) ]
[ info ] [ DB ] INIT mysql
[ info ] [ BEHAVIOR ] Run hook\FilterView @view_filter [ RunTime:0.000317s ]
[ info ] [ LOG ] INIT File
