---------------------------------------------------------------
[ 2021-05-04T12:42:32+08:00 ] 167.99.58.95 GET onenet.zhinengyingjian.work/
[运行时间：0.017888s] [吞吐率：55.90req/s] [内存消耗：2,432.55kb] [文件加载：44]
[ info ] [ LANG ] /www/admin/onenet.zhinengyingjian.work_80/wwwroot/thinkphp/lang/zh-cn.php
[ info ] [ ROUTE ] array (
  'type' => 'module',
  'module' => 
  array (
    0 => '',
    1 => NULL,
    2 => NULL,
  ),
)
[ info ] [ HEADER ] array (
  'host' => 'onenet.zhinengyingjian.work',
  'accept-charset' => 'ISO-8859-1,utf-8;q=0.7,*;q=0.7',
  'user-agent' => 'Mozilla/5.0 (compatible; NetcraftSurveyAgent/1.0; +info@netcraft.com)',
  'accept-encoding' => 'identity',
  'accept' => 'text/xml,application/xml,application/xhtml+xml,text/html;q=0.9,text/plain;q=0.8,image/png,*/*;q=0.5',
  'accept-language' => 'en-gb,en;q=0.5',
  'connection' => 'close',
)
[ info ] [ PARAM ] array (
)
[ info ] [ BEHAVIOR ] Run hook\AccessAuth @action_begin [ RunTime:0.000234s ]
[ info ] [ RUN ] app\index\controller\Index->index[ /www/admin/onenet.zhinengyingjian.work_80/wwwroot/application/index/controller/Index.php ]
[ info ] [ LOG ] INIT File
---------------------------------------------------------------
[ 2021-05-04T12:42:34+08:00 ] 167.99.58.95 GET onenet.zhinengyingjian.work/admin.html
[运行时间：0.019548s] [吞吐率：51.16req/s] [内存消耗：2,562.52kb] [文件加载：46]
[ info ] [ LANG ] /www/admin/onenet.zhinengyingjian.work_80/wwwroot/thinkphp/lang/zh-cn.php
[ info ] [ ROUTE ] array (
  'type' => 'module',
  'module' => 
  array (
    0 => 'admin',
    1 => NULL,
    2 => NULL,
  ),
)
[ info ] [ HEADER ] array (
  'host' => 'onenet.zhinengyingjian.work',
  'accept-charset' => 'ISO-8859-1,utf-8;q=0.7,*;q=0.7',
  'user-agent' => 'Mozilla/5.0 (compatible; NetcraftSurveyAgent/1.0; +info@netcraft.com)',
  'accept-encoding' => 'identity',
  'accept' => 'text/xml,application/xml,application/xhtml+xml,text/html;q=0.9,text/plain;q=0.8,image/png,*/*;q=0.5',
  'accept-language' => 'en-gb,en;q=0.5',
  'connection' => 'close',
)
[ info ] [ PARAM ] array (
)
[ info ] [ SESSION ] INIT array (
  'id' => '',
  'var_session_id' => '',
  'prefix' => 'think',
  'type' => '',
  'auto_start' => true,
)
[ info ] [ LOG ] INIT File
---------------------------------------------------------------
[ 2021-05-04T12:42:36+08:00 ] 167.99.58.95 GET onenet.zhinengyingjian.work/admin/login.html
[运行时间：0.027956s] [吞吐率：35.77req/s] [内存消耗：3,593.98kb] [文件加载：52]
[ info ] [ LANG ] /www/admin/onenet.zhinengyingjian.work_80/wwwroot/thinkphp/lang/zh-cn.php
[ info ] [ ROUTE ] array (
  'type' => 'module',
  'module' => 
  array (
    0 => 'admin',
    1 => 'login',
    2 => NULL,
  ),
)
[ info ] [ HEADER ] array (
  'host' => 'onenet.zhinengyingjian.work',
  'accept-charset' => 'ISO-8859-1,utf-8;q=0.7,*;q=0.7',
  'user-agent' => 'Mozilla/5.0 (compatible; NetcraftSurveyAgent/1.0; +info@netcraft.com)',
  'accept-encoding' => 'identity',
  'accept' => 'text/xml,application/xml,application/xhtml+xml,text/html;q=0.9,text/plain;q=0.8,image/png,*/*;q=0.5',
  'accept-language' => 'en-gb,en;q=0.5',
  'connection' => 'close',
)
[ info ] [ PARAM ] array (
)
[ info ] [ SESSION ] INIT array (
  'id' => '',
  'var_session_id' => '',
  'prefix' => 'think',
  'type' => '',
  'auto_start' => true,
)
[ info ] [ BEHAVIOR ] Run hook\AccessAuth @action_begin [ RunTime:0.000247s ]
[ info ] [ RUN ] app\admin\controller\Login->index[ /www/admin/onenet.zhinengyingjian.work_80/wwwroot/application/admin/controller/Login.php ]
[ info ] [ VIEW ] /www/admin/onenet.zhinengyingjian.work_80/wwwroot/application/admin/view/login.index.html [ array (
  0 => 'classuri',
  1 => 'title',
) ]
[ info ] [ DB ] INIT mysql
[ info ] [ BEHAVIOR ] Run hook\FilterView @view_filter [ RunTime:0.000302s ]
[ info ] [ LOG ] INIT File
---------------------------------------------------------------
[ 2021-05-04T13:37:39+08:00 ] 47.100.99.131 GET onenet.zhinengyingjian.work/
[运行时间：0.018534s] [吞吐率：53.96req/s] [内存消耗：2,431.35kb] [文件加载：44]
[ info ] [ LANG ] /www/admin/onenet.zhinengyingjian.work_80/wwwroot/thinkphp/lang/zh-cn.php
[ info ] [ ROUTE ] array (
  'type' => 'module',
  'module' => 
  array (
    0 => '',
    1 => NULL,
    2 => NULL,
  ),
)
[ info ] [ HEADER ] array (
  'user-agent' => 'Mozilla/5.0 chrome(windows nt/Windows NT;)Chrome',
  'host' => 'onenet.zhinengyingjian.work',
  'connection' => 'Keep-Alive',
  'accept-encoding' => 'gzip',
)
[ info ] [ PARAM ] array (
)
[ info ] [ BEHAVIOR ] Run hook\AccessAuth @action_begin [ RunTime:0.000264s ]
[ info ] [ RUN ] app\index\controller\Index->index[ /www/admin/onenet.zhinengyingjian.work_80/wwwroot/application/index/controller/Index.php ]
[ info ] [ LOG ] INIT File
---------------------------------------------------------------
[ 2021-05-04T13:37:39+08:00 ] 47.100.99.131 GET onenet.zhinengyingjian.work/admin.html
[运行时间：0.018562s] [吞吐率：53.87req/s] [内存消耗：2,561.66kb] [文件加载：46]
[ info ] [ LANG ] /www/admin/onenet.zhinengyingjian.work_80/wwwroot/thinkphp/lang/zh-cn.php
[ info ] [ ROUTE ] array (
  'type' => 'module',
  'module' => 
  array (
    0 => 'admin',
    1 => NULL,
    2 => NULL,
  ),
)
[ info ] [ HEADER ] array (
  'user-agent' => 'Mozilla/5.0 chrome(windows nt/Windows NT;)Chrome',
  'host' => 'onenet.zhinengyingjian.work',
  'connection' => 'Keep-Alive',
  'accept-encoding' => 'gzip',
)
[ info ] [ PARAM ] array (
)
[ info ] [ SESSION ] INIT array (
  'id' => '',
  'var_session_id' => '',
  'prefix' => 'think',
  'type' => '',
  'auto_start' => true,
)
[ info ] [ LOG ] INIT File
---------------------------------------------------------------
[ 2021-05-04T13:37:39+08:00 ] 47.100.99.131 GET onenet.zhinengyingjian.work/admin/login.html
[运行时间：0.027881s] [吞吐率：35.87req/s] [内存消耗：3,593.18kb] [文件加载：52]
[ info ] [ LANG ] /www/admin/onenet.zhinengyingjian.work_80/wwwroot/thinkphp/lang/zh-cn.php
[ info ] [ ROUTE ] array (
  'type' => 'module',
  'module' => 
  array (
    0 => 'admin',
    1 => 'login',
    2 => NULL,
  ),
)
[ info ] [ HEADER ] array (
  'user-agent' => 'Mozilla/5.0 chrome(windows nt/Windows NT;)Chrome',
  'host' => 'onenet.zhinengyingjian.work',
  'connection' => 'Keep-Alive',
  'accept-encoding' => 'gzip',
)
[ info ] [ PARAM ] array (
)
[ info ] [ SESSION ] INIT array (
  'id' => '',
  'var_session_id' => '',
  'prefix' => 'think',
  'type' => '',
  'auto_start' => true,
)
[ info ] [ BEHAVIOR ] Run hook\AccessAuth @action_begin [ RunTime:0.000254s ]
[ info ] [ RUN ] app\admin\controller\Login->index[ /www/admin/onenet.zhinengyingjian.work_80/wwwroot/application/admin/controller/Login.php ]
[ info ] [ VIEW ] /www/admin/onenet.zhinengyingjian.work_80/wwwroot/application/admin/view/login.index.html [ array (
  0 => 'classuri',
  1 => 'title',
) ]
[ info ] [ DB ] INIT mysql
[ info ] [ BEHAVIOR ] Run hook\FilterView @view_filter [ RunTime:0.000287s ]
[ info ] [ LOG ] INIT File
---------------------------------------------------------------
[ 2021-05-04T13:40:24+08:00 ] 101.132.79.89 GET onenet.zhinengyingjian.work/
[运行时间：0.018697s] [吞吐率：53.48req/s] [内存消耗：2,431.35kb] [文件加载：44]
[ info ] [ LANG ] /www/admin/onenet.zhinengyingjian.work_80/wwwroot/thinkphp/lang/zh-cn.php
[ info ] [ ROUTE ] array (
  'type' => 'module',
  'module' => 
  array (
    0 => '',
    1 => NULL,
    2 => NULL,
  ),
)
[ info ] [ HEADER ] array (
  'user-agent' => 'Mozilla/5.0 chrome(windows nt/Windows NT;)Chrome',
  'host' => 'onenet.zhinengyingjian.work',
  'connection' => 'Keep-Alive',
  'accept-encoding' => 'gzip',
)
[ info ] [ PARAM ] array (
)
[ info ] [ BEHAVIOR ] Run hook\AccessAuth @action_begin [ RunTime:0.000241s ]
[ info ] [ RUN ] app\index\controller\Index->index[ /www/admin/onenet.zhinengyingjian.work_80/wwwroot/application/index/controller/Index.php ]
[ info ] [ LOG ] INIT File
---------------------------------------------------------------
[ 2021-05-04T13:40:25+08:00 ] 101.132.79.89 GET onenet.zhinengyingjian.work/admin.html
[运行时间：0.019711s] [吞吐率：50.73req/s] [内存消耗：2,561.66kb] [文件加载：46]
[ info ] [ LANG ] /www/admin/onenet.zhinengyingjian.work_80/wwwroot/thinkphp/lang/zh-cn.php
[ info ] [ ROUTE ] array (
  'type' => 'module',
  'module' => 
  array (
    0 => 'admin',
    1 => NULL,
    2 => NULL,
  ),
)
[ info ] [ HEADER ] array (
  'user-agent' => 'Mozilla/5.0 chrome(windows nt/Windows NT;)Chrome',
  'host' => 'onenet.zhinengyingjian.work',
  'connection' => 'Keep-Alive',
  'accept-encoding' => 'gzip',
)
[ info ] [ PARAM ] array (
)
[ info ] [ SESSION ] INIT array (
  'id' => '',
  'var_session_id' => '',
  'prefix' => 'think',
  'type' => '',
  'auto_start' => true,
)
[ info ] [ LOG ] INIT File
---------------------------------------------------------------
[ 2021-05-04T13:40:25+08:00 ] 101.132.79.89 GET onenet.zhinengyingjian.work/admin/login.html
[运行时间：0.026877s] [吞吐率：37.21req/s] [内存消耗：3,593.18kb] [文件加载：52]
[ info ] [ LANG ] /www/admin/onenet.zhinengyingjian.work_80/wwwroot/thinkphp/lang/zh-cn.php
[ info ] [ ROUTE ] array (
  'type' => 'module',
  'module' => 
  array (
    0 => 'admin',
    1 => 'login',
    2 => NULL,
  ),
)
[ info ] [ HEADER ] array (
  'user-agent' => 'Mozilla/5.0 chrome(windows nt/Windows NT;)Chrome',
  'host' => 'onenet.zhinengyingjian.work',
  'connection' => 'Keep-Alive',
  'accept-encoding' => 'gzip',
)
[ info ] [ PARAM ] array (
)
[ info ] [ SESSION ] INIT array (
  'id' => '',
  'var_session_id' => '',
  'prefix' => 'think',
  'type' => '',
  'auto_start' => true,
)
[ info ] [ BEHAVIOR ] Run hook\AccessAuth @action_begin [ RunTime:0.000231s ]
[ info ] [ RUN ] app\admin\controller\Login->index[ /www/admin/onenet.zhinengyingjian.work_80/wwwroot/application/admin/controller/Login.php ]
[ info ] [ VIEW ] /www/admin/onenet.zhinengyingjian.work_80/wwwroot/application/admin/view/login.index.html [ array (
  0 => 'classuri',
  1 => 'title',
) ]
[ info ] [ DB ] INIT mysql
[ info ] [ BEHAVIOR ] Run hook\FilterView @view_filter [ RunTime:0.000296s ]
[ info ] [ LOG ] INIT File
