---------------------------------------------------------------
[ 2021-03-11T10:17:40+08:00 ] 47.101.189.46 GET onenet.zhinengyingjian.work/
[运行时间：0.017883s] [吞吐率：55.92req/s] [内存消耗：2,431.61kb] [文件加载：44]
[ info ] [ LANG ] /www/admin/onenet.zhinengyingjian.work_80/wwwroot/thinkphp/lang/zh-cn.php
[ info ] [ ROUTE ] array (
  'type' => 'module',
  'module' => 
  array (
    0 => '',
    1 => NULL,
    2 => NULL,
  ),
)
[ info ] [ HEADER ] array (
  'user-agent' => 'Mozilla/5.0 (X11; Ubuntu; Linux x86_64; rv:36.0) Gecko/20100101 Firefox/36.0',
  'host' => 'onenet.zhinengyingjian.work',
  'connection' => 'Keep-Alive',
  'accept-encoding' => 'gzip',
)
[ info ] [ PARAM ] array (
)
[ info ] [ BEHAVIOR ] Run hook\AccessAuth @action_begin [ RunTime:0.000235s ]
[ info ] [ RUN ] app\index\controller\Index->index[ /www/admin/onenet.zhinengyingjian.work_80/wwwroot/application/index/controller/Index.php ]
[ info ] [ LOG ] INIT File
---------------------------------------------------------------
[ 2021-03-11T10:17:40+08:00 ] 47.101.189.46 GET onenet.zhinengyingjian.work/admin.html
[运行时间：0.018825s] [吞吐率：53.12req/s] [内存消耗：2,561.72kb] [文件加载：46]
[ info ] [ LANG ] /www/admin/onenet.zhinengyingjian.work_80/wwwroot/thinkphp/lang/zh-cn.php
[ info ] [ ROUTE ] array (
  'type' => 'module',
  'module' => 
  array (
    0 => 'admin',
    1 => NULL,
    2 => NULL,
  ),
)
[ info ] [ HEADER ] array (
  'user-agent' => 'Mozilla/5.0 (X11; Ubuntu; Linux x86_64; rv:36.0) Gecko/20100101 Firefox/36.0',
  'host' => 'onenet.zhinengyingjian.work',
  'connection' => 'Keep-Alive',
  'accept-encoding' => 'gzip',
)
[ info ] [ PARAM ] array (
)
[ info ] [ SESSION ] INIT array (
  'id' => '',
  'var_session_id' => '',
  'prefix' => 'think',
  'type' => '',
  'auto_start' => true,
)
[ info ] [ LOG ] INIT File
---------------------------------------------------------------
[ 2021-03-11T10:17:40+08:00 ] 47.101.189.46 GET onenet.zhinengyingjian.work/admin/login.html
[运行时间：0.027800s] [吞吐率：35.97req/s] [内存消耗：3,593.20kb] [文件加载：52]
[ info ] [ LANG ] /www/admin/onenet.zhinengyingjian.work_80/wwwroot/thinkphp/lang/zh-cn.php
[ info ] [ ROUTE ] array (
  'type' => 'module',
  'module' => 
  array (
    0 => 'admin',
    1 => 'login',
    2 => NULL,
  ),
)
[ info ] [ HEADER ] array (
  'user-agent' => 'Mozilla/5.0 (X11; Ubuntu; Linux x86_64; rv:36.0) Gecko/20100101 Firefox/36.0',
  'host' => 'onenet.zhinengyingjian.work',
  'connection' => 'Keep-Alive',
  'accept-encoding' => 'gzip',
)
[ info ] [ PARAM ] array (
)
[ info ] [ SESSION ] INIT array (
  'id' => '',
  'var_session_id' => '',
  'prefix' => 'think',
  'type' => '',
  'auto_start' => true,
)
[ info ] [ BEHAVIOR ] Run hook\AccessAuth @action_begin [ RunTime:0.000252s ]
[ info ] [ RUN ] app\admin\controller\Login->index[ /www/admin/onenet.zhinengyingjian.work_80/wwwroot/application/admin/controller/Login.php ]
[ info ] [ VIEW ] /www/admin/onenet.zhinengyingjian.work_80/wwwroot/application/admin/view/login.index.html [ array (
  0 => 'classuri',
  1 => 'title',
) ]
[ info ] [ DB ] INIT mysql
[ info ] [ BEHAVIOR ] Run hook\FilterView @view_filter [ RunTime:0.000295s ]
[ info ] [ LOG ] INIT File
---------------------------------------------------------------
[ 2021-03-11T17:05:45+08:00 ] 36.99.136.138 GET onenet.zhinengyingjian.work/
[运行时间：0.017798s] [吞吐率：56.19req/s] [内存消耗：2,431.55kb] [文件加载：44]
[ info ] [ LANG ] /www/admin/onenet.zhinengyingjian.work_80/wwwroot/thinkphp/lang/zh-cn.php
[ info ] [ ROUTE ] array (
  'type' => 'module',
  'module' => 
  array (
    0 => '',
    1 => NULL,
    2 => NULL,
  ),
)
[ info ] [ HEADER ] array (
  'host' => 'onenet.zhinengyingjian.work',
  'user-agent' => 'Mozilla/5.0 (Windows NT 10.0; Win64; x64) AppleWebKit/537.36 (KHTML, like Gecko) Chrome/72.0.3626.119 Safari/537.36',
  'accept-encoding' => 'gzip',
  'connection' => 'close',
)
[ info ] [ PARAM ] array (
)
[ info ] [ BEHAVIOR ] Run hook\AccessAuth @action_begin [ RunTime:0.000228s ]
[ info ] [ RUN ] app\index\controller\Index->index[ /www/admin/onenet.zhinengyingjian.work_80/wwwroot/application/index/controller/Index.php ]
[ info ] [ LOG ] INIT File
---------------------------------------------------------------
[ 2021-03-11T17:05:45+08:00 ] 36.99.136.143 GET onenet.zhinengyingjian.work/admin.html
[运行时间：0.019558s] [吞吐率：51.13req/s] [内存消耗：2,562.02kb] [文件加载：46]
[ info ] [ LANG ] /www/admin/onenet.zhinengyingjian.work_80/wwwroot/thinkphp/lang/zh-cn.php
[ info ] [ ROUTE ] array (
  'type' => 'module',
  'module' => 
  array (
    0 => 'admin',
    1 => NULL,
    2 => NULL,
  ),
)
[ info ] [ HEADER ] array (
  'host' => 'onenet.zhinengyingjian.work',
  'user-agent' => 'Mozilla/5.0 (Windows NT 10.0; Win64; x64) AppleWebKit/537.36 (KHTML, like Gecko) Chrome/72.0.3626.119 Safari/537.36',
  'referer' => 'http://onenet.zhinengyingjian.work',
  'accept-encoding' => 'gzip',
  'connection' => 'close',
)
[ info ] [ PARAM ] array (
)
[ info ] [ SESSION ] INIT array (
  'id' => '',
  'var_session_id' => '',
  'prefix' => 'think',
  'type' => '',
  'auto_start' => true,
)
[ info ] [ LOG ] INIT File
---------------------------------------------------------------
[ 2021-03-11T17:05:46+08:00 ] 36.99.136.140 GET onenet.zhinengyingjian.work/admin/login.html
[运行时间：0.027529s] [吞吐率：36.33req/s] [内存消耗：3,593.39kb] [文件加载：52]
[ info ] [ LANG ] /www/admin/onenet.zhinengyingjian.work_80/wwwroot/thinkphp/lang/zh-cn.php
[ info ] [ ROUTE ] array (
  'type' => 'module',
  'module' => 
  array (
    0 => 'admin',
    1 => 'login',
    2 => NULL,
  ),
)
[ info ] [ HEADER ] array (
  'host' => 'onenet.zhinengyingjian.work',
  'user-agent' => 'Mozilla/5.0 (Windows NT 10.0; Win64; x64) AppleWebKit/537.36 (KHTML, like Gecko) Chrome/72.0.3626.119 Safari/537.36',
  'referer' => 'http://onenet.zhinengyingjian.work/admin.html',
  'accept-encoding' => 'gzip',
  'connection' => 'close',
)
[ info ] [ PARAM ] array (
)
[ info ] [ SESSION ] INIT array (
  'id' => '',
  'var_session_id' => '',
  'prefix' => 'think',
  'type' => '',
  'auto_start' => true,
)
[ info ] [ BEHAVIOR ] Run hook\AccessAuth @action_begin [ RunTime:0.000241s ]
[ info ] [ RUN ] app\admin\controller\Login->index[ /www/admin/onenet.zhinengyingjian.work_80/wwwroot/application/admin/controller/Login.php ]
[ info ] [ VIEW ] /www/admin/onenet.zhinengyingjian.work_80/wwwroot/application/admin/view/login.index.html [ array (
  0 => 'classuri',
  1 => 'title',
) ]
[ info ] [ DB ] INIT mysql
[ info ] [ BEHAVIOR ] Run hook\FilterView @view_filter [ RunTime:0.000301s ]
[ info ] [ LOG ] INIT File
---------------------------------------------------------------
[ 2021-03-11T17:16:13+08:00 ] 218.201.45.100 GET onenet.zhinengyingjian.work/datapush/receive.php
[运行时间：0.016573s] [吞吐率：60.34req/s] [内存消耗：2,029.09kb] [文件加载：36]
[ info ] [ LANG ] /www/admin/onenet.zhinengyingjian.work_80/wwwroot/thinkphp/lang/zh-cn.php
[ info ] [ ROUTE ] array (
  'type' => 'module',
  'module' => 
  array (
    0 => 'error',
    1 => '400',
    2 => NULL,
  ),
)
[ info ] [ HEADER ] array (
  'host' => 'onenet.zhinengyingjian.work',
  'accept' => '*/*',
  'accept-encoding' => '*',
  'user-agent' => 'OneNET',
  'content-type' => 'application/json',
  'content-length' => '306',
)
[ info ] [ PARAM ] array (
)
[ info ] [ LOG ] INIT File
---------------------------------------------------------------
[ 2021-03-11T17:16:18+08:00 ] 218.201.45.100 GET onenet.zhinengyingjian.work/datapush/receive.php
[运行时间：0.016453s] [吞吐率：60.78req/s] [内存消耗：2,029.09kb] [文件加载：36]
[ info ] [ LANG ] /www/admin/onenet.zhinengyingjian.work_80/wwwroot/thinkphp/lang/zh-cn.php
[ info ] [ ROUTE ] array (
  'type' => 'module',
  'module' => 
  array (
    0 => 'error',
    1 => '400',
    2 => NULL,
  ),
)
[ info ] [ HEADER ] array (
  'host' => 'onenet.zhinengyingjian.work',
  'accept' => '*/*',
  'accept-encoding' => '*',
  'user-agent' => 'OneNET',
  'content-type' => 'application/json',
  'content-length' => '306',
)
[ info ] [ PARAM ] array (
)
[ info ] [ LOG ] INIT File
---------------------------------------------------------------
[ 2021-03-11T17:16:29+08:00 ] 218.201.45.100 GET onenet.zhinengyingjian.work/datapush/receive.php
[运行时间：0.016114s] [吞吐率：62.06req/s] [内存消耗：2,029.09kb] [文件加载：36]
[ info ] [ LANG ] /www/admin/onenet.zhinengyingjian.work_80/wwwroot/thinkphp/lang/zh-cn.php
[ info ] [ ROUTE ] array (
  'type' => 'module',
  'module' => 
  array (
    0 => 'error',
    1 => '400',
    2 => NULL,
  ),
)
[ info ] [ HEADER ] array (
  'host' => 'onenet.zhinengyingjian.work',
  'accept' => '*/*',
  'accept-encoding' => '*',
  'user-agent' => 'OneNET',
  'content-type' => 'application/json',
  'content-length' => '306',
)
[ info ] [ PARAM ] array (
)
[ info ] [ LOG ] INIT File
---------------------------------------------------------------
[ 2021-03-11T17:16:59+08:00 ] 218.201.45.100 GET onenet.zhinengyingjian.work/datapush/receive.php
[运行时间：0.015864s] [吞吐率：63.04req/s] [内存消耗：2,029.09kb] [文件加载：36]
[ info ] [ LANG ] /www/admin/onenet.zhinengyingjian.work_80/wwwroot/thinkphp/lang/zh-cn.php
[ info ] [ ROUTE ] array (
  'type' => 'module',
  'module' => 
  array (
    0 => 'error',
    1 => '400',
    2 => NULL,
  ),
)
[ info ] [ HEADER ] array (
  'host' => 'onenet.zhinengyingjian.work',
  'accept' => '*/*',
  'accept-encoding' => '*',
  'user-agent' => 'OneNET',
  'content-type' => 'application/json',
  'content-length' => '306',
)
[ info ] [ PARAM ] array (
)
[ info ] [ LOG ] INIT File
---------------------------------------------------------------
[ 2021-03-11T17:17:59+08:00 ] 218.201.45.100 GET onenet.zhinengyingjian.work/datapush/receive.php
[运行时间：0.015961s] [吞吐率：62.65req/s] [内存消耗：2,029.09kb] [文件加载：36]
[ info ] [ LANG ] /www/admin/onenet.zhinengyingjian.work_80/wwwroot/thinkphp/lang/zh-cn.php
[ info ] [ ROUTE ] array (
  'type' => 'module',
  'module' => 
  array (
    0 => 'error',
    1 => '400',
    2 => NULL,
  ),
)
[ info ] [ HEADER ] array (
  'host' => 'onenet.zhinengyingjian.work',
  'accept' => '*/*',
  'accept-encoding' => '*',
  'user-agent' => 'OneNET',
  'content-type' => 'application/json',
  'content-length' => '306',
)
[ info ] [ PARAM ] array (
)
[ info ] [ LOG ] INIT File
---------------------------------------------------------------
[ 2021-03-11T17:20:00+08:00 ] 218.201.45.100 GET onenet.zhinengyingjian.work/datapush/receive.php
[运行时间：0.015902s] [吞吐率：62.89req/s] [内存消耗：2,029.09kb] [文件加载：36]
[ info ] [ LANG ] /www/admin/onenet.zhinengyingjian.work_80/wwwroot/thinkphp/lang/zh-cn.php
[ info ] [ ROUTE ] array (
  'type' => 'module',
  'module' => 
  array (
    0 => 'error',
    1 => '400',
    2 => NULL,
  ),
)
[ info ] [ HEADER ] array (
  'host' => 'onenet.zhinengyingjian.work',
  'accept' => '*/*',
  'accept-encoding' => '*',
  'user-agent' => 'OneNET',
  'content-type' => 'application/json',
  'content-length' => '306',
)
[ info ] [ PARAM ] array (
)
[ info ] [ LOG ] INIT File
---------------------------------------------------------------
[ 2021-03-11T17:23:00+08:00 ] 218.201.45.100 GET onenet.zhinengyingjian.work/datapush/receive.php
[运行时间：0.016606s] [吞吐率：60.22req/s] [内存消耗：2,029.09kb] [文件加载：36]
[ info ] [ LANG ] /www/admin/onenet.zhinengyingjian.work_80/wwwroot/thinkphp/lang/zh-cn.php
[ info ] [ ROUTE ] array (
  'type' => 'module',
  'module' => 
  array (
    0 => 'error',
    1 => '400',
    2 => NULL,
  ),
)
[ info ] [ HEADER ] array (
  'host' => 'onenet.zhinengyingjian.work',
  'accept' => '*/*',
  'accept-encoding' => '*',
  'user-agent' => 'OneNET',
  'content-type' => 'application/json',
  'content-length' => '306',
)
[ info ] [ PARAM ] array (
)
[ info ] [ LOG ] INIT File
---------------------------------------------------------------
[ 2021-03-11T17:27:02+08:00 ] 218.201.45.100 GET onenet.zhinengyingjian.work/datapush/receive.php
[运行时间：0.016543s] [吞吐率：60.45req/s] [内存消耗：2,029.09kb] [文件加载：36]
[ info ] [ LANG ] /www/admin/onenet.zhinengyingjian.work_80/wwwroot/thinkphp/lang/zh-cn.php
[ info ] [ ROUTE ] array (
  'type' => 'module',
  'module' => 
  array (
    0 => 'error',
    1 => '400',
    2 => NULL,
  ),
)
[ info ] [ HEADER ] array (
  'host' => 'onenet.zhinengyingjian.work',
  'accept' => '*/*',
  'accept-encoding' => '*',
  'user-agent' => 'OneNET',
  'content-type' => 'application/json',
  'content-length' => '306',
)
[ info ] [ PARAM ] array (
)
[ info ] [ LOG ] INIT File
---------------------------------------------------------------
[ 2021-03-11T17:32:03+08:00 ] 218.201.45.100 GET onenet.zhinengyingjian.work/datapush/receive.php
[运行时间：0.016524s] [吞吐率：60.52req/s] [内存消耗：2,029.09kb] [文件加载：36]
[ info ] [ LANG ] /www/admin/onenet.zhinengyingjian.work_80/wwwroot/thinkphp/lang/zh-cn.php
[ info ] [ ROUTE ] array (
  'type' => 'module',
  'module' => 
  array (
    0 => 'error',
    1 => '400',
    2 => NULL,
  ),
)
[ info ] [ HEADER ] array (
  'host' => 'onenet.zhinengyingjian.work',
  'accept' => '*/*',
  'accept-encoding' => '*',
  'user-agent' => 'OneNET',
  'content-type' => 'application/json',
  'content-length' => '306',
)
[ info ] [ PARAM ] array (
)
[ info ] [ LOG ] INIT File
---------------------------------------------------------------
[ 2021-03-11T17:38:04+08:00 ] 218.201.45.100 GET onenet.zhinengyingjian.work/datapush/receive.php
[运行时间：0.016286s] [吞吐率：61.40req/s] [内存消耗：2,029.09kb] [文件加载：36]
[ info ] [ LANG ] /www/admin/onenet.zhinengyingjian.work_80/wwwroot/thinkphp/lang/zh-cn.php
[ info ] [ ROUTE ] array (
  'type' => 'module',
  'module' => 
  array (
    0 => 'error',
    1 => '400',
    2 => NULL,
  ),
)
[ info ] [ HEADER ] array (
  'host' => 'onenet.zhinengyingjian.work',
  'accept' => '*/*',
  'accept-encoding' => '*',
  'user-agent' => 'OneNET',
  'content-type' => 'application/json',
  'content-length' => '306',
)
[ info ] [ PARAM ] array (
)
[ info ] [ LOG ] INIT File
---------------------------------------------------------------
[ 2021-03-11T17:45:04+08:00 ] 218.201.45.100 GET onenet.zhinengyingjian.work/datapush/receive.php
[运行时间：0.016061s] [吞吐率：62.26req/s] [内存消耗：2,029.09kb] [文件加载：36]
[ info ] [ LANG ] /www/admin/onenet.zhinengyingjian.work_80/wwwroot/thinkphp/lang/zh-cn.php
[ info ] [ ROUTE ] array (
  'type' => 'module',
  'module' => 
  array (
    0 => 'error',
    1 => '400',
    2 => NULL,
  ),
)
[ info ] [ HEADER ] array (
  'host' => 'onenet.zhinengyingjian.work',
  'accept' => '*/*',
  'accept-encoding' => '*',
  'user-agent' => 'OneNET',
  'content-type' => 'application/json',
  'content-length' => '306',
)
[ info ] [ PARAM ] array (
)
[ info ] [ LOG ] INIT File
---------------------------------------------------------------
[ 2021-03-11T17:53:05+08:00 ] 218.201.45.100 GET onenet.zhinengyingjian.work/datapush/receive.php
[运行时间：0.016551s] [吞吐率：60.42req/s] [内存消耗：2,029.09kb] [文件加载：36]
[ info ] [ LANG ] /www/admin/onenet.zhinengyingjian.work_80/wwwroot/thinkphp/lang/zh-cn.php
[ info ] [ ROUTE ] array (
  'type' => 'module',
  'module' => 
  array (
    0 => 'error',
    1 => '400',
    2 => NULL,
  ),
)
[ info ] [ HEADER ] array (
  'host' => 'onenet.zhinengyingjian.work',
  'accept' => '*/*',
  'accept-encoding' => '*',
  'user-agent' => 'OneNET',
  'content-type' => 'application/json',
  'content-length' => '306',
)
[ info ] [ PARAM ] array (
)
[ info ] [ LOG ] INIT File
---------------------------------------------------------------
[ 2021-03-11T18:02:06+08:00 ] 218.201.45.100 GET onenet.zhinengyingjian.work/datapush/receive.php
[运行时间：0.016309s] [吞吐率：61.32req/s] [内存消耗：2,029.09kb] [文件加载：36]
[ info ] [ LANG ] /www/admin/onenet.zhinengyingjian.work_80/wwwroot/thinkphp/lang/zh-cn.php
[ info ] [ ROUTE ] array (
  'type' => 'module',
  'module' => 
  array (
    0 => 'error',
    1 => '400',
    2 => NULL,
  ),
)
[ info ] [ HEADER ] array (
  'host' => 'onenet.zhinengyingjian.work',
  'accept' => '*/*',
  'accept-encoding' => '*',
  'user-agent' => 'OneNET',
  'content-type' => 'application/json',
  'content-length' => '306',
)
[ info ] [ PARAM ] array (
)
[ info ] [ LOG ] INIT File
---------------------------------------------------------------
[ 2021-03-11T18:12:07+08:00 ] 218.201.45.100 GET onenet.zhinengyingjian.work/datapush/receive.php
[运行时间：0.016008s] [吞吐率：62.47req/s] [内存消耗：2,029.09kb] [文件加载：36]
[ info ] [ LANG ] /www/admin/onenet.zhinengyingjian.work_80/wwwroot/thinkphp/lang/zh-cn.php
[ info ] [ ROUTE ] array (
  'type' => 'module',
  'module' => 
  array (
    0 => 'error',
    1 => '400',
    2 => NULL,
  ),
)
[ info ] [ HEADER ] array (
  'host' => 'onenet.zhinengyingjian.work',
  'accept' => '*/*',
  'accept-encoding' => '*',
  'user-agent' => 'OneNET',
  'content-type' => 'application/json',
  'content-length' => '306',
)
[ info ] [ PARAM ] array (
)
[ info ] [ LOG ] INIT File
---------------------------------------------------------------
[ 2021-03-11T18:32:08+08:00 ] 218.201.45.100 GET onenet.zhinengyingjian.work/datapush/receive.php
[运行时间：0.016123s] [吞吐率：62.02req/s] [内存消耗：2,029.09kb] [文件加载：36]
[ info ] [ LANG ] /www/admin/onenet.zhinengyingjian.work_80/wwwroot/thinkphp/lang/zh-cn.php
[ info ] [ ROUTE ] array (
  'type' => 'module',
  'module' => 
  array (
    0 => 'error',
    1 => '400',
    2 => NULL,
  ),
)
[ info ] [ HEADER ] array (
  'host' => 'onenet.zhinengyingjian.work',
  'accept' => '*/*',
  'accept-encoding' => '*',
  'user-agent' => 'OneNET',
  'content-type' => 'application/json',
  'content-length' => '306',
)
[ info ] [ PARAM ] array (
)
[ info ] [ LOG ] INIT File
---------------------------------------------------------------
[ 2021-03-11T19:02:09+08:00 ] 218.201.45.100 GET onenet.zhinengyingjian.work/datapush/receive.php
[运行时间：0.016245s] [吞吐率：61.56req/s] [内存消耗：2,029.09kb] [文件加载：36]
[ info ] [ LANG ] /www/admin/onenet.zhinengyingjian.work_80/wwwroot/thinkphp/lang/zh-cn.php
[ info ] [ ROUTE ] array (
  'type' => 'module',
  'module' => 
  array (
    0 => 'error',
    1 => '400',
    2 => NULL,
  ),
)
[ info ] [ HEADER ] array (
  'host' => 'onenet.zhinengyingjian.work',
  'accept' => '*/*',
  'accept-encoding' => '*',
  'user-agent' => 'OneNET',
  'content-type' => 'application/json',
  'content-length' => '306',
)
[ info ] [ PARAM ] array (
)
[ info ] [ LOG ] INIT File
---------------------------------------------------------------
[ 2021-03-11T20:02:10+08:00 ] 218.201.45.100 GET onenet.zhinengyingjian.work/datapush/receive.php
[运行时间：0.015896s] [吞吐率：62.91req/s] [内存消耗：2,029.09kb] [文件加载：36]
[ info ] [ LANG ] /www/admin/onenet.zhinengyingjian.work_80/wwwroot/thinkphp/lang/zh-cn.php
[ info ] [ ROUTE ] array (
  'type' => 'module',
  'module' => 
  array (
    0 => 'error',
    1 => '400',
    2 => NULL,
  ),
)
[ info ] [ HEADER ] array (
  'host' => 'onenet.zhinengyingjian.work',
  'accept' => '*/*',
  'accept-encoding' => '*',
  'user-agent' => 'OneNET',
  'content-type' => 'application/json',
  'content-length' => '306',
)
[ info ] [ PARAM ] array (
)
[ info ] [ LOG ] INIT File
---------------------------------------------------------------
[ 2021-03-11T20:12:15+08:00 ] 120.237.147.91 GET onenet.zhinengyingjian.work/
[运行时间：0.018454s] [吞吐率：54.19req/s] [内存消耗：2,433.25kb] [文件加载：44]
[ info ] [ LANG ] /www/admin/onenet.zhinengyingjian.work_80/wwwroot/thinkphp/lang/zh-cn.php
[ info ] [ ROUTE ] array (
  'type' => 'module',
  'module' => 
  array (
    0 => '',
    1 => NULL,
    2 => NULL,
  ),
)
[ info ] [ HEADER ] array (
  'host' => 'onenet.zhinengyingjian.work',
  'user-agent' => 'Mozilla/5.0 (Windows NT 6.1; Win64; x64; rv:86.0) Gecko/20100101 Firefox/86.0',
  'accept' => 'text/html,application/xhtml+xml,application/xml;q=0.9,image/webp,*/*;q=0.8',
  'accept-language' => 'zh-CN,zh;q=0.8,zh-TW;q=0.7,zh-HK;q=0.5,en-US;q=0.3,en;q=0.2',
  'accept-encoding' => 'gzip, deflate',
  'connection' => 'keep-alive',
  'cookie' => 'Hm_lvt_aa2f9869e9b578122e4692de2bd9f80f=1615167911,1615169832,1615208176,1615254867; td_cookie=220027935',
  'upgrade-insecure-requests' => '1',
)
[ info ] [ PARAM ] array (
)
[ info ] [ BEHAVIOR ] Run hook\AccessAuth @action_begin [ RunTime:0.000239s ]
[ info ] [ RUN ] app\index\controller\Index->index[ /www/admin/onenet.zhinengyingjian.work_80/wwwroot/application/index/controller/Index.php ]
[ info ] [ LOG ] INIT File
---------------------------------------------------------------
[ 2021-03-11T20:12:15+08:00 ] 120.237.147.91 GET onenet.zhinengyingjian.work/admin.html
[运行时间：0.018882s] [吞吐率：52.96req/s] [内存消耗：2,563.25kb] [文件加载：46]
[ info ] [ LANG ] /www/admin/onenet.zhinengyingjian.work_80/wwwroot/thinkphp/lang/zh-cn.php
[ info ] [ ROUTE ] array (
  'type' => 'module',
  'module' => 
  array (
    0 => 'admin',
    1 => NULL,
    2 => NULL,
  ),
)
[ info ] [ HEADER ] array (
  'host' => 'onenet.zhinengyingjian.work',
  'user-agent' => 'Mozilla/5.0 (Windows NT 6.1; Win64; x64; rv:86.0) Gecko/20100101 Firefox/86.0',
  'accept' => 'text/html,application/xhtml+xml,application/xml;q=0.9,image/webp,*/*;q=0.8',
  'accept-language' => 'zh-CN,zh;q=0.8,zh-TW;q=0.7,zh-HK;q=0.5,en-US;q=0.3,en;q=0.2',
  'accept-encoding' => 'gzip, deflate',
  'connection' => 'keep-alive',
  'cookie' => 'Hm_lvt_aa2f9869e9b578122e4692de2bd9f80f=1615167911,1615169832,1615208176,1615254867; td_cookie=220027935',
  'upgrade-insecure-requests' => '1',
)
[ info ] [ PARAM ] array (
)
[ info ] [ SESSION ] INIT array (
  'id' => '',
  'var_session_id' => '',
  'prefix' => 'think',
  'type' => '',
  'auto_start' => true,
)
[ info ] [ LOG ] INIT File
---------------------------------------------------------------
[ 2021-03-11T20:12:15+08:00 ] 120.237.147.91 GET onenet.zhinengyingjian.work/admin/login.html
[运行时间：0.027453s] [吞吐率：36.43req/s] [内存消耗：3,594.24kb] [文件加载：52]
[ info ] [ LANG ] /www/admin/onenet.zhinengyingjian.work_80/wwwroot/thinkphp/lang/zh-cn.php
[ info ] [ ROUTE ] array (
  'type' => 'module',
  'module' => 
  array (
    0 => 'admin',
    1 => 'login',
    2 => NULL,
  ),
)
[ info ] [ HEADER ] array (
  'host' => 'onenet.zhinengyingjian.work',
  'user-agent' => 'Mozilla/5.0 (Windows NT 6.1; Win64; x64; rv:86.0) Gecko/20100101 Firefox/86.0',
  'accept' => 'text/html,application/xhtml+xml,application/xml;q=0.9,image/webp,*/*;q=0.8',
  'accept-language' => 'zh-CN,zh;q=0.8,zh-TW;q=0.7,zh-HK;q=0.5,en-US;q=0.3,en;q=0.2',
  'accept-encoding' => 'gzip, deflate',
  'connection' => 'keep-alive',
  'cookie' => 'Hm_lvt_aa2f9869e9b578122e4692de2bd9f80f=1615167911,1615169832,1615208176,1615254867; td_cookie=220027935; s79ee3df2=f7a2iusbh6mcs6ag2nuck8f603',
  'upgrade-insecure-requests' => '1',
)
[ info ] [ PARAM ] array (
)
[ info ] [ SESSION ] INIT array (
  'id' => '',
  'var_session_id' => '',
  'prefix' => 'think',
  'type' => '',
  'auto_start' => true,
)
[ info ] [ BEHAVIOR ] Run hook\AccessAuth @action_begin [ RunTime:0.000238s ]
[ info ] [ RUN ] app\admin\controller\Login->index[ /www/admin/onenet.zhinengyingjian.work_80/wwwroot/application/admin/controller/Login.php ]
[ info ] [ VIEW ] /www/admin/onenet.zhinengyingjian.work_80/wwwroot/application/admin/view/login.index.html [ array (
  0 => 'classuri',
  1 => 'title',
) ]
[ info ] [ DB ] INIT mysql
[ info ] [ BEHAVIOR ] Run hook\FilterView @view_filter [ RunTime:0.000322s ]
[ info ] [ LOG ] INIT File
---------------------------------------------------------------
[ 2021-03-11T20:12:22+08:00 ] 120.237.147.91 POST onenet.zhinengyingjian.work/admin/login.html?spm=
[运行时间：0.049759s] [吞吐率：20.10req/s] [内存消耗：3,757.77kb] [文件加载：57]
[ info ] [ LANG ] /www/admin/onenet.zhinengyingjian.work_80/wwwroot/thinkphp/lang/zh-cn.php
[ info ] [ ROUTE ] array (
  'type' => 'module',
  'module' => 
  array (
    0 => 'admin',
    1 => 'login',
    2 => NULL,
  ),
)
[ info ] [ HEADER ] array (
  'host' => 'onenet.zhinengyingjian.work',
  'user-agent' => 'Mozilla/5.0 (Windows NT 6.1; Win64; x64; rv:86.0) Gecko/20100101 Firefox/86.0',
  'accept' => '*/*',
  'accept-language' => 'zh-CN,zh;q=0.8,zh-TW;q=0.7,zh-HK;q=0.5,en-US;q=0.3,en;q=0.2',
  'accept-encoding' => 'gzip, deflate',
  'x-requested-with' => 'XMLHttpRequest',
  'origin' => 'http://onenet.zhinengyingjian.work',
  'connection' => 'keep-alive',
  'referer' => 'http://onenet.zhinengyingjian.work/admin/login.html',
  'cookie' => 'Hm_lvt_aa2f9869e9b578122e4692de2bd9f80f=1615169832,1615208176,1615254867,1615464737; td_cookie=220027935; s79ee3df2=f7a2iusbh6mcs6ag2nuck8f603; Hm_lpvt_aa2f9869e9b578122e4692de2bd9f80f=1615464737',
  'content-type' => 'application/x-www-form-urlencoded; charset=UTF-8',
  'content-length' => '49',
)
[ info ] [ PARAM ] array (
  'spm' => '',
  'username' => 'admin',
  'password' => 'admin',
)
[ info ] [ SESSION ] INIT array (
  'id' => '',
  'var_session_id' => '',
  'prefix' => 'think',
  'type' => '',
  'auto_start' => true,
)
[ info ] [ BEHAVIOR ] Run hook\AccessAuth @action_begin [ RunTime:0.000241s ]
[ info ] [ RUN ] app\admin\controller\Login->index[ /www/admin/onenet.zhinengyingjian.work_80/wwwroot/application/admin/controller/Login.php ]
[ info ] [ DB ] INIT mysql
[ info ] [ CACHE ] INIT File
[ info ] [ LOG ] INIT File
---------------------------------------------------------------
[ 2021-03-11T20:12:23+08:00 ] 120.237.147.91 GET onenet.zhinengyingjian.work/admin.html
[运行时间：0.033811s] [吞吐率：29.58req/s] [内存消耗：3,852.13kb] [文件加载：58]
[ info ] [ LANG ] /www/admin/onenet.zhinengyingjian.work_80/wwwroot/thinkphp/lang/zh-cn.php
[ info ] [ ROUTE ] array (
  'type' => 'module',
  'module' => 
  array (
    0 => 'admin',
    1 => NULL,
    2 => NULL,
  ),
)
[ info ] [ HEADER ] array (
  'host' => 'onenet.zhinengyingjian.work',
  'user-agent' => 'Mozilla/5.0 (Windows NT 6.1; Win64; x64; rv:86.0) Gecko/20100101 Firefox/86.0',
  'accept' => 'text/html,application/xhtml+xml,application/xml;q=0.9,image/webp,*/*;q=0.8',
  'accept-language' => 'zh-CN,zh;q=0.8,zh-TW;q=0.7,zh-HK;q=0.5,en-US;q=0.3,en;q=0.2',
  'accept-encoding' => 'gzip, deflate',
  'connection' => 'keep-alive',
  'referer' => 'http://onenet.zhinengyingjian.work/admin.html',
  'cookie' => 'Hm_lvt_aa2f9869e9b578122e4692de2bd9f80f=1615169832,1615208176,1615254867,1615464737; td_cookie=429926231; s79ee3df2=f7a2iusbh6mcs6ag2nuck8f603; Hm_lpvt_aa2f9869e9b578122e4692de2bd9f80f=1615464737',
  'upgrade-insecure-requests' => '1',
)
[ info ] [ PARAM ] array (
)
[ info ] [ SESSION ] INIT array (
  'id' => '',
  'var_session_id' => '',
  'prefix' => 'think',
  'type' => '',
  'auto_start' => true,
)
[ info ] [ BEHAVIOR ] Run hook\AccessAuth @action_begin [ RunTime:0.001036s ]
[ info ] [ RUN ] app\admin\controller\Index->index[ /www/admin/onenet.zhinengyingjian.work_80/wwwroot/application/admin/controller/Index.php ]
[ info ] [ CACHE ] INIT File
[ info ] [ DB ] INIT mysql
[ info ] [ VIEW ] /www/admin/onenet.zhinengyingjian.work_80/wwwroot/application/admin/view/index.index.html [ array (
  0 => 'classuri',
  1 => 'title',
  2 => 'menus',
) ]
[ info ] [ BEHAVIOR ] Run hook\FilterView @view_filter [ RunTime:0.000294s ]
[ info ] [ LOG ] INIT File
---------------------------------------------------------------
[ 2021-03-11T20:12:23+08:00 ] 120.237.147.91 GET onenet.zhinengyingjian.work/admin/onenetmsg/index.html?spm=m-92-94
[运行时间：0.188416s] [吞吐率：5.31req/s] [内存消耗：3,978.86kb] [文件加载：62]
[ info ] [ LANG ] /www/admin/onenet.zhinengyingjian.work_80/wwwroot/thinkphp/lang/zh-cn.php
[ info ] [ ROUTE ] array (
  'type' => 'module',
  'module' => 
  array (
    0 => 'admin',
    1 => 'onenetmsg',
    2 => 'index',
  ),
)
[ info ] [ HEADER ] array (
  'host' => 'onenet.zhinengyingjian.work',
  'user-agent' => 'Mozilla/5.0 (Windows NT 6.1; Win64; x64; rv:86.0) Gecko/20100101 Firefox/86.0',
  'accept' => '*/*',
  'accept-language' => 'zh-CN,zh;q=0.8,zh-TW;q=0.7,zh-HK;q=0.5,en-US;q=0.3,en;q=0.2',
  'accept-encoding' => 'gzip, deflate',
  'x-requested-with' => 'XMLHttpRequest',
  'connection' => 'keep-alive',
  'referer' => 'http://onenet.zhinengyingjian.work/admin.html',
  'cookie' => 'Hm_lvt_aa2f9869e9b578122e4692de2bd9f80f=1615169832,1615208176,1615254867,1615464737; td_cookie=429926231; s79ee3df2=f7a2iusbh6mcs6ag2nuck8f603; Hm_lpvt_aa2f9869e9b578122e4692de2bd9f80f=1615464744; menu-style=full',
)
[ info ] [ PARAM ] array (
  'spm' => 'm-92-94',
)
[ info ] [ SESSION ] INIT array (
  'id' => '',
  'var_session_id' => '',
  'prefix' => 'think',
  'type' => '',
  'auto_start' => true,
)
[ info ] [ BEHAVIOR ] Run hook\AccessAuth @action_begin [ RunTime:0.001043s ]
[ info ] [ RUN ] app\admin\controller\Onenetmsg->index[ /www/admin/onenet.zhinengyingjian.work_80/wwwroot/application/admin/controller/Onenetmsg.php ]
[ info ] [ API_URL ] 'http://openapi.heclouds.com/application?action=QueryProductList&version=1&project_id=VZ8n3z'
[ info ] [ API_HEADER ] array (
  0 => 'authorization: version=2020-05-29&res=userid%2F223931&et=3230931286&method=sha1&sign=WGRBniSmSzdB8%2FahzDekZyhzL08%3D',
)
[ info ] [ API_PARAM ] array (
  'action' => 'QueryProductList',
  'version' => 1,
  'project_id' => 'VZ8n3z',
)
[ info ] [ API_RESULT ] '{"data":{"list":[{"data_type":1,"desc":"","device_number":3,"name":"TPS508","network":"3,4,2","node_type":1,"product_id":"Y6bOd21O20","protocol":2,"type":1}],"meta":{"limit":10,"offset":0,"total":1}},"requestId":"7d1fcc8ff8084daea631931dd3fee924","success":true}'
[ info ] [ API_HTTP_INFO ] array (
  'url' => 'http://openapi.heclouds.com/application?action=QueryProductList&version=1&project_id=VZ8n3z',
  'content_type' => 'application/json; charset=utf-8',
  'http_code' => 200,
  'header_size' => 140,
  'request_size' => 241,
  'filetime' => -1,
  'ssl_verify_result' => 0,
  'redirect_count' => 0,
  'total_time' => 0.15481400000000001,
  'namelookup_time' => 0.060356,
  'connect_time' => 0.094687999999999994,
  'pretransfer_time' => 0.094739000000000004,
  'size_upload' => 0,
  'size_download' => 262,
  'speed_download' => 1692,
  'speed_upload' => 0,
  'download_content_length' => 262,
  'upload_content_length' => 0,
  'starttransfer_time' => 0.15478500000000001,
  'redirect_time' => 0,
  'redirect_url' => '',
  'primary_ip' => '183.230.102.116',
  'certinfo' => 
  array (
  ),
  'primary_port' => 80,
  'local_ip' => '172.18.62.150',
  'local_port' => 33411,
)
[ info ] [ DB ] INIT mysql
[ info ] [ VIEW ] /www/admin/onenet.zhinengyingjian.work_80/wwwroot/application/admin/view/onenetmsg.index.html [ array (
  0 => 'classuri',
  1 => 'product_ids',
  2 => 'title',
  3 => 'list',
  4 => 'page',
) ]
[ info ] [ BEHAVIOR ] Run hook\FilterView @view_filter [ RunTime:0.001344s ]
[ info ] [ LOG ] INIT File
---------------------------------------------------------------
[ 2021-03-11T20:12:33+08:00 ] 120.237.147.91 GET onenet.zhinengyingjian.work/admin/onenetdevice/index.html?spm=m-92-96
[运行时间：0.275482s] [吞吐率：3.63req/s] [内存消耗：3,782.87kb] [文件加载：58]
[ info ] [ LANG ] /www/admin/onenet.zhinengyingjian.work_80/wwwroot/thinkphp/lang/zh-cn.php
[ info ] [ ROUTE ] array (
  'type' => 'module',
  'module' => 
  array (
    0 => 'admin',
    1 => 'onenetdevice',
    2 => 'index',
  ),
)
[ info ] [ HEADER ] array (
  'host' => 'onenet.zhinengyingjian.work',
  'user-agent' => 'Mozilla/5.0 (Windows NT 6.1; Win64; x64; rv:86.0) Gecko/20100101 Firefox/86.0',
  'accept' => '*/*',
  'accept-language' => 'zh-CN,zh;q=0.8,zh-TW;q=0.7,zh-HK;q=0.5,en-US;q=0.3,en;q=0.2',
  'accept-encoding' => 'gzip, deflate',
  'x-requested-with' => 'XMLHttpRequest',
  'connection' => 'keep-alive',
  'referer' => 'http://onenet.zhinengyingjian.work/admin.html',
  'cookie' => 'Hm_lvt_aa2f9869e9b578122e4692de2bd9f80f=1615169832,1615208176,1615254867,1615464737; td_cookie=429926231; s79ee3df2=f7a2iusbh6mcs6ag2nuck8f603; Hm_lpvt_aa2f9869e9b578122e4692de2bd9f80f=1615464744; menu-style=full; rows=20',
)
[ info ] [ PARAM ] array (
  'spm' => 'm-92-96',
)
[ info ] [ SESSION ] INIT array (
  'id' => '',
  'var_session_id' => '',
  'prefix' => 'think',
  'type' => '',
  'auto_start' => true,
)
[ info ] [ BEHAVIOR ] Run hook\AccessAuth @action_begin [ RunTime:0.001052s ]
[ info ] [ RUN ] app\admin\controller\Onenetdevice->index[ /www/admin/onenet.zhinengyingjian.work_80/wwwroot/application/admin/controller/Onenetdevice.php ]
[ info ] [ API_URL ] 'http://openapi.heclouds.com/application?action=QueryProductList&version=1&project_id=VZ8n3z'
[ info ] [ API_HEADER ] array (
  0 => 'authorization: version=2020-05-29&res=userid%2F223931&et=3230931304&method=sha1&sign=5KSzNQXpAjNYLzRp%2BEx4B2l7PJ0%3D',
)
[ info ] [ API_PARAM ] array (
  'action' => 'QueryProductList',
  'version' => 1,
  'project_id' => 'VZ8n3z',
)
[ info ] [ API_RESULT ] '{"data":{"list":[{"data_type":1,"desc":"","device_number":3,"name":"TPS508","network":"3,4,2","node_type":1,"product_id":"Y6bOd21O20","protocol":2,"type":1}],"meta":{"limit":10,"offset":0,"total":1}},"requestId":"ce614304ad9e4e9b825692a691e4ec33","success":true}'
[ info ] [ API_HTTP_INFO ] array (
  'url' => 'http://openapi.heclouds.com/application?action=QueryProductList&version=1&project_id=VZ8n3z',
  'content_type' => 'application/json; charset=utf-8',
  'http_code' => 200,
  'header_size' => 140,
  'request_size' => 241,
  'filetime' => -1,
  'ssl_verify_result' => 0,
  'redirect_count' => 0,
  'total_time' => 0.15856499999999996,
  'namelookup_time' => 0.060366000000000031,
  'connect_time' => 0.092945999999999973,
  'pretransfer_time' => 0.09298799999999996,
  'size_upload' => 0,
  'size_download' => 262,
  'speed_download' => 1652,
  'speed_upload' => 0,
  'download_content_length' => 262,
  'upload_content_length' => 0,
  'starttransfer_time' => 0.15854400000000002,
  'redirect_time' => 0,
  'redirect_url' => '',
  'primary_ip' => '183.230.102.116',
  'certinfo' => 
  array (
  ),
  'primary_port' => 80,
  'local_ip' => '172.18.62.150',
  'local_port' => 33427,
)
[ info ] [ API_URL ] 'http://openapi.heclouds.com/application?action=QueryDeviceList&version=1&project_id=VZ8n3z&offset=0&limit=20'
[ info ] [ API_HEADER ] array (
  0 => 'authorization: version=2020-05-29&res=userid%2F223931&et=3230931306&method=sha1&sign=hfLOMmrcQgH8pPIfXt8fqGEnu6o%3D',
)
[ info ] [ API_PARAM ] array (
  'action' => 'QueryDeviceList',
  'version' => 1,
  'project_id' => 'VZ8n3z',
  'offset' => 0,
  'limit' => 20,
)
[ info ] [ API_RESULT ] '{"data":{"list":[{"created_time":"2021-03-05T07:56:05.582Z","device_name":"1120508000400880","from":1,"last_time":"2021-03-11T09:23:58.632Z","lat":"23.027798","lon":"113.175402","node_type":1,"product_id":"Y6bOd21O20","product_name":"TPS508","status":3},{"created_time":"2021-03-01T02:44:37.980Z","device_name":"123456","from":1,"last_time":"2021-03-06T08:08:20.963Z","lat":"","lon":"","node_type":1,"product_id":"Y6bOd21O20","product_name":"TPS508","status":3},{"created_time":"2021-02-26T07:03:50.367Z","device_name":"A040508000300008","from":1,"last_time":"2021-03-09T10:27:04.271Z","lat":"23.027812","lon":"113.175367","node_type":1,"product_id":"Y6bOd21O20","product_name":"TPS508","status":3}],"meta":{"limit":20,"offset":0,"total":3}},"requestId":"ce3917bf186446f68fe2410b5bf57ce4","success":true}'
[ info ] [ API_HTTP_INFO ] array (
  'url' => 'http://openapi.heclouds.com/application?action=QueryDeviceList&version=1&project_id=VZ8n3z&offset=0&limit=20',
  'content_type' => 'application/json; charset=utf-8',
  'http_code' => 200,
  'header_size' => 140,
  'request_size' => 256,
  'filetime' => -1,
  'ssl_verify_result' => 0,
  'redirect_count' => 0,
  'total_time' => 0.085973999999999995,
  'namelookup_time' => 0.0041110000000000001,
  'connect_time' => 0.033868000000000002,
  'pretransfer_time' => 0.033902000000000002,
  'size_upload' => 0,
  'size_download' => 804,
  'speed_download' => 9351,
  'speed_upload' => 0,
  'download_content_length' => 804,
  'upload_content_length' => 0,
  'starttransfer_time' => 0.085954000000000003,
  'redirect_time' => 0,
  'redirect_url' => '',
  'primary_ip' => '183.230.102.116',
  'certinfo' => 
  array (
  ),
  'primary_port' => 80,
  'local_ip' => '172.18.62.150',
  'local_port' => 33429,
)
[ info ] [ VIEW ] /www/admin/onenet.zhinengyingjian.work_80/wwwroot/application/admin/view/onenetdevice.index.html [ array (
  0 => 'classuri',
  1 => 'title',
  2 => 'product_ids',
  3 => 'page',
  4 => 'list',
) ]
[ info ] [ DB ] INIT mysql
[ info ] [ BEHAVIOR ] Run hook\FilterView @view_filter [ RunTime:0.007466s ]
[ info ] [ LOG ] INIT File
---------------------------------------------------------------
[ 2021-03-11T20:12:35+08:00 ] 120.237.147.91 GET onenet.zhinengyingjian.work/admin/onenetcmdlog/index.html?spm=m-92-97
[运行时间：0.128767s] [吞吐率：7.77req/s] [内存消耗：3,991.87kb] [文件加载：62]
[ info ] [ LANG ] /www/admin/onenet.zhinengyingjian.work_80/wwwroot/thinkphp/lang/zh-cn.php
[ info ] [ ROUTE ] array (
  'type' => 'module',
  'module' => 
  array (
    0 => 'admin',
    1 => 'onenetcmdlog',
    2 => 'index',
  ),
)
[ info ] [ HEADER ] array (
  'host' => 'onenet.zhinengyingjian.work',
  'user-agent' => 'Mozilla/5.0 (Windows NT 6.1; Win64; x64; rv:86.0) Gecko/20100101 Firefox/86.0',
  'accept' => '*/*',
  'accept-language' => 'zh-CN,zh;q=0.8,zh-TW;q=0.7,zh-HK;q=0.5,en-US;q=0.3,en;q=0.2',
  'accept-encoding' => 'gzip, deflate',
  'x-requested-with' => 'XMLHttpRequest',
  'connection' => 'keep-alive',
  'referer' => 'http://onenet.zhinengyingjian.work/admin.html',
  'cookie' => 'Hm_lvt_aa2f9869e9b578122e4692de2bd9f80f=1615169832,1615208176,1615254867,1615464737; td_cookie=429926231; s79ee3df2=f7a2iusbh6mcs6ag2nuck8f603; Hm_lpvt_aa2f9869e9b578122e4692de2bd9f80f=1615464744; menu-style=full; rows=20',
)
[ info ] [ PARAM ] array (
  'spm' => 'm-92-97',
)
[ info ] [ SESSION ] INIT array (
  'id' => '',
  'var_session_id' => '',
  'prefix' => 'think',
  'type' => '',
  'auto_start' => true,
)
[ info ] [ BEHAVIOR ] Run hook\AccessAuth @action_begin [ RunTime:0.001010s ]
[ info ] [ RUN ] app\admin\controller\Onenetcmdlog->index[ /www/admin/onenet.zhinengyingjian.work_80/wwwroot/application/admin/controller/Onenetcmdlog.php ]
[ info ] [ API_URL ] 'http://openapi.heclouds.com/application?action=QueryProductList&version=1&project_id=VZ8n3z'
[ info ] [ API_HEADER ] array (
  0 => 'authorization: version=2020-05-29&res=userid%2F223931&et=3230931310&method=sha1&sign=iTUVJsQvY6cPxnnr7IIhG%2BUILLM%3D',
)
[ info ] [ API_PARAM ] array (
  'action' => 'QueryProductList',
  'version' => 1,
  'project_id' => 'VZ8n3z',
)
[ info ] [ API_RESULT ] '{"data":{"list":[{"data_type":1,"desc":"","device_number":3,"name":"TPS508","network":"3,4,2","node_type":1,"product_id":"Y6bOd21O20","protocol":2,"type":1}],"meta":{"limit":10,"offset":0,"total":1}},"requestId":"3e1f08afdfeb4702b5d2bec3f2fca12b","success":true}'
[ info ] [ API_HTTP_INFO ] array (
  'url' => 'http://openapi.heclouds.com/application?action=QueryProductList&version=1&project_id=VZ8n3z',
  'content_type' => 'application/json; charset=utf-8',
  'http_code' => 200,
  'header_size' => 140,
  'request_size' => 241,
  'filetime' => -1,
  'ssl_verify_result' => 0,
  'redirect_count' => 0,
  'total_time' => 0.095648999999999998,
  'namelookup_time' => 0.0041390000000000003,
  'connect_time' => 0.037978999999999999,
  'pretransfer_time' => 0.038015,
  'size_upload' => 0,
  'size_download' => 262,
  'speed_download' => 2739,
  'speed_upload' => 0,
  'download_content_length' => 262,
  'upload_content_length' => 0,
  'starttransfer_time' => 0.095631999999999995,
  'redirect_time' => 0,
  'redirect_url' => '',
  'primary_ip' => '183.230.102.116',
  'certinfo' => 
  array (
  ),
  'primary_port' => 80,
  'local_ip' => '172.18.62.150',
  'local_port' => 33435,
)
[ info ] [ DB ] INIT mysql
[ info ] [ VIEW ] /www/admin/onenet.zhinengyingjian.work_80/wwwroot/application/admin/view/onenetcmdlog.index.html [ array (
  0 => 'classuri',
  1 => 'product_ids',
  2 => 'title',
  3 => 'list',
  4 => 'page',
) ]
[ info ] [ BEHAVIOR ] Run hook\FilterView @view_filter [ RunTime:0.001453s ]
[ info ] [ LOG ] INIT File
---------------------------------------------------------------
[ 2021-03-11T20:12:39+08:00 ] 120.237.147.91 GET onenet.zhinengyingjian.work/admin/onenetdevice/index.html?spm=m-92-96
[运行时间：0.327892s] [吞吐率：3.05req/s] [内存消耗：3,782.80kb] [文件加载：58]
[ info ] [ LANG ] /www/admin/onenet.zhinengyingjian.work_80/wwwroot/thinkphp/lang/zh-cn.php
[ info ] [ ROUTE ] array (
  'type' => 'module',
  'module' => 
  array (
    0 => 'admin',
    1 => 'onenetdevice',
    2 => 'index',
  ),
)
[ info ] [ HEADER ] array (
  'host' => 'onenet.zhinengyingjian.work',
  'user-agent' => 'Mozilla/5.0 (Windows NT 6.1; Win64; x64; rv:86.0) Gecko/20100101 Firefox/86.0',
  'accept' => '*/*',
  'accept-language' => 'zh-CN,zh;q=0.8,zh-TW;q=0.7,zh-HK;q=0.5,en-US;q=0.3,en;q=0.2',
  'accept-encoding' => 'gzip, deflate',
  'x-requested-with' => 'XMLHttpRequest',
  'connection' => 'keep-alive',
  'referer' => 'http://onenet.zhinengyingjian.work/admin.html',
  'cookie' => 'Hm_lvt_aa2f9869e9b578122e4692de2bd9f80f=1615169832,1615208176,1615254867,1615464737; td_cookie=429926231; s79ee3df2=f7a2iusbh6mcs6ag2nuck8f603; Hm_lpvt_aa2f9869e9b578122e4692de2bd9f80f=1615464744; menu-style=full; rows=20',
)
[ info ] [ PARAM ] array (
  'spm' => 'm-92-96',
)
[ info ] [ SESSION ] INIT array (
  'id' => '',
  'var_session_id' => '',
  'prefix' => 'think',
  'type' => '',
  'auto_start' => true,
)
[ info ] [ BEHAVIOR ] Run hook\AccessAuth @action_begin [ RunTime:0.001061s ]
[ info ] [ RUN ] app\admin\controller\Onenetdevice->index[ /www/admin/onenet.zhinengyingjian.work_80/wwwroot/application/admin/controller/Onenetdevice.php ]
[ info ] [ API_URL ] 'http://openapi.heclouds.com/application?action=QueryProductList&version=1&project_id=VZ8n3z'
[ info ] [ API_HEADER ] array (
  0 => 'authorization: version=2020-05-29&res=userid%2F223931&et=3230931318&method=sha1&sign=qYhJlHPcwA%2F5QZWmOAWSjStdYT4%3D',
)
[ info ] [ API_PARAM ] array (
  'action' => 'QueryProductList',
  'version' => 1,
  'project_id' => 'VZ8n3z',
)
[ info ] [ API_RESULT ] '{"data":{"list":[{"data_type":1,"desc":"","device_number":3,"name":"TPS508","network":"3,4,2","node_type":1,"product_id":"Y6bOd21O20","protocol":2,"type":1}],"meta":{"limit":10,"offset":0,"total":1}},"requestId":"2142dfab9b814935945c155082074081","success":true}'
[ info ] [ API_HTTP_INFO ] array (
  'url' => 'http://openapi.heclouds.com/application?action=QueryProductList&version=1&project_id=VZ8n3z',
  'content_type' => 'application/json; charset=utf-8',
  'http_code' => 200,
  'header_size' => 140,
  'request_size' => 241,
  'filetime' => -1,
  'ssl_verify_result' => 0,
  'redirect_count' => 0,
  'total_time' => 0.153868,
  'namelookup_time' => 0.060366999999999997,
  'connect_time' => 0.094052999999999998,
  'pretransfer_time' => 0.094091999999999995,
  'size_upload' => 0,
  'size_download' => 262,
  'speed_download' => 1702,
  'speed_upload' => 0,
  'download_content_length' => 262,
  'upload_content_length' => 0,
  'starttransfer_time' => 0.15384999999999999,
  'redirect_time' => 0,
  'redirect_url' => '',
  'primary_ip' => '183.230.102.116',
  'certinfo' => 
  array (
  ),
  'primary_port' => 80,
  'local_ip' => '172.18.62.150',
  'local_port' => 33441,
)
[ info ] [ API_URL ] 'http://openapi.heclouds.com/application?action=QueryDeviceList&version=1&project_id=VZ8n3z&offset=0&limit=20'
[ info ] [ API_HEADER ] array (
  0 => 'authorization: version=2020-05-29&res=userid%2F223931&et=3230931318&method=sha1&sign=qYhJlHPcwA%2F5QZWmOAWSjStdYT4%3D',
)
[ info ] [ API_PARAM ] array (
  'action' => 'QueryDeviceList',
  'version' => 1,
  'project_id' => 'VZ8n3z',
  'offset' => 0,
  'limit' => 20,
)
[ info ] [ API_RESULT ] '{"data":{"list":[{"created_time":"2021-03-05T07:56:05.582Z","device_name":"1120508000400880","from":1,"last_time":"2021-03-11T09:23:58.632Z","lat":"23.027798","lon":"113.175402","node_type":1,"product_id":"Y6bOd21O20","product_name":"TPS508","status":3},{"created_time":"2021-03-01T02:44:37.980Z","device_name":"123456","from":1,"last_time":"2021-03-06T08:08:20.963Z","lat":"","lon":"","node_type":1,"product_id":"Y6bOd21O20","product_name":"TPS508","status":3},{"created_time":"2021-02-26T07:03:50.367Z","device_name":"A040508000300008","from":1,"last_time":"2021-03-09T10:27:04.271Z","lat":"23.027812","lon":"113.175367","node_type":1,"product_id":"Y6bOd21O20","product_name":"TPS508","status":3}],"meta":{"limit":20,"offset":0,"total":3}},"requestId":"d00ba201a39e496b817841a99bb40a6c","success":true}'
[ info ] [ API_HTTP_INFO ] array (
  'url' => 'http://openapi.heclouds.com/application?action=QueryDeviceList&version=1&project_id=VZ8n3z&offset=0&limit=20',
  'content_type' => 'application/json; charset=utf-8',
  'http_code' => 200,
  'header_size' => 140,
  'request_size' => 258,
  'filetime' => -1,
  'ssl_verify_result' => 0,
  'redirect_count' => 0,
  'total_time' => 0.14274400000000001,
  'namelookup_time' => 0.060374999999999998,
  'connect_time' => 0.090135000000000007,
  'pretransfer_time' => 0.090175000000000005,
  'size_upload' => 0,
  'size_download' => 804,
  'speed_download' => 5632,
  'speed_upload' => 0,
  'download_content_length' => 804,
  'upload_content_length' => 0,
  'starttransfer_time' => 0.14272299999999999,
  'redirect_time' => 0,
  'redirect_url' => '',
  'primary_ip' => '183.230.102.116',
  'certinfo' => 
  array (
  ),
  'primary_port' => 80,
  'local_ip' => '172.18.62.150',
  'local_port' => 33443,
)
[ info ] [ VIEW ] /www/admin/onenet.zhinengyingjian.work_80/wwwroot/application/admin/view/onenetdevice.index.html [ array (
  0 => 'classuri',
  1 => 'title',
  2 => 'product_ids',
  3 => 'page',
  4 => 'list',
) ]
[ info ] [ DB ] INIT mysql
[ info ] [ BEHAVIOR ] Run hook\FilterView @view_filter [ RunTime:0.007541s ]
[ info ] [ LOG ] INIT File
---------------------------------------------------------------
[ 2021-03-11T20:12:40+08:00 ] 120.237.147.91 GET onenet.zhinengyingjian.work/admin/onenetmsg/index.html?spm=m-92-94
[运行时间：0.120680s] [吞吐率：8.29req/s] [内存消耗：3,987.55kb] [文件加载：62]
[ info ] [ LANG ] /www/admin/onenet.zhinengyingjian.work_80/wwwroot/thinkphp/lang/zh-cn.php
[ info ] [ ROUTE ] array (
  'type' => 'module',
  'module' => 
  array (
    0 => 'admin',
    1 => 'onenetmsg',
    2 => 'index',
  ),
)
[ info ] [ HEADER ] array (
  'host' => 'onenet.zhinengyingjian.work',
  'user-agent' => 'Mozilla/5.0 (Windows NT 6.1; Win64; x64; rv:86.0) Gecko/20100101 Firefox/86.0',
  'accept' => '*/*',
  'accept-language' => 'zh-CN,zh;q=0.8,zh-TW;q=0.7,zh-HK;q=0.5,en-US;q=0.3,en;q=0.2',
  'accept-encoding' => 'gzip, deflate',
  'x-requested-with' => 'XMLHttpRequest',
  'connection' => 'keep-alive',
  'referer' => 'http://onenet.zhinengyingjian.work/admin.html',
  'cookie' => 'Hm_lvt_aa2f9869e9b578122e4692de2bd9f80f=1615169832,1615208176,1615254867,1615464737; td_cookie=429926231; s79ee3df2=f7a2iusbh6mcs6ag2nuck8f603; Hm_lpvt_aa2f9869e9b578122e4692de2bd9f80f=1615464744; menu-style=full; rows=20',
)
[ info ] [ PARAM ] array (
  'spm' => 'm-92-94',
)
[ info ] [ SESSION ] INIT array (
  'id' => '',
  'var_session_id' => '',
  'prefix' => 'think',
  'type' => '',
  'auto_start' => true,
)
[ info ] [ BEHAVIOR ] Run hook\AccessAuth @action_begin [ RunTime:0.001005s ]
[ info ] [ RUN ] app\admin\controller\Onenetmsg->index[ /www/admin/onenet.zhinengyingjian.work_80/wwwroot/application/admin/controller/Onenetmsg.php ]
[ info ] [ API_URL ] 'http://openapi.heclouds.com/application?action=QueryProductList&version=1&project_id=VZ8n3z'
[ info ] [ API_HEADER ] array (
  0 => 'authorization: version=2020-05-29&res=userid%2F223931&et=3230931320&method=sha1&sign=l48AaGRS81q108Iz0nJI1dypxTc%3D',
)
[ info ] [ API_PARAM ] array (
  'action' => 'QueryProductList',
  'version' => 1,
  'project_id' => 'VZ8n3z',
)
[ info ] [ API_RESULT ] '{"data":{"list":[{"data_type":1,"desc":"","device_number":3,"name":"TPS508","network":"3,4,2","node_type":1,"product_id":"Y6bOd21O20","protocol":2,"type":1}],"meta":{"limit":10,"offset":0,"total":1}},"requestId":"3104a1e0e54649ba8c3a3b148e2974b8","success":true}'
[ info ] [ API_HTTP_INFO ] array (
  'url' => 'http://openapi.heclouds.com/application?action=QueryProductList&version=1&project_id=VZ8n3z',
  'content_type' => 'application/json; charset=utf-8',
  'http_code' => 200,
  'header_size' => 140,
  'request_size' => 239,
  'filetime' => -1,
  'ssl_verify_result' => 0,
  'redirect_count' => 0,
  'total_time' => 0.088018999999999958,
  'namelookup_time' => 0.0041130000000000003,
  'connect_time' => 0.033891999999999999,
  'pretransfer_time' => 0.033936000000000001,
  'size_upload' => 0,
  'size_download' => 262,
  'speed_download' => 2976,
  'speed_upload' => 0,
  'download_content_length' => 262,
  'upload_content_length' => 0,
  'starttransfer_time' => 0.087999999999999967,
  'redirect_time' => 0,
  'redirect_url' => '',
  'primary_ip' => '183.230.102.116',
  'certinfo' => 
  array (
  ),
  'primary_port' => 80,
  'local_ip' => '172.18.62.150',
  'local_port' => 33449,
)
[ info ] [ DB ] INIT mysql
[ info ] [ VIEW ] /www/admin/onenet.zhinengyingjian.work_80/wwwroot/application/admin/view/onenetmsg.index.html [ array (
  0 => 'classuri',
  1 => 'product_ids',
  2 => 'title',
  3 => 'list',
  4 => 'page',
) ]
[ info ] [ BEHAVIOR ] Run hook\FilterView @view_filter [ RunTime:0.001367s ]
[ info ] [ LOG ] INIT File
---------------------------------------------------------------
[ 2021-03-11T20:12:42+08:00 ] 120.237.147.91 GET onenet.zhinengyingjian.work/admin/user/index.html?spm=m-2-29
[运行时间：0.031652s] [吞吐率：31.59req/s] [内存消耗：3,856.08kb] [文件加载：59]
[ info ] [ LANG ] /www/admin/onenet.zhinengyingjian.work_80/wwwroot/thinkphp/lang/zh-cn.php
[ info ] [ ROUTE ] array (
  'type' => 'module',
  'module' => 
  array (
    0 => 'admin',
    1 => 'user',
    2 => 'index',
  ),
)
[ info ] [ HEADER ] array (
  'host' => 'onenet.zhinengyingjian.work',
  'user-agent' => 'Mozilla/5.0 (Windows NT 6.1; Win64; x64; rv:86.0) Gecko/20100101 Firefox/86.0',
  'accept' => '*/*',
  'accept-language' => 'zh-CN,zh;q=0.8,zh-TW;q=0.7,zh-HK;q=0.5,en-US;q=0.3,en;q=0.2',
  'accept-encoding' => 'gzip, deflate',
  'x-requested-with' => 'XMLHttpRequest',
  'connection' => 'keep-alive',
  'referer' => 'http://onenet.zhinengyingjian.work/admin.html',
  'cookie' => 'Hm_lvt_aa2f9869e9b578122e4692de2bd9f80f=1615169832,1615208176,1615254867,1615464737; td_cookie=429926231; s79ee3df2=f7a2iusbh6mcs6ag2nuck8f603; Hm_lpvt_aa2f9869e9b578122e4692de2bd9f80f=1615464744; menu-style=full; rows=20',
)
[ info ] [ PARAM ] array (
  'spm' => 'm-2-29',
)
[ info ] [ SESSION ] INIT array (
  'id' => '',
  'var_session_id' => '',
  'prefix' => 'think',
  'type' => '',
  'auto_start' => true,
)
[ info ] [ BEHAVIOR ] Run hook\AccessAuth @action_begin [ RunTime:0.001055s ]
[ info ] [ RUN ] app\admin\controller\User->index[ /www/admin/onenet.zhinengyingjian.work_80/wwwroot/application/admin/controller/User.php ]
[ info ] [ DB ] INIT mysql
[ info ] [ VIEW ] /www/admin/onenet.zhinengyingjian.work_80/wwwroot/application/admin/view/user.index.html [ array (
  0 => 'classuri',
  1 => 'title',
  2 => 'list',
  3 => 'page',
) ]
[ info ] [ BEHAVIOR ] Run hook\FilterView @view_filter [ RunTime:0.001229s ]
[ info ] [ LOG ] INIT File
---------------------------------------------------------------
[ 2021-03-11T20:13:02+08:00 ] 120.237.147.91 GET onenet.zhinengyingjian.work/admin/onenetmsg/index.html?spm=m-92-94
[运行时间：0.135381s] [吞吐率：7.39req/s] [内存消耗：3,987.52kb] [文件加载：62]
[ info ] [ LANG ] /www/admin/onenet.zhinengyingjian.work_80/wwwroot/thinkphp/lang/zh-cn.php
[ info ] [ ROUTE ] array (
  'type' => 'module',
  'module' => 
  array (
    0 => 'admin',
    1 => 'onenetmsg',
    2 => 'index',
  ),
)
[ info ] [ HEADER ] array (
  'host' => 'onenet.zhinengyingjian.work',
  'user-agent' => 'Mozilla/5.0 (Windows NT 6.1; Win64; x64; rv:86.0) Gecko/20100101 Firefox/86.0',
  'accept' => '*/*',
  'accept-language' => 'zh-CN,zh;q=0.8,zh-TW;q=0.7,zh-HK;q=0.5,en-US;q=0.3,en;q=0.2',
  'accept-encoding' => 'gzip, deflate',
  'x-requested-with' => 'XMLHttpRequest',
  'connection' => 'keep-alive',
  'referer' => 'http://onenet.zhinengyingjian.work/admin.html',
  'cookie' => 'Hm_lvt_aa2f9869e9b578122e4692de2bd9f80f=1615169832,1615208176,1615254867,1615464737; td_cookie=429926231; s79ee3df2=f7a2iusbh6mcs6ag2nuck8f603; Hm_lpvt_aa2f9869e9b578122e4692de2bd9f80f=1615464744; menu-style=full; rows=20',
)
[ info ] [ PARAM ] array (
  'spm' => 'm-92-94',
)
[ info ] [ SESSION ] INIT array (
  'id' => '',
  'var_session_id' => '',
  'prefix' => 'think',
  'type' => '',
  'auto_start' => true,
)
[ info ] [ BEHAVIOR ] Run hook\AccessAuth @action_begin [ RunTime:0.005937s ]
[ info ] [ RUN ] app\admin\controller\Onenetmsg->index[ /www/admin/onenet.zhinengyingjian.work_80/wwwroot/application/admin/controller/Onenetmsg.php ]
[ info ] [ API_URL ] 'http://openapi.heclouds.com/application?action=QueryProductList&version=1&project_id=VZ8n3z'
[ info ] [ API_HEADER ] array (
  0 => 'authorization: version=2020-05-29&res=userid%2F223931&et=3230931364&method=sha1&sign=1s0QMtTRx5wxuX0BxArXTVMgpd0%3D',
)
[ info ] [ API_PARAM ] array (
  'action' => 'QueryProductList',
  'version' => 1,
  'project_id' => 'VZ8n3z',
)
[ info ] [ API_RESULT ] '{"data":{"list":[{"data_type":1,"desc":"","device_number":3,"name":"TPS508","network":"3,4,2","node_type":1,"product_id":"Y6bOd21O20","protocol":2,"type":1}],"meta":{"limit":10,"offset":0,"total":1}},"requestId":"364ce6cb1e664696a76d4fa3ed61c695","success":true}'
[ info ] [ API_HTTP_INFO ] array (
  'url' => 'http://openapi.heclouds.com/application?action=QueryProductList&version=1&project_id=VZ8n3z',
  'content_type' => 'application/json; charset=utf-8',
  'http_code' => 200,
  'header_size' => 140,
  'request_size' => 239,
  'filetime' => -1,
  'ssl_verify_result' => 0,
  'redirect_count' => 0,
  'total_time' => 0.096712000000000006,
  'namelookup_time' => 0.0041489999999999999,
  'connect_time' => 0.037650999999999997,
  'pretransfer_time' => 0.037683000000000001,
  'size_upload' => 0,
  'size_download' => 262,
  'speed_download' => 2709,
  'speed_upload' => 0,
  'download_content_length' => 262,
  'upload_content_length' => 0,
  'starttransfer_time' => 0.096692,
  'redirect_time' => 0,
  'redirect_url' => '',
  'primary_ip' => '183.230.102.116',
  'certinfo' => 
  array (
  ),
  'primary_port' => 80,
  'local_ip' => '172.18.62.150',
  'local_port' => 33461,
)
[ info ] [ DB ] INIT mysql
[ info ] [ VIEW ] /www/admin/onenet.zhinengyingjian.work_80/wwwroot/application/admin/view/onenetmsg.index.html [ array (
  0 => 'classuri',
  1 => 'product_ids',
  2 => 'title',
  3 => 'list',
  4 => 'page',
) ]
[ info ] [ BEHAVIOR ] Run hook\FilterView @view_filter [ RunTime:0.001365s ]
[ info ] [ LOG ] INIT File
---------------------------------------------------------------
[ 2021-03-11T20:13:05+08:00 ] 120.237.147.91 GET onenet.zhinengyingjian.work/admin/user/index.html?spm=m-2-29
[运行时间：0.030598s] [吞吐率：32.68req/s] [内存消耗：3,856.08kb] [文件加载：59]
[ info ] [ LANG ] /www/admin/onenet.zhinengyingjian.work_80/wwwroot/thinkphp/lang/zh-cn.php
[ info ] [ ROUTE ] array (
  'type' => 'module',
  'module' => 
  array (
    0 => 'admin',
    1 => 'user',
    2 => 'index',
  ),
)
[ info ] [ HEADER ] array (
  'host' => 'onenet.zhinengyingjian.work',
  'user-agent' => 'Mozilla/5.0 (Windows NT 6.1; Win64; x64; rv:86.0) Gecko/20100101 Firefox/86.0',
  'accept' => '*/*',
  'accept-language' => 'zh-CN,zh;q=0.8,zh-TW;q=0.7,zh-HK;q=0.5,en-US;q=0.3,en;q=0.2',
  'accept-encoding' => 'gzip, deflate',
  'x-requested-with' => 'XMLHttpRequest',
  'connection' => 'keep-alive',
  'referer' => 'http://onenet.zhinengyingjian.work/admin.html',
  'cookie' => 'Hm_lvt_aa2f9869e9b578122e4692de2bd9f80f=1615169832,1615208176,1615254867,1615464737; td_cookie=429926231; s79ee3df2=f7a2iusbh6mcs6ag2nuck8f603; Hm_lpvt_aa2f9869e9b578122e4692de2bd9f80f=1615464744; menu-style=full; rows=20',
)
[ info ] [ PARAM ] array (
  'spm' => 'm-2-29',
)
[ info ] [ SESSION ] INIT array (
  'id' => '',
  'var_session_id' => '',
  'prefix' => 'think',
  'type' => '',
  'auto_start' => true,
)
[ info ] [ BEHAVIOR ] Run hook\AccessAuth @action_begin [ RunTime:0.001017s ]
[ info ] [ RUN ] app\admin\controller\User->index[ /www/admin/onenet.zhinengyingjian.work_80/wwwroot/application/admin/controller/User.php ]
[ info ] [ DB ] INIT mysql
[ info ] [ VIEW ] /www/admin/onenet.zhinengyingjian.work_80/wwwroot/application/admin/view/user.index.html [ array (
  0 => 'classuri',
  1 => 'title',
  2 => 'list',
  3 => 'page',
) ]
[ info ] [ BEHAVIOR ] Run hook\FilterView @view_filter [ RunTime:0.001260s ]
[ info ] [ LOG ] INIT File
---------------------------------------------------------------
[ 2021-03-11T20:13:06+08:00 ] 120.237.147.91 GET onenet.zhinengyingjian.work/admin/onenetmsg/index.html?spm=m-92-94
[运行时间：0.127696s] [吞吐率：7.83req/s] [内存消耗：3,987.48kb] [文件加载：62]
[ info ] [ LANG ] /www/admin/onenet.zhinengyingjian.work_80/wwwroot/thinkphp/lang/zh-cn.php
[ info ] [ ROUTE ] array (
  'type' => 'module',
  'module' => 
  array (
    0 => 'admin',
    1 => 'onenetmsg',
    2 => 'index',
  ),
)
[ info ] [ HEADER ] array (
  'host' => 'onenet.zhinengyingjian.work',
  'user-agent' => 'Mozilla/5.0 (Windows NT 6.1; Win64; x64; rv:86.0) Gecko/20100101 Firefox/86.0',
  'accept' => '*/*',
  'accept-language' => 'zh-CN,zh;q=0.8,zh-TW;q=0.7,zh-HK;q=0.5,en-US;q=0.3,en;q=0.2',
  'accept-encoding' => 'gzip, deflate',
  'x-requested-with' => 'XMLHttpRequest',
  'connection' => 'keep-alive',
  'referer' => 'http://onenet.zhinengyingjian.work/admin.html',
  'cookie' => 'Hm_lvt_aa2f9869e9b578122e4692de2bd9f80f=1615169832,1615208176,1615254867,1615464737; td_cookie=429926231; s79ee3df2=f7a2iusbh6mcs6ag2nuck8f603; Hm_lpvt_aa2f9869e9b578122e4692de2bd9f80f=1615464744; menu-style=full; rows=20',
)
[ info ] [ PARAM ] array (
  'spm' => 'm-92-94',
)
[ info ] [ SESSION ] INIT array (
  'id' => '',
  'var_session_id' => '',
  'prefix' => 'think',
  'type' => '',
  'auto_start' => true,
)
[ info ] [ BEHAVIOR ] Run hook\AccessAuth @action_begin [ RunTime:0.001037s ]
[ info ] [ RUN ] app\admin\controller\Onenetmsg->index[ /www/admin/onenet.zhinengyingjian.work_80/wwwroot/application/admin/controller/Onenetmsg.php ]
[ info ] [ API_URL ] 'http://openapi.heclouds.com/application?action=QueryProductList&version=1&project_id=VZ8n3z'
[ info ] [ API_HEADER ] array (
  0 => 'authorization: version=2020-05-29&res=userid%2F223931&et=3230931372&method=sha1&sign=FgWFZ%2BIyONfzA0V4qvGB3UzeKqo%3D',
)
[ info ] [ API_PARAM ] array (
  'action' => 'QueryProductList',
  'version' => 1,
  'project_id' => 'VZ8n3z',
)
[ info ] [ API_RESULT ] '{"data":{"list":[{"data_type":1,"desc":"","device_number":3,"name":"TPS508","network":"3,4,2","node_type":1,"product_id":"Y6bOd21O20","protocol":2,"type":1}],"meta":{"limit":10,"offset":0,"total":1}},"requestId":"2d037d36d9f74cdcbff77cbc35450093","success":true}'
[ info ] [ API_HTTP_INFO ] array (
  'url' => 'http://openapi.heclouds.com/application?action=QueryProductList&version=1&project_id=VZ8n3z',
  'content_type' => 'application/json; charset=utf-8',
  'http_code' => 200,
  'header_size' => 140,
  'request_size' => 241,
  'filetime' => -1,
  'ssl_verify_result' => 0,
  'redirect_count' => 0,
  'total_time' => 0.094123999999999999,
  'namelookup_time' => 0.0041520000000000003,
  'connect_time' => 0.037076999999999999,
  'pretransfer_time' => 0.037113,
  'size_upload' => 0,
  'size_download' => 262,
  'speed_download' => 2783,
  'speed_upload' => 0,
  'download_content_length' => 262,
  'upload_content_length' => 0,
  'starttransfer_time' => 0.094104999999999994,
  'redirect_time' => 0,
  'redirect_url' => '',
  'primary_ip' => '183.230.102.116',
  'certinfo' => 
  array (
  ),
  'primary_port' => 80,
  'local_ip' => '172.18.62.150',
  'local_port' => 33473,
)
[ info ] [ DB ] INIT mysql
[ info ] [ VIEW ] /www/admin/onenet.zhinengyingjian.work_80/wwwroot/application/admin/view/onenetmsg.index.html [ array (
  0 => 'classuri',
  1 => 'product_ids',
  2 => 'title',
  3 => 'list',
  4 => 'page',
) ]
[ info ] [ BEHAVIOR ] Run hook\FilterView @view_filter [ RunTime:0.001417s ]
[ info ] [ LOG ] INIT File
---------------------------------------------------------------
[ 2021-03-11T20:13:07+08:00 ] 120.237.147.91 GET onenet.zhinengyingjian.work/admin/user/index.html?spm=m-2-29
[运行时间：0.031302s] [吞吐率：31.95req/s] [内存消耗：3,856.08kb] [文件加载：59]
[ info ] [ LANG ] /www/admin/onenet.zhinengyingjian.work_80/wwwroot/thinkphp/lang/zh-cn.php
[ info ] [ ROUTE ] array (
  'type' => 'module',
  'module' => 
  array (
    0 => 'admin',
    1 => 'user',
    2 => 'index',
  ),
)
[ info ] [ HEADER ] array (
  'host' => 'onenet.zhinengyingjian.work',
  'user-agent' => 'Mozilla/5.0 (Windows NT 6.1; Win64; x64; rv:86.0) Gecko/20100101 Firefox/86.0',
  'accept' => '*/*',
  'accept-language' => 'zh-CN,zh;q=0.8,zh-TW;q=0.7,zh-HK;q=0.5,en-US;q=0.3,en;q=0.2',
  'accept-encoding' => 'gzip, deflate',
  'x-requested-with' => 'XMLHttpRequest',
  'connection' => 'keep-alive',
  'referer' => 'http://onenet.zhinengyingjian.work/admin.html',
  'cookie' => 'Hm_lvt_aa2f9869e9b578122e4692de2bd9f80f=1615169832,1615208176,1615254867,1615464737; td_cookie=429926231; s79ee3df2=f7a2iusbh6mcs6ag2nuck8f603; Hm_lpvt_aa2f9869e9b578122e4692de2bd9f80f=1615464744; menu-style=full; rows=20',
)
[ info ] [ PARAM ] array (
  'spm' => 'm-2-29',
)
[ info ] [ SESSION ] INIT array (
  'id' => '',
  'var_session_id' => '',
  'prefix' => 'think',
  'type' => '',
  'auto_start' => true,
)
[ info ] [ BEHAVIOR ] Run hook\AccessAuth @action_begin [ RunTime:0.001062s ]
[ info ] [ RUN ] app\admin\controller\User->index[ /www/admin/onenet.zhinengyingjian.work_80/wwwroot/application/admin/controller/User.php ]
[ info ] [ DB ] INIT mysql
[ info ] [ VIEW ] /www/admin/onenet.zhinengyingjian.work_80/wwwroot/application/admin/view/user.index.html [ array (
  0 => 'classuri',
  1 => 'title',
  2 => 'list',
  3 => 'page',
) ]
[ info ] [ BEHAVIOR ] Run hook\FilterView @view_filter [ RunTime:0.001236s ]
[ info ] [ LOG ] INIT File
---------------------------------------------------------------
[ 2021-03-11T23:21:25+08:00 ] 47.102.154.221 GET onenet.zhinengyingjian.work/
[运行时间：0.018945s] [吞吐率：52.78req/s] [内存消耗：2,431.35kb] [文件加载：44]
[ info ] [ LANG ] /www/admin/onenet.zhinengyingjian.work_80/wwwroot/thinkphp/lang/zh-cn.php
[ info ] [ ROUTE ] array (
  'type' => 'module',
  'module' => 
  array (
    0 => '',
    1 => NULL,
    2 => NULL,
  ),
)
[ info ] [ HEADER ] array (
  'user-agent' => 'Mozilla/5.0 chrome(windows nt/Windows NT;)Chrome',
  'host' => 'onenet.zhinengyingjian.work',
  'connection' => 'Keep-Alive',
  'accept-encoding' => 'gzip',
)
[ info ] [ PARAM ] array (
)
[ info ] [ BEHAVIOR ] Run hook\AccessAuth @action_begin [ RunTime:0.000248s ]
[ info ] [ RUN ] app\index\controller\Index->index[ /www/admin/onenet.zhinengyingjian.work_80/wwwroot/application/index/controller/Index.php ]
[ info ] [ LOG ] INIT File
---------------------------------------------------------------
[ 2021-03-11T23:21:25+08:00 ] 47.102.154.221 GET onenet.zhinengyingjian.work/admin.html
[运行时间：0.019766s] [吞吐率：50.59req/s] [内存消耗：2,561.66kb] [文件加载：46]
[ info ] [ LANG ] /www/admin/onenet.zhinengyingjian.work_80/wwwroot/thinkphp/lang/zh-cn.php
[ info ] [ ROUTE ] array (
  'type' => 'module',
  'module' => 
  array (
    0 => 'admin',
    1 => NULL,
    2 => NULL,
  ),
)
[ info ] [ HEADER ] array (
  'user-agent' => 'Mozilla/5.0 chrome(windows nt/Windows NT;)Chrome',
  'host' => 'onenet.zhinengyingjian.work',
  'connection' => 'Keep-Alive',
  'accept-encoding' => 'gzip',
)
[ info ] [ PARAM ] array (
)
[ info ] [ SESSION ] INIT array (
  'id' => '',
  'var_session_id' => '',
  'prefix' => 'think',
  'type' => '',
  'auto_start' => true,
)
[ info ] [ LOG ] INIT File
---------------------------------------------------------------
[ 2021-03-11T23:21:25+08:00 ] 47.102.154.221 GET onenet.zhinengyingjian.work/admin/login.html
[运行时间：0.027230s] [吞吐率：36.72req/s] [内存消耗：3,593.18kb] [文件加载：52]
[ info ] [ LANG ] /www/admin/onenet.zhinengyingjian.work_80/wwwroot/thinkphp/lang/zh-cn.php
[ info ] [ ROUTE ] array (
  'type' => 'module',
  'module' => 
  array (
    0 => 'admin',
    1 => 'login',
    2 => NULL,
  ),
)
[ info ] [ HEADER ] array (
  'user-agent' => 'Mozilla/5.0 chrome(windows nt/Windows NT;)Chrome',
  'host' => 'onenet.zhinengyingjian.work',
  'connection' => 'Keep-Alive',
  'accept-encoding' => 'gzip',
)
[ info ] [ PARAM ] array (
)
[ info ] [ SESSION ] INIT array (
  'id' => '',
  'var_session_id' => '',
  'prefix' => 'think',
  'type' => '',
  'auto_start' => true,
)
[ info ] [ BEHAVIOR ] Run hook\AccessAuth @action_begin [ RunTime:0.000242s ]
[ info ] [ RUN ] app\admin\controller\Login->index[ /www/admin/onenet.zhinengyingjian.work_80/wwwroot/application/admin/controller/Login.php ]
[ info ] [ VIEW ] /www/admin/onenet.zhinengyingjian.work_80/wwwroot/application/admin/view/login.index.html [ array (
  0 => 'classuri',
  1 => 'title',
) ]
[ info ] [ DB ] INIT mysql
[ info ] [ BEHAVIOR ] Run hook\FilterView @view_filter [ RunTime:0.000316s ]
[ info ] [ LOG ] INIT File
---------------------------------------------------------------
[ 2021-03-11T23:21:40+08:00 ] 47.103.70.119 GET onenet.zhinengyingjian.work/
[运行时间：0.018610s] [吞吐率：53.73req/s] [内存消耗：2,431.45kb] [文件加载：44]
[ info ] [ LANG ] /www/admin/onenet.zhinengyingjian.work_80/wwwroot/thinkphp/lang/zh-cn.php
[ info ] [ ROUTE ] array (
  'type' => 'module',
  'module' => 
  array (
    0 => '',
    1 => NULL,
    2 => NULL,
  ),
)
[ info ] [ HEADER ] array (
  'user-agent' => 'Mozilla/5.0 chrome(windows nt/Windows NT;)Chrome',
  'host' => 'onenet.zhinengyingjian.work',
  'connection' => 'Keep-Alive',
  'accept-encoding' => 'gzip',
)
[ info ] [ PARAM ] array (
)
[ info ] [ BEHAVIOR ] Run hook\AccessAuth @action_begin [ RunTime:0.000257s ]
[ info ] [ RUN ] app\index\controller\Index->index[ /www/admin/onenet.zhinengyingjian.work_80/wwwroot/application/index/controller/Index.php ]
[ info ] [ LOG ] INIT File
---------------------------------------------------------------
[ 2021-03-11T23:21:40+08:00 ] 47.103.70.119 GET onenet.zhinengyingjian.work/admin.html
[运行时间：0.018883s] [吞吐率：52.96req/s] [内存消耗：2,561.63kb] [文件加载：46]
[ info ] [ LANG ] /www/admin/onenet.zhinengyingjian.work_80/wwwroot/thinkphp/lang/zh-cn.php
[ info ] [ ROUTE ] array (
  'type' => 'module',
  'module' => 
  array (
    0 => 'admin',
    1 => NULL,
    2 => NULL,
  ),
)
[ info ] [ HEADER ] array (
  'user-agent' => 'Mozilla/5.0 chrome(windows nt/Windows NT;)Chrome',
  'host' => 'onenet.zhinengyingjian.work',
  'connection' => 'Keep-Alive',
  'accept-encoding' => 'gzip',
)
[ info ] [ PARAM ] array (
)
[ info ] [ SESSION ] INIT array (
  'id' => '',
  'var_session_id' => '',
  'prefix' => 'think',
  'type' => '',
  'auto_start' => true,
)
[ info ] [ LOG ] INIT File
---------------------------------------------------------------
[ 2021-03-11T23:21:40+08:00 ] 47.103.70.119 GET onenet.zhinengyingjian.work/admin/login.html
[运行时间：0.027820s] [吞吐率：35.95req/s] [内存消耗：3,592.89kb] [文件加载：52]
[ info ] [ LANG ] /www/admin/onenet.zhinengyingjian.work_80/wwwroot/thinkphp/lang/zh-cn.php
[ info ] [ ROUTE ] array (
  'type' => 'module',
  'module' => 
  array (
    0 => 'admin',
    1 => 'login',
    2 => NULL,
  ),
)
[ info ] [ HEADER ] array (
  'user-agent' => 'Mozilla/5.0 chrome(windows nt/Windows NT;)Chrome',
  'host' => 'onenet.zhinengyingjian.work',
  'connection' => 'Keep-Alive',
  'accept-encoding' => 'gzip',
)
[ info ] [ PARAM ] array (
)
[ info ] [ SESSION ] INIT array (
  'id' => '',
  'var_session_id' => '',
  'prefix' => 'think',
  'type' => '',
  'auto_start' => true,
)
[ info ] [ BEHAVIOR ] Run hook\AccessAuth @action_begin [ RunTime:0.000251s ]
[ info ] [ RUN ] app\admin\controller\Login->index[ /www/admin/onenet.zhinengyingjian.work_80/wwwroot/application/admin/controller/Login.php ]
[ info ] [ VIEW ] /www/admin/onenet.zhinengyingjian.work_80/wwwroot/application/admin/view/login.index.html [ array (
  0 => 'classuri',
  1 => 'title',
) ]
[ info ] [ DB ] INIT mysql
[ info ] [ BEHAVIOR ] Run hook\FilterView @view_filter [ RunTime:0.000286s ]
[ info ] [ LOG ] INIT File
