---------------------------------------------------------------
[ 2021-03-12T01:21:54+08:00 ] 36.99.136.141 GET onenet.zhinengyingjian.work/
[运行时间：0.017693s] [吞吐率：56.52req/s] [内存消耗：2,431.54kb] [文件加载：44]
[ info ] [ LANG ] /www/admin/onenet.zhinengyingjian.work_80/wwwroot/thinkphp/lang/zh-cn.php
[ info ] [ ROUTE ] array (
  'type' => 'module',
  'module' => 
  array (
    0 => '',
    1 => NULL,
    2 => NULL,
  ),
)
[ info ] [ HEADER ] array (
  'host' => 'onenet.zhinengyingjian.work',
  'user-agent' => 'Mozilla/5.0 (Windows NT 10.0; Win64; x64) AppleWebKit/537.36 (KHTML, like Gecko) Chrome/72.0.3626.119 Safari/537.36',
  'accept-encoding' => 'gzip',
  'connection' => 'close',
)
[ info ] [ PARAM ] array (
)
[ info ] [ BEHAVIOR ] Run hook\AccessAuth @action_begin [ RunTime:0.000246s ]
[ info ] [ RUN ] app\index\controller\Index->index[ /www/admin/onenet.zhinengyingjian.work_80/wwwroot/application/index/controller/Index.php ]
[ info ] [ LOG ] INIT File
---------------------------------------------------------------
[ 2021-03-12T01:21:55+08:00 ] 36.99.136.141 GET onenet.zhinengyingjian.work/admin.html
[运行时间：0.019489s] [吞吐率：51.31req/s] [内存消耗：2,562.02kb] [文件加载：46]
[ info ] [ LANG ] /www/admin/onenet.zhinengyingjian.work_80/wwwroot/thinkphp/lang/zh-cn.php
[ info ] [ ROUTE ] array (
  'type' => 'module',
  'module' => 
  array (
    0 => 'admin',
    1 => NULL,
    2 => NULL,
  ),
)
[ info ] [ HEADER ] array (
  'host' => 'onenet.zhinengyingjian.work',
  'user-agent' => 'Mozilla/5.0 (Windows NT 10.0; Win64; x64) AppleWebKit/537.36 (KHTML, like Gecko) Chrome/72.0.3626.119 Safari/537.36',
  'referer' => 'http://onenet.zhinengyingjian.work',
  'accept-encoding' => 'gzip',
  'connection' => 'close',
)
[ info ] [ PARAM ] array (
)
[ info ] [ SESSION ] INIT array (
  'id' => '',
  'var_session_id' => '',
  'prefix' => 'think',
  'type' => '',
  'auto_start' => true,
)
[ info ] [ LOG ] INIT File
---------------------------------------------------------------
[ 2021-03-12T01:21:55+08:00 ] 36.99.136.142 GET onenet.zhinengyingjian.work/admin/login.html
[运行时间：0.027716s] [吞吐率：36.08req/s] [内存消耗：3,593.39kb] [文件加载：52]
[ info ] [ LANG ] /www/admin/onenet.zhinengyingjian.work_80/wwwroot/thinkphp/lang/zh-cn.php
[ info ] [ ROUTE ] array (
  'type' => 'module',
  'module' => 
  array (
    0 => 'admin',
    1 => 'login',
    2 => NULL,
  ),
)
[ info ] [ HEADER ] array (
  'host' => 'onenet.zhinengyingjian.work',
  'user-agent' => 'Mozilla/5.0 (Windows NT 10.0; Win64; x64) AppleWebKit/537.36 (KHTML, like Gecko) Chrome/72.0.3626.119 Safari/537.36',
  'referer' => 'http://onenet.zhinengyingjian.work/admin.html',
  'accept-encoding' => 'gzip',
  'connection' => 'close',
)
[ info ] [ PARAM ] array (
)
[ info ] [ SESSION ] INIT array (
  'id' => '',
  'var_session_id' => '',
  'prefix' => 'think',
  'type' => '',
  'auto_start' => true,
)
[ info ] [ BEHAVIOR ] Run hook\AccessAuth @action_begin [ RunTime:0.000260s ]
[ info ] [ RUN ] app\admin\controller\Login->index[ /www/admin/onenet.zhinengyingjian.work_80/wwwroot/application/admin/controller/Login.php ]
[ info ] [ VIEW ] /www/admin/onenet.zhinengyingjian.work_80/wwwroot/application/admin/view/login.index.html [ array (
  0 => 'classuri',
  1 => 'title',
) ]
[ info ] [ DB ] INIT mysql
[ info ] [ BEHAVIOR ] Run hook\FilterView @view_filter [ RunTime:0.000286s ]
[ info ] [ LOG ] INIT File
---------------------------------------------------------------
[ 2021-03-12T01:21:59+08:00 ] 36.99.136.138 GET onenet.zhinengyingjian.work/
[运行时间：0.018358s] [吞吐率：54.47req/s] [内存消耗：2,432.74kb] [文件加载：44]
[ info ] [ LANG ] /www/admin/onenet.zhinengyingjian.work_80/wwwroot/thinkphp/lang/zh-cn.php
[ info ] [ ROUTE ] array (
  'type' => 'module',
  'module' => 
  array (
    0 => '',
    1 => NULL,
    2 => NULL,
  ),
)
[ info ] [ HEADER ] array (
  'host' => 'onenet.zhinengyingjian.work',
  'connection' => 'keep-alive',
  'upgrade-insecure-requests' => '1',
  'user-agent' => 'Mozilla/5.0 (Windows NT 10.0; Win64; x64) AppleWebKit/537.36 (KHTML, like Gecko) Chrome/72.0.3626.119 Safari/537.36',
  'accept' => 'text/html,application/xhtml+xml,application/xml;q=0.9,image/avif,image/webp,image/apng,*/*;q=0.8,application/signed-exchange;v=b3;q=0.9',
  'accept-encoding' => 'gzip, deflate',
  'accept-language' => 'en-US',
)
[ info ] [ PARAM ] array (
)
[ info ] [ BEHAVIOR ] Run hook\AccessAuth @action_begin [ RunTime:0.000232s ]
[ info ] [ RUN ] app\index\controller\Index->index[ /www/admin/onenet.zhinengyingjian.work_80/wwwroot/application/index/controller/Index.php ]
[ info ] [ LOG ] INIT File
---------------------------------------------------------------
[ 2021-03-12T07:14:12+08:00 ] 34.77.162.31 GET onenet.zhinengyingjian.work/
[运行时间：0.018376s] [吞吐率：54.42req/s] [内存消耗：2,431.47kb] [文件加载：44]
[ info ] [ LANG ] /www/admin/onenet.zhinengyingjian.work_80/wwwroot/thinkphp/lang/zh-cn.php
[ info ] [ ROUTE ] array (
  'type' => 'module',
  'module' => 
  array (
    0 => '',
    1 => NULL,
    2 => NULL,
  ),
)
[ info ] [ HEADER ] array (
  'host' => 'onenet.zhinengyingjian.work',
  'user-agent' => 'Expanse indexes the network perimeters of our customers. If you have any questions or concerns, please reach out to: scaninfo@expanseinc.com',
)
[ info ] [ PARAM ] array (
)
[ info ] [ BEHAVIOR ] Run hook\AccessAuth @action_begin [ RunTime:0.000253s ]
[ info ] [ RUN ] app\index\controller\Index->index[ /www/admin/onenet.zhinengyingjian.work_80/wwwroot/application/index/controller/Index.php ]
[ info ] [ LOG ] INIT File
---------------------------------------------------------------
[ 2021-03-12T11:15:38+08:00 ] 47.102.140.179 GET onenet.zhinengyingjian.work/
[运行时间：0.018379s] [吞吐率：54.41req/s] [内存消耗：2,431.62kb] [文件加载：44]
[ info ] [ LANG ] /www/admin/onenet.zhinengyingjian.work_80/wwwroot/thinkphp/lang/zh-cn.php
[ info ] [ ROUTE ] array (
  'type' => 'module',
  'module' => 
  array (
    0 => '',
    1 => NULL,
    2 => NULL,
  ),
)
[ info ] [ HEADER ] array (
  'user-agent' => 'Mozilla/5.0 (X11; Ubuntu; Linux x86_64; rv:36.0) Gecko/20100101 Firefox/36.0',
  'host' => 'onenet.zhinengyingjian.work',
  'connection' => 'Keep-Alive',
  'accept-encoding' => 'gzip',
)
[ info ] [ PARAM ] array (
)
[ info ] [ BEHAVIOR ] Run hook\AccessAuth @action_begin [ RunTime:0.000235s ]
[ info ] [ RUN ] app\index\controller\Index->index[ /www/admin/onenet.zhinengyingjian.work_80/wwwroot/application/index/controller/Index.php ]
[ info ] [ LOG ] INIT File
---------------------------------------------------------------
[ 2021-03-12T11:15:38+08:00 ] 47.102.140.179 GET onenet.zhinengyingjian.work/admin.html
[运行时间：0.019058s] [吞吐率：52.47req/s] [内存消耗：2,561.72kb] [文件加载：46]
[ info ] [ LANG ] /www/admin/onenet.zhinengyingjian.work_80/wwwroot/thinkphp/lang/zh-cn.php
[ info ] [ ROUTE ] array (
  'type' => 'module',
  'module' => 
  array (
    0 => 'admin',
    1 => NULL,
    2 => NULL,
  ),
)
[ info ] [ HEADER ] array (
  'user-agent' => 'Mozilla/5.0 (X11; Ubuntu; Linux x86_64; rv:36.0) Gecko/20100101 Firefox/36.0',
  'host' => 'onenet.zhinengyingjian.work',
  'connection' => 'Keep-Alive',
  'accept-encoding' => 'gzip',
)
[ info ] [ PARAM ] array (
)
[ info ] [ SESSION ] INIT array (
  'id' => '',
  'var_session_id' => '',
  'prefix' => 'think',
  'type' => '',
  'auto_start' => true,
)
[ info ] [ LOG ] INIT File
---------------------------------------------------------------
[ 2021-03-12T11:15:38+08:00 ] 47.102.140.179 GET onenet.zhinengyingjian.work/admin/login.html
[运行时间：0.027990s] [吞吐率：35.73req/s] [内存消耗：3,593.20kb] [文件加载：52]
[ info ] [ LANG ] /www/admin/onenet.zhinengyingjian.work_80/wwwroot/thinkphp/lang/zh-cn.php
[ info ] [ ROUTE ] array (
  'type' => 'module',
  'module' => 
  array (
    0 => 'admin',
    1 => 'login',
    2 => NULL,
  ),
)
[ info ] [ HEADER ] array (
  'user-agent' => 'Mozilla/5.0 (X11; Ubuntu; Linux x86_64; rv:36.0) Gecko/20100101 Firefox/36.0',
  'host' => 'onenet.zhinengyingjian.work',
  'connection' => 'Keep-Alive',
  'accept-encoding' => 'gzip',
)
[ info ] [ PARAM ] array (
)
[ info ] [ SESSION ] INIT array (
  'id' => '',
  'var_session_id' => '',
  'prefix' => 'think',
  'type' => '',
  'auto_start' => true,
)
[ info ] [ BEHAVIOR ] Run hook\AccessAuth @action_begin [ RunTime:0.000238s ]
[ info ] [ RUN ] app\admin\controller\Login->index[ /www/admin/onenet.zhinengyingjian.work_80/wwwroot/application/admin/controller/Login.php ]
[ info ] [ VIEW ] /www/admin/onenet.zhinengyingjian.work_80/wwwroot/application/admin/view/login.index.html [ array (
  0 => 'classuri',
  1 => 'title',
) ]
[ info ] [ DB ] INIT mysql
[ info ] [ BEHAVIOR ] Run hook\FilterView @view_filter [ RunTime:0.000325s ]
[ info ] [ LOG ] INIT File
---------------------------------------------------------------
[ 2021-03-12T14:16:13+08:00 ] 47.102.144.234 GET onenet.zhinengyingjian.work/
[运行时间：0.017843s] [吞吐率：56.04req/s] [内存消耗：2,431.67kb] [文件加载：44]
[ info ] [ LANG ] /www/admin/onenet.zhinengyingjian.work_80/wwwroot/thinkphp/lang/zh-cn.php
[ info ] [ ROUTE ] array (
  'type' => 'module',
  'module' => 
  array (
    0 => '',
    1 => NULL,
    2 => NULL,
  ),
)
[ info ] [ HEADER ] array (
  'user-agent' => 'Mozilla/5.0 (X11; Ubuntu; Linux x86_64; rv:36.0) Gecko/20100101 Firefox/36.0',
  'host' => 'onenet.zhinengyingjian.work',
  'connection' => 'Keep-Alive',
  'accept-encoding' => 'gzip',
)
[ info ] [ PARAM ] array (
)
[ info ] [ BEHAVIOR ] Run hook\AccessAuth @action_begin [ RunTime:0.000226s ]
[ info ] [ RUN ] app\index\controller\Index->index[ /www/admin/onenet.zhinengyingjian.work_80/wwwroot/application/index/controller/Index.php ]
[ info ] [ LOG ] INIT File
---------------------------------------------------------------
[ 2021-03-12T14:16:13+08:00 ] 47.102.144.234 GET onenet.zhinengyingjian.work/admin.html
[运行时间：0.018627s] [吞吐率：53.69req/s] [内存消耗：2,561.92kb] [文件加载：46]
[ info ] [ LANG ] /www/admin/onenet.zhinengyingjian.work_80/wwwroot/thinkphp/lang/zh-cn.php
[ info ] [ ROUTE ] array (
  'type' => 'module',
  'module' => 
  array (
    0 => 'admin',
    1 => NULL,
    2 => NULL,
  ),
)
[ info ] [ HEADER ] array (
  'user-agent' => 'Mozilla/5.0 (X11; Ubuntu; Linux x86_64; rv:36.0) Gecko/20100101 Firefox/36.0',
  'host' => 'onenet.zhinengyingjian.work',
  'connection' => 'Keep-Alive',
  'accept-encoding' => 'gzip',
)
[ info ] [ PARAM ] array (
)
[ info ] [ SESSION ] INIT array (
  'id' => '',
  'var_session_id' => '',
  'prefix' => 'think',
  'type' => '',
  'auto_start' => true,
)
[ info ] [ LOG ] INIT File
---------------------------------------------------------------
[ 2021-03-12T14:16:13+08:00 ] 47.102.144.234 GET onenet.zhinengyingjian.work/admin/login.html
[运行时间：0.027058s] [吞吐率：36.96req/s] [内存消耗：3,593.52kb] [文件加载：52]
[ info ] [ LANG ] /www/admin/onenet.zhinengyingjian.work_80/wwwroot/thinkphp/lang/zh-cn.php
[ info ] [ ROUTE ] array (
  'type' => 'module',
  'module' => 
  array (
    0 => 'admin',
    1 => 'login',
    2 => NULL,
  ),
)
[ info ] [ HEADER ] array (
  'user-agent' => 'Mozilla/5.0 (X11; Ubuntu; Linux x86_64; rv:36.0) Gecko/20100101 Firefox/36.0',
  'host' => 'onenet.zhinengyingjian.work',
  'connection' => 'Keep-Alive',
  'accept-encoding' => 'gzip',
)
[ info ] [ PARAM ] array (
)
[ info ] [ SESSION ] INIT array (
  'id' => '',
  'var_session_id' => '',
  'prefix' => 'think',
  'type' => '',
  'auto_start' => true,
)
[ info ] [ BEHAVIOR ] Run hook\AccessAuth @action_begin [ RunTime:0.000231s ]
[ info ] [ RUN ] app\admin\controller\Login->index[ /www/admin/onenet.zhinengyingjian.work_80/wwwroot/application/admin/controller/Login.php ]
[ info ] [ VIEW ] /www/admin/onenet.zhinengyingjian.work_80/wwwroot/application/admin/view/login.index.html [ array (
  0 => 'classuri',
  1 => 'title',
) ]
[ info ] [ DB ] INIT mysql
[ info ] [ BEHAVIOR ] Run hook\FilterView @view_filter [ RunTime:0.000289s ]
[ info ] [ LOG ] INIT File
---------------------------------------------------------------
[ 2021-03-12T17:22:42+08:00 ] 120.237.147.91 GET onenet.zhinengyingjian.work/
[运行时间：0.018258s] [吞吐率：54.77req/s] [内存消耗：2,433.36kb] [文件加载：44]
[ info ] [ LANG ] /www/admin/onenet.zhinengyingjian.work_80/wwwroot/thinkphp/lang/zh-cn.php
[ info ] [ ROUTE ] array (
  'type' => 'module',
  'module' => 
  array (
    0 => '',
    1 => NULL,
    2 => NULL,
  ),
)
[ info ] [ HEADER ] array (
  'host' => 'onenet.zhinengyingjian.work',
  'user-agent' => 'Mozilla/5.0 (Windows NT 6.1; Win64; x64; rv:86.0) Gecko/20100101 Firefox/86.0',
  'accept' => 'text/html,application/xhtml+xml,application/xml;q=0.9,image/webp,*/*;q=0.8',
  'accept-language' => 'zh-CN,zh;q=0.8,zh-TW;q=0.7,zh-HK;q=0.5,en-US;q=0.3,en;q=0.2',
  'accept-encoding' => 'gzip, deflate',
  'connection' => 'keep-alive',
  'cookie' => 'Hm_lvt_aa2f9869e9b578122e4692de2bd9f80f=1615169832,1615208176,1615254867,1615464737; td_cookie=429926231; s79ee3df2=f7a2iusbh6mcs6ag2nuck8f603; Hm_lpvt_aa2f9869e9b578122e4692de2bd9f80f=1615464744; menu-style=full; rows=20',
  'upgrade-insecure-requests' => '1',
)
[ info ] [ PARAM ] array (
)
[ info ] [ BEHAVIOR ] Run hook\AccessAuth @action_begin [ RunTime:0.000246s ]
[ info ] [ RUN ] app\index\controller\Index->index[ /www/admin/onenet.zhinengyingjian.work_80/wwwroot/application/index/controller/Index.php ]
[ info ] [ LOG ] INIT File
---------------------------------------------------------------
[ 2021-03-12T17:22:42+08:00 ] 120.237.147.91 GET onenet.zhinengyingjian.work/admin.html
[运行时间：0.033721s] [吞吐率：29.66req/s] [内存消耗：3,851.60kb] [文件加载：58]
[ info ] [ LANG ] /www/admin/onenet.zhinengyingjian.work_80/wwwroot/thinkphp/lang/zh-cn.php
[ info ] [ ROUTE ] array (
  'type' => 'module',
  'module' => 
  array (
    0 => 'admin',
    1 => NULL,
    2 => NULL,
  ),
)
[ info ] [ HEADER ] array (
  'host' => 'onenet.zhinengyingjian.work',
  'user-agent' => 'Mozilla/5.0 (Windows NT 6.1; Win64; x64; rv:86.0) Gecko/20100101 Firefox/86.0',
  'accept' => 'text/html,application/xhtml+xml,application/xml;q=0.9,image/webp,*/*;q=0.8',
  'accept-language' => 'zh-CN,zh;q=0.8,zh-TW;q=0.7,zh-HK;q=0.5,en-US;q=0.3,en;q=0.2',
  'accept-encoding' => 'gzip, deflate',
  'connection' => 'keep-alive',
  'cookie' => 'Hm_lvt_aa2f9869e9b578122e4692de2bd9f80f=1615169832,1615208176,1615254867,1615464737; td_cookie=429926231; s79ee3df2=f7a2iusbh6mcs6ag2nuck8f603; Hm_lpvt_aa2f9869e9b578122e4692de2bd9f80f=1615464744; menu-style=full; rows=20',
  'upgrade-insecure-requests' => '1',
)
[ info ] [ PARAM ] array (
)
[ info ] [ SESSION ] INIT array (
  'id' => '',
  'var_session_id' => '',
  'prefix' => 'think',
  'type' => '',
  'auto_start' => true,
)
[ info ] [ BEHAVIOR ] Run hook\AccessAuth @action_begin [ RunTime:0.001038s ]
[ info ] [ RUN ] app\admin\controller\Index->index[ /www/admin/onenet.zhinengyingjian.work_80/wwwroot/application/admin/controller/Index.php ]
[ info ] [ CACHE ] INIT File
[ info ] [ DB ] INIT mysql
[ info ] [ VIEW ] /www/admin/onenet.zhinengyingjian.work_80/wwwroot/application/admin/view/index.index.html [ array (
  0 => 'classuri',
  1 => 'title',
  2 => 'menus',
) ]
[ info ] [ BEHAVIOR ] Run hook\FilterView @view_filter [ RunTime:0.000324s ]
[ info ] [ LOG ] INIT File
---------------------------------------------------------------
[ 2021-03-12T17:22:43+08:00 ] 120.237.147.91 GET onenet.zhinengyingjian.work/admin/onenetmsg/index.html?spm=m-92-94
[运行时间：0.187602s] [吞吐率：5.33req/s] [内存消耗：3,987.48kb] [文件加载：62]
[ info ] [ LANG ] /www/admin/onenet.zhinengyingjian.work_80/wwwroot/thinkphp/lang/zh-cn.php
[ info ] [ ROUTE ] array (
  'type' => 'module',
  'module' => 
  array (
    0 => 'admin',
    1 => 'onenetmsg',
    2 => 'index',
  ),
)
[ info ] [ HEADER ] array (
  'host' => 'onenet.zhinengyingjian.work',
  'user-agent' => 'Mozilla/5.0 (Windows NT 6.1; Win64; x64; rv:86.0) Gecko/20100101 Firefox/86.0',
  'accept' => '*/*',
  'accept-language' => 'zh-CN,zh;q=0.8,zh-TW;q=0.7,zh-HK;q=0.5,en-US;q=0.3,en;q=0.2',
  'accept-encoding' => 'gzip, deflate',
  'x-requested-with' => 'XMLHttpRequest',
  'connection' => 'keep-alive',
  'referer' => 'http://onenet.zhinengyingjian.work/admin.html',
  'cookie' => 'Hm_lvt_aa2f9869e9b578122e4692de2bd9f80f=1615169832,1615208176,1615254867,1615464737; td_cookie=429926231; s79ee3df2=f7a2iusbh6mcs6ag2nuck8f603; Hm_lpvt_aa2f9869e9b578122e4692de2bd9f80f=1615540963; menu-style=full; rows=20',
)
[ info ] [ PARAM ] array (
  'spm' => 'm-92-94',
)
[ info ] [ SESSION ] INIT array (
  'id' => '',
  'var_session_id' => '',
  'prefix' => 'think',
  'type' => '',
  'auto_start' => true,
)
[ info ] [ BEHAVIOR ] Run hook\AccessAuth @action_begin [ RunTime:0.001036s ]
[ info ] [ RUN ] app\admin\controller\Onenetmsg->index[ /www/admin/onenet.zhinengyingjian.work_80/wwwroot/application/admin/controller/Onenetmsg.php ]
[ info ] [ API_URL ] 'http://openapi.heclouds.com/application?action=QueryProductList&version=1&project_id=VZ8n3z'
[ info ] [ API_HEADER ] array (
  0 => 'authorization: version=2020-05-29&res=userid%2F223931&et=3231083726&method=sha1&sign=nMvne6Pw3848A3oIoZ0de5AZiFs%3D',
)
[ info ] [ API_PARAM ] array (
  'action' => 'QueryProductList',
  'version' => 1,
  'project_id' => 'VZ8n3z',
)
[ info ] [ API_RESULT ] '{"data":{"list":[{"data_type":1,"desc":"","device_number":3,"name":"TPS508","network":"3,4,2","node_type":1,"product_id":"Y6bOd21O20","protocol":2,"type":1}],"meta":{"limit":10,"offset":0,"total":1}},"requestId":"c2ac3451a0be4d52819ada66baa18ac6","success":true}'
[ info ] [ API_HTTP_INFO ] array (
  'url' => 'http://openapi.heclouds.com/application?action=QueryProductList&version=1&project_id=VZ8n3z',
  'content_type' => 'application/json; charset=utf-8',
  'http_code' => 200,
  'header_size' => 140,
  'request_size' => 239,
  'filetime' => -1,
  'ssl_verify_result' => 0,
  'redirect_count' => 0,
  'total_time' => 0.153086,
  'namelookup_time' => 0.060361999999999999,
  'connect_time' => 0.094270000000000007,
  'pretransfer_time' => 0.094308000000000003,
  'size_upload' => 0,
  'size_download' => 262,
  'speed_download' => 1711,
  'speed_upload' => 0,
  'download_content_length' => 262,
  'upload_content_length' => 0,
  'starttransfer_time' => 0.153057,
  'redirect_time' => 0,
  'redirect_url' => '',
  'primary_ip' => '183.230.102.116',
  'certinfo' => 
  array (
  ),
  'primary_port' => 80,
  'local_ip' => '172.18.62.150',
  'local_port' => 55697,
)
[ info ] [ DB ] INIT mysql
[ info ] [ VIEW ] /www/admin/onenet.zhinengyingjian.work_80/wwwroot/application/admin/view/onenetmsg.index.html [ array (
  0 => 'classuri',
  1 => 'product_ids',
  2 => 'title',
  3 => 'list',
  4 => 'page',
) ]
[ info ] [ BEHAVIOR ] Run hook\FilterView @view_filter [ RunTime:0.001514s ]
[ info ] [ LOG ] INIT File
---------------------------------------------------------------
[ 2021-03-12T17:22:46+08:00 ] 120.237.147.91 GET onenet.zhinengyingjian.work/admin/onenetmsg/index.html?spm=m-92-94&project_id=&product_id=&device_name=
[运行时间：0.147504s] [吞吐率：6.78req/s] [内存消耗：3,989.15kb] [文件加载：62]
[ info ] [ LANG ] /www/admin/onenet.zhinengyingjian.work_80/wwwroot/thinkphp/lang/zh-cn.php
[ info ] [ ROUTE ] array (
  'type' => 'module',
  'module' => 
  array (
    0 => 'admin',
    1 => 'onenetmsg',
    2 => 'index',
  ),
)
[ info ] [ HEADER ] array (
  'host' => 'onenet.zhinengyingjian.work',
  'user-agent' => 'Mozilla/5.0 (Windows NT 6.1; Win64; x64; rv:86.0) Gecko/20100101 Firefox/86.0',
  'accept' => '*/*',
  'accept-language' => 'zh-CN,zh;q=0.8,zh-TW;q=0.7,zh-HK;q=0.5,en-US;q=0.3,en;q=0.2',
  'accept-encoding' => 'gzip, deflate',
  'x-requested-with' => 'XMLHttpRequest',
  'connection' => 'keep-alive',
  'referer' => 'http://onenet.zhinengyingjian.work/admin.html',
  'cookie' => 'Hm_lvt_aa2f9869e9b578122e4692de2bd9f80f=1615169832,1615208176,1615254867,1615464737; td_cookie=429926231; s79ee3df2=f7a2iusbh6mcs6ag2nuck8f603; Hm_lpvt_aa2f9869e9b578122e4692de2bd9f80f=1615540963; menu-style=full; rows=20',
)
[ info ] [ PARAM ] array (
  'spm' => 'm-92-94',
  'project_id' => '',
  'product_id' => '',
  'device_name' => '',
)
[ info ] [ SESSION ] INIT array (
  'id' => '',
  'var_session_id' => '',
  'prefix' => 'think',
  'type' => '',
  'auto_start' => true,
)
[ info ] [ BEHAVIOR ] Run hook\AccessAuth @action_begin [ RunTime:0.001029s ]
[ info ] [ RUN ] app\admin\controller\Onenetmsg->index[ /www/admin/onenet.zhinengyingjian.work_80/wwwroot/application/admin/controller/Onenetmsg.php ]
[ info ] [ API_URL ] 'http://openapi.heclouds.com/application?action=QueryProductList&version=1&project_id=VZ8n3z'
[ info ] [ API_HEADER ] array (
  0 => 'authorization: version=2020-05-29&res=userid%2F223931&et=3231083732&method=sha1&sign=JLTmiVN50oTZ22RHA2Tks6XK9Es%3D',
)
[ info ] [ API_PARAM ] array (
  'action' => 'QueryProductList',
  'version' => 1,
  'project_id' => 'VZ8n3z',
)
[ info ] [ API_RESULT ] '{"data":{"list":[{"data_type":1,"desc":"","device_number":3,"name":"TPS508","network":"3,4,2","node_type":1,"product_id":"Y6bOd21O20","protocol":2,"type":1}],"meta":{"limit":10,"offset":0,"total":1}},"requestId":"66c1968d387549569198815e68741326","success":true}'
[ info ] [ API_HTTP_INFO ] array (
  'url' => 'http://openapi.heclouds.com/application?action=QueryProductList&version=1&project_id=VZ8n3z',
  'content_type' => 'application/json; charset=utf-8',
  'http_code' => 200,
  'header_size' => 140,
  'request_size' => 239,
  'filetime' => -1,
  'ssl_verify_result' => 0,
  'redirect_count' => 0,
  'total_time' => 0.11391800000000001,
  'namelookup_time' => 0.012215,
  'connect_time' => 0.046525999999999998,
  'pretransfer_time' => 0.046566999999999997,
  'size_upload' => 0,
  'size_download' => 262,
  'speed_download' => 2299,
  'speed_upload' => 0,
  'download_content_length' => 262,
  'upload_content_length' => 0,
  'starttransfer_time' => 0.113888,
  'redirect_time' => 0,
  'redirect_url' => '',
  'primary_ip' => '183.230.102.116',
  'certinfo' => 
  array (
  ),
  'primary_port' => 80,
  'local_ip' => '172.18.62.150',
  'local_port' => 55703,
)
[ info ] [ DB ] INIT mysql
[ info ] [ VIEW ] /www/admin/onenet.zhinengyingjian.work_80/wwwroot/application/admin/view/onenetmsg.index.html [ array (
  0 => 'classuri',
  1 => 'product_ids',
  2 => 'title',
  3 => 'list',
  4 => 'page',
) ]
[ info ] [ BEHAVIOR ] Run hook\FilterView @view_filter [ RunTime:0.001360s ]
[ info ] [ LOG ] INIT File
---------------------------------------------------------------
[ 2021-03-12T17:23:01+08:00 ] 120.237.147.91 GET onenet.zhinengyingjian.work/admin/onenetdevice/index.html?spm=m-92-96
[运行时间：0.278663s] [吞吐率：3.59req/s] [内存消耗：3,782.80kb] [文件加载：58]
[ info ] [ LANG ] /www/admin/onenet.zhinengyingjian.work_80/wwwroot/thinkphp/lang/zh-cn.php
[ info ] [ ROUTE ] array (
  'type' => 'module',
  'module' => 
  array (
    0 => 'admin',
    1 => 'onenetdevice',
    2 => 'index',
  ),
)
[ info ] [ HEADER ] array (
  'host' => 'onenet.zhinengyingjian.work',
  'user-agent' => 'Mozilla/5.0 (Windows NT 6.1; Win64; x64; rv:86.0) Gecko/20100101 Firefox/86.0',
  'accept' => '*/*',
  'accept-language' => 'zh-CN,zh;q=0.8,zh-TW;q=0.7,zh-HK;q=0.5,en-US;q=0.3,en;q=0.2',
  'accept-encoding' => 'gzip, deflate',
  'x-requested-with' => 'XMLHttpRequest',
  'connection' => 'keep-alive',
  'referer' => 'http://onenet.zhinengyingjian.work/admin.html',
  'cookie' => 'Hm_lvt_aa2f9869e9b578122e4692de2bd9f80f=1615169832,1615208176,1615254867,1615464737; td_cookie=429926231; s79ee3df2=f7a2iusbh6mcs6ag2nuck8f603; Hm_lpvt_aa2f9869e9b578122e4692de2bd9f80f=1615540963; menu-style=full; rows=20',
)
[ info ] [ PARAM ] array (
  'spm' => 'm-92-96',
)
[ info ] [ SESSION ] INIT array (
  'id' => '',
  'var_session_id' => '',
  'prefix' => 'think',
  'type' => '',
  'auto_start' => true,
)
[ info ] [ BEHAVIOR ] Run hook\AccessAuth @action_begin [ RunTime:0.001057s ]
[ info ] [ RUN ] app\admin\controller\Onenetdevice->index[ /www/admin/onenet.zhinengyingjian.work_80/wwwroot/application/admin/controller/Onenetdevice.php ]
[ info ] [ API_URL ] 'http://openapi.heclouds.com/application?action=QueryProductList&version=1&project_id=VZ8n3z'
[ info ] [ API_HEADER ] array (
  0 => 'authorization: version=2020-05-29&res=userid%2F223931&et=3231083760&method=sha1&sign=i1pdBQL63XRI6grS49%2BtvYiFxtI%3D',
)
[ info ] [ API_PARAM ] array (
  'action' => 'QueryProductList',
  'version' => 1,
  'project_id' => 'VZ8n3z',
)
[ info ] [ API_RESULT ] '{"data":{"list":[{"data_type":1,"desc":"","device_number":3,"name":"TPS508","network":"3,4,2","node_type":1,"product_id":"Y6bOd21O20","protocol":2,"type":1}],"meta":{"limit":10,"offset":0,"total":1}},"requestId":"f7319537c7614ae181c8f03c5aebc907","success":true}'
[ info ] [ API_HTTP_INFO ] array (
  'url' => 'http://openapi.heclouds.com/application?action=QueryProductList&version=1&project_id=VZ8n3z',
  'content_type' => 'application/json; charset=utf-8',
  'http_code' => 200,
  'header_size' => 140,
  'request_size' => 241,
  'filetime' => -1,
  'ssl_verify_result' => 0,
  'redirect_count' => 0,
  'total_time' => 0.098941000000000001,
  'namelookup_time' => 0.0041489999999999999,
  'connect_time' => 0.038646,
  'pretransfer_time' => 0.038693999999999999,
  'size_upload' => 0,
  'size_download' => 262,
  'speed_download' => 2648,
  'speed_upload' => 0,
  'download_content_length' => 262,
  'upload_content_length' => 0,
  'starttransfer_time' => 0.098919999999999994,
  'redirect_time' => 0,
  'redirect_url' => '',
  'primary_ip' => '183.230.102.116',
  'certinfo' => 
  array (
  ),
  'primary_port' => 80,
  'local_ip' => '172.18.62.150',
  'local_port' => 55713,
)
[ info ] [ API_URL ] 'http://openapi.heclouds.com/application?action=QueryDeviceList&version=1&project_id=VZ8n3z&offset=0&limit=20'
[ info ] [ API_HEADER ] array (
  0 => 'authorization: version=2020-05-29&res=userid%2F223931&et=3231083760&method=sha1&sign=i1pdBQL63XRI6grS49%2BtvYiFxtI%3D',
)
[ info ] [ API_PARAM ] array (
  'action' => 'QueryDeviceList',
  'version' => 1,
  'project_id' => 'VZ8n3z',
  'offset' => 0,
  'limit' => 20,
)
[ info ] [ API_RESULT ] '{"data":{"list":[{"created_time":"2021-03-05T07:56:05.582Z","device_name":"1120508000400880","from":1,"last_time":"2021-03-11T09:23:58.632Z","lat":"23.027798","lon":"113.175402","node_type":1,"product_id":"Y6bOd21O20","product_name":"TPS508","status":3},{"created_time":"2021-03-01T02:44:37.980Z","device_name":"123456","from":1,"last_time":"2021-03-06T08:08:20.963Z","lat":"","lon":"","node_type":1,"product_id":"Y6bOd21O20","product_name":"TPS508","status":3},{"created_time":"2021-02-26T07:03:50.367Z","device_name":"A040508000300008","from":1,"last_time":"2021-03-09T10:27:04.271Z","lat":"23.027812","lon":"113.175367","node_type":1,"product_id":"Y6bOd21O20","product_name":"TPS508","status":3}],"meta":{"limit":20,"offset":0,"total":3}},"requestId":"90fcc3193458406782a333490b3afd54","success":true}'
[ info ] [ API_HTTP_INFO ] array (
  'url' => 'http://openapi.heclouds.com/application?action=QueryDeviceList&version=1&project_id=VZ8n3z&offset=0&limit=20',
  'content_type' => 'application/json; charset=utf-8',
  'http_code' => 200,
  'header_size' => 140,
  'request_size' => 258,
  'filetime' => -1,
  'ssl_verify_result' => 0,
  'redirect_count' => 0,
  'total_time' => 0.14847600000000005,
  'namelookup_time' => 0.060396000000000005,
  'connect_time' => 0.093628000000000045,
  'pretransfer_time' => 0.093670999999999949,
  'size_upload' => 0,
  'size_download' => 804,
  'speed_download' => 5415,
  'speed_upload' => 0,
  'download_content_length' => 804,
  'upload_content_length' => 0,
  'starttransfer_time' => 0.14845699999999995,
  'redirect_time' => 0,
  'redirect_url' => '',
  'primary_ip' => '183.230.102.116',
  'certinfo' => 
  array (
  ),
  'primary_port' => 80,
  'local_ip' => '172.18.62.150',
  'local_port' => 55715,
)
[ info ] [ VIEW ] /www/admin/onenet.zhinengyingjian.work_80/wwwroot/application/admin/view/onenetdevice.index.html [ array (
  0 => 'classuri',
  1 => 'title',
  2 => 'product_ids',
  3 => 'page',
  4 => 'list',
) ]
[ info ] [ DB ] INIT mysql
[ info ] [ BEHAVIOR ] Run hook\FilterView @view_filter [ RunTime:0.007753s ]
[ info ] [ LOG ] INIT File
---------------------------------------------------------------
[ 2021-03-12T17:23:01+08:00 ] 120.237.147.91 GET onenet.zhinengyingjian.work/admin/onenetcmdlog/index.html?spm=m-92-97
[运行时间：0.124385s] [吞吐率：8.04req/s] [内存消耗：3,991.91kb] [文件加载：62]
[ info ] [ LANG ] /www/admin/onenet.zhinengyingjian.work_80/wwwroot/thinkphp/lang/zh-cn.php
[ info ] [ ROUTE ] array (
  'type' => 'module',
  'module' => 
  array (
    0 => 'admin',
    1 => 'onenetcmdlog',
    2 => 'index',
  ),
)
[ info ] [ HEADER ] array (
  'host' => 'onenet.zhinengyingjian.work',
  'user-agent' => 'Mozilla/5.0 (Windows NT 6.1; Win64; x64; rv:86.0) Gecko/20100101 Firefox/86.0',
  'accept' => '*/*',
  'accept-language' => 'zh-CN,zh;q=0.8,zh-TW;q=0.7,zh-HK;q=0.5,en-US;q=0.3,en;q=0.2',
  'accept-encoding' => 'gzip, deflate',
  'x-requested-with' => 'XMLHttpRequest',
  'connection' => 'keep-alive',
  'referer' => 'http://onenet.zhinengyingjian.work/admin.html',
  'cookie' => 'Hm_lvt_aa2f9869e9b578122e4692de2bd9f80f=1615169832,1615208176,1615254867,1615464737; td_cookie=429926231; s79ee3df2=f7a2iusbh6mcs6ag2nuck8f603; Hm_lpvt_aa2f9869e9b578122e4692de2bd9f80f=1615540963; menu-style=full; rows=20',
)
[ info ] [ PARAM ] array (
  'spm' => 'm-92-97',
)
[ info ] [ SESSION ] INIT array (
  'id' => '',
  'var_session_id' => '',
  'prefix' => 'think',
  'type' => '',
  'auto_start' => true,
)
[ info ] [ BEHAVIOR ] Run hook\AccessAuth @action_begin [ RunTime:0.001033s ]
[ info ] [ RUN ] app\admin\controller\Onenetcmdlog->index[ /www/admin/onenet.zhinengyingjian.work_80/wwwroot/application/admin/controller/Onenetcmdlog.php ]
[ info ] [ API_URL ] 'http://openapi.heclouds.com/application?action=QueryProductList&version=1&project_id=VZ8n3z'
[ info ] [ API_HEADER ] array (
  0 => 'authorization: version=2020-05-29&res=userid%2F223931&et=3231083762&method=sha1&sign=z2f7lzG1bOslmCtDK2lcJlIFPi0%3D',
)
[ info ] [ API_PARAM ] array (
  'action' => 'QueryProductList',
  'version' => 1,
  'project_id' => 'VZ8n3z',
)
[ info ] [ API_RESULT ] '{"data":{"list":[{"data_type":1,"desc":"","device_number":3,"name":"TPS508","network":"3,4,2","node_type":1,"product_id":"Y6bOd21O20","protocol":2,"type":1}],"meta":{"limit":10,"offset":0,"total":1}},"requestId":"d34bc6e2127c4d4aa1d2509e17df7142","success":true}'
[ info ] [ API_HTTP_INFO ] array (
  'url' => 'http://openapi.heclouds.com/application?action=QueryProductList&version=1&project_id=VZ8n3z',
  'content_type' => 'application/json; charset=utf-8',
  'http_code' => 200,
  'header_size' => 140,
  'request_size' => 239,
  'filetime' => -1,
  'ssl_verify_result' => 0,
  'redirect_count' => 0,
  'total_time' => 0.090579000000000007,
  'namelookup_time' => 0.0041060000000000003,
  'connect_time' => 0.035895000000000003,
  'pretransfer_time' => 0.035928000000000002,
  'size_upload' => 0,
  'size_download' => 262,
  'speed_download' => 2892,
  'speed_upload' => 0,
  'download_content_length' => 262,
  'upload_content_length' => 0,
  'starttransfer_time' => 0.090560000000000002,
  'redirect_time' => 0,
  'redirect_url' => '',
  'primary_ip' => '183.230.102.116',
  'certinfo' => 
  array (
  ),
  'primary_port' => 80,
  'local_ip' => '172.18.62.150',
  'local_port' => 55721,
)
[ info ] [ DB ] INIT mysql
[ info ] [ VIEW ] /www/admin/onenet.zhinengyingjian.work_80/wwwroot/application/admin/view/onenetcmdlog.index.html [ array (
  0 => 'classuri',
  1 => 'product_ids',
  2 => 'title',
  3 => 'list',
  4 => 'page',
) ]
[ info ] [ BEHAVIOR ] Run hook\FilterView @view_filter [ RunTime:0.001319s ]
[ info ] [ LOG ] INIT File
---------------------------------------------------------------
[ 2021-03-12T17:44:53+08:00 ] 36.99.136.142 GET onenet.zhinengyingjian.work/
[运行时间：0.019036s] [吞吐率：52.53req/s] [内存消耗：2,431.55kb] [文件加载：44]
[ info ] [ LANG ] /www/admin/onenet.zhinengyingjian.work_80/wwwroot/thinkphp/lang/zh-cn.php
[ info ] [ ROUTE ] array (
  'type' => 'module',
  'module' => 
  array (
    0 => '',
    1 => NULL,
    2 => NULL,
  ),
)
[ info ] [ HEADER ] array (
  'host' => 'onenet.zhinengyingjian.work',
  'user-agent' => 'Mozilla/5.0 (Windows NT 10.0; Win64; x64) AppleWebKit/537.36 (KHTML, like Gecko) Chrome/72.0.3626.119 Safari/537.36',
  'accept-encoding' => 'gzip',
  'connection' => 'close',
)
[ info ] [ PARAM ] array (
)
[ info ] [ BEHAVIOR ] Run hook\AccessAuth @action_begin [ RunTime:0.000242s ]
[ info ] [ RUN ] app\index\controller\Index->index[ /www/admin/onenet.zhinengyingjian.work_80/wwwroot/application/index/controller/Index.php ]
[ info ] [ LOG ] INIT File
---------------------------------------------------------------
[ 2021-03-12T17:44:53+08:00 ] 36.99.136.143 GET onenet.zhinengyingjian.work/admin.html
[运行时间：0.019717s] [吞吐率：50.72req/s] [内存消耗：2,562.02kb] [文件加载：46]
[ info ] [ LANG ] /www/admin/onenet.zhinengyingjian.work_80/wwwroot/thinkphp/lang/zh-cn.php
[ info ] [ ROUTE ] array (
  'type' => 'module',
  'module' => 
  array (
    0 => 'admin',
    1 => NULL,
    2 => NULL,
  ),
)
[ info ] [ HEADER ] array (
  'host' => 'onenet.zhinengyingjian.work',
  'user-agent' => 'Mozilla/5.0 (Windows NT 10.0; Win64; x64) AppleWebKit/537.36 (KHTML, like Gecko) Chrome/72.0.3626.119 Safari/537.36',
  'referer' => 'http://onenet.zhinengyingjian.work',
  'accept-encoding' => 'gzip',
  'connection' => 'close',
)
[ info ] [ PARAM ] array (
)
[ info ] [ SESSION ] INIT array (
  'id' => '',
  'var_session_id' => '',
  'prefix' => 'think',
  'type' => '',
  'auto_start' => true,
)
[ info ] [ LOG ] INIT File
---------------------------------------------------------------
[ 2021-03-12T17:44:54+08:00 ] 36.99.136.138 GET onenet.zhinengyingjian.work/admin/login.html
[运行时间：0.027076s] [吞吐率：36.93req/s] [内存消耗：3,593.39kb] [文件加载：52]
[ info ] [ LANG ] /www/admin/onenet.zhinengyingjian.work_80/wwwroot/thinkphp/lang/zh-cn.php
[ info ] [ ROUTE ] array (
  'type' => 'module',
  'module' => 
  array (
    0 => 'admin',
    1 => 'login',
    2 => NULL,
  ),
)
[ info ] [ HEADER ] array (
  'host' => 'onenet.zhinengyingjian.work',
  'user-agent' => 'Mozilla/5.0 (Windows NT 10.0; Win64; x64) AppleWebKit/537.36 (KHTML, like Gecko) Chrome/72.0.3626.119 Safari/537.36',
  'referer' => 'http://onenet.zhinengyingjian.work/admin.html',
  'accept-encoding' => 'gzip',
  'connection' => 'close',
)
[ info ] [ PARAM ] array (
)
[ info ] [ SESSION ] INIT array (
  'id' => '',
  'var_session_id' => '',
  'prefix' => 'think',
  'type' => '',
  'auto_start' => true,
)
[ info ] [ BEHAVIOR ] Run hook\AccessAuth @action_begin [ RunTime:0.000242s ]
[ info ] [ RUN ] app\admin\controller\Login->index[ /www/admin/onenet.zhinengyingjian.work_80/wwwroot/application/admin/controller/Login.php ]
[ info ] [ VIEW ] /www/admin/onenet.zhinengyingjian.work_80/wwwroot/application/admin/view/login.index.html [ array (
  0 => 'classuri',
  1 => 'title',
) ]
[ info ] [ DB ] INIT mysql
[ info ] [ BEHAVIOR ] Run hook\FilterView @view_filter [ RunTime:0.000276s ]
[ info ] [ LOG ] INIT File
---------------------------------------------------------------
[ 2021-03-12T17:46:04+08:00 ] 36.99.136.140 GET onenet.zhinengyingjian.work/
[运行时间：0.018634s] [吞吐率：53.67req/s] [内存消耗：2,432.74kb] [文件加载：44]
[ info ] [ LANG ] /www/admin/onenet.zhinengyingjian.work_80/wwwroot/thinkphp/lang/zh-cn.php
[ info ] [ ROUTE ] array (
  'type' => 'module',
  'module' => 
  array (
    0 => '',
    1 => NULL,
    2 => NULL,
  ),
)
[ info ] [ HEADER ] array (
  'host' => 'onenet.zhinengyingjian.work',
  'connection' => 'keep-alive',
  'upgrade-insecure-requests' => '1',
  'user-agent' => 'Mozilla/5.0 (Windows NT 10.0; Win64; x64) AppleWebKit/537.36 (KHTML, like Gecko) Chrome/72.0.3626.119 Safari/537.36',
  'accept' => 'text/html,application/xhtml+xml,application/xml;q=0.9,image/avif,image/webp,image/apng,*/*;q=0.8,application/signed-exchange;v=b3;q=0.9',
  'accept-encoding' => 'gzip, deflate',
  'accept-language' => 'en-US',
)
[ info ] [ PARAM ] array (
)
[ info ] [ BEHAVIOR ] Run hook\AccessAuth @action_begin [ RunTime:0.000241s ]
[ info ] [ RUN ] app\index\controller\Index->index[ /www/admin/onenet.zhinengyingjian.work_80/wwwroot/application/index/controller/Index.php ]
[ info ] [ LOG ] INIT File
---------------------------------------------------------------
[ 2021-03-12T17:46:05+08:00 ] 36.99.136.140 GET onenet.zhinengyingjian.work/admin.html
[运行时间：0.019761s] [吞吐率：50.60req/s] [内存消耗：2,562.91kb] [文件加载：46]
[ info ] [ LANG ] /www/admin/onenet.zhinengyingjian.work_80/wwwroot/thinkphp/lang/zh-cn.php
[ info ] [ ROUTE ] array (
  'type' => 'module',
  'module' => 
  array (
    0 => 'admin',
    1 => NULL,
    2 => NULL,
  ),
)
[ info ] [ HEADER ] array (
  'host' => 'onenet.zhinengyingjian.work',
  'connection' => 'keep-alive',
  'upgrade-insecure-requests' => '1',
  'user-agent' => 'Mozilla/5.0 (Windows NT 10.0; Win64; x64) AppleWebKit/537.36 (KHTML, like Gecko) Chrome/72.0.3626.119 Safari/537.36',
  'accept' => 'text/html,application/xhtml+xml,application/xml;q=0.9,image/avif,image/webp,image/apng,*/*;q=0.8,application/signed-exchange;v=b3;q=0.9',
  'accept-encoding' => 'gzip, deflate',
  'accept-language' => 'en-US',
)
[ info ] [ PARAM ] array (
)
[ info ] [ SESSION ] INIT array (
  'id' => '',
  'var_session_id' => '',
  'prefix' => 'think',
  'type' => '',
  'auto_start' => true,
)
[ info ] [ LOG ] INIT File
---------------------------------------------------------------
[ 2021-03-12T17:46:06+08:00 ] 36.99.136.140 GET onenet.zhinengyingjian.work/admin/login.html
[运行时间：0.027060s] [吞吐率：36.95req/s] [内存消耗：3,594.16kb] [文件加载：52]
[ info ] [ LANG ] /www/admin/onenet.zhinengyingjian.work_80/wwwroot/thinkphp/lang/zh-cn.php
[ info ] [ ROUTE ] array (
  'type' => 'module',
  'module' => 
  array (
    0 => 'admin',
    1 => 'login',
    2 => NULL,
  ),
)
[ info ] [ HEADER ] array (
  'host' => 'onenet.zhinengyingjian.work',
  'connection' => 'keep-alive',
  'upgrade-insecure-requests' => '1',
  'user-agent' => 'Mozilla/5.0 (Windows NT 10.0; Win64; x64) AppleWebKit/537.36 (KHTML, like Gecko) Chrome/72.0.3626.119 Safari/537.36',
  'accept' => 'text/html,application/xhtml+xml,application/xml;q=0.9,image/avif,image/webp,image/apng,*/*;q=0.8,application/signed-exchange;v=b3;q=0.9',
  'accept-encoding' => 'gzip, deflate',
  'accept-language' => 'en-US',
  'cookie' => 's79ee3df2=s4fh9vsdb0jf5952tvj61c8404',
)
[ info ] [ PARAM ] array (
)
[ info ] [ SESSION ] INIT array (
  'id' => '',
  'var_session_id' => '',
  'prefix' => 'think',
  'type' => '',
  'auto_start' => true,
)
[ info ] [ BEHAVIOR ] Run hook\AccessAuth @action_begin [ RunTime:0.000266s ]
[ info ] [ RUN ] app\admin\controller\Login->index[ /www/admin/onenet.zhinengyingjian.work_80/wwwroot/application/admin/controller/Login.php ]
[ info ] [ VIEW ] /www/admin/onenet.zhinengyingjian.work_80/wwwroot/application/admin/view/login.index.html [ array (
  0 => 'classuri',
  1 => 'title',
) ]
[ info ] [ DB ] INIT mysql
[ info ] [ BEHAVIOR ] Run hook\FilterView @view_filter [ RunTime:0.000285s ]
[ info ] [ LOG ] INIT File
---------------------------------------------------------------
[ 2021-03-12T17:46:12+08:00 ] 36.99.136.140 GET onenet.zhinengyingjian.work/admin/login.html
[运行时间：0.026851s] [吞吐率：37.24req/s] [内存消耗：3,594.55kb] [文件加载：52]
[ info ] [ LANG ] /www/admin/onenet.zhinengyingjian.work_80/wwwroot/thinkphp/lang/zh-cn.php
[ info ] [ ROUTE ] array (
  'type' => 'module',
  'module' => 
  array (
    0 => 'admin',
    1 => 'login',
    2 => NULL,
  ),
)
[ info ] [ HEADER ] array (
  'host' => 'onenet.zhinengyingjian.work',
  'connection' => 'keep-alive',
  'cache-control' => 'max-age=0',
  'upgrade-insecure-requests' => '1',
  'user-agent' => 'Mozilla/5.0 (Windows NT 10.0; Win64; x64) AppleWebKit/537.36 (KHTML, like Gecko) Chrome/72.0.3626.119 Safari/537.36',
  'accept' => 'text/html,application/xhtml+xml,application/xml;q=0.9,image/avif,image/webp,image/apng,*/*;q=0.8,application/signed-exchange;v=b3;q=0.9',
  'accept-encoding' => 'gzip, deflate',
  'accept-language' => 'en-US',
  'cookie' => 's79ee3df2=s4fh9vsdb0jf5952tvj61c8404',
)
[ info ] [ PARAM ] array (
)
[ info ] [ SESSION ] INIT array (
  'id' => '',
  'var_session_id' => '',
  'prefix' => 'think',
  'type' => '',
  'auto_start' => true,
)
[ info ] [ BEHAVIOR ] Run hook\AccessAuth @action_begin [ RunTime:0.000233s ]
[ info ] [ RUN ] app\admin\controller\Login->index[ /www/admin/onenet.zhinengyingjian.work_80/wwwroot/application/admin/controller/Login.php ]
[ info ] [ VIEW ] /www/admin/onenet.zhinengyingjian.work_80/wwwroot/application/admin/view/login.index.html [ array (
  0 => 'classuri',
  1 => 'title',
) ]
[ info ] [ DB ] INIT mysql
[ info ] [ BEHAVIOR ] Run hook\FilterView @view_filter [ RunTime:0.000318s ]
[ info ] [ LOG ] INIT File
---------------------------------------------------------------
[ 2021-03-12T19:02:33+08:00 ] 36.99.136.135 GET onenet.zhinengyingjian.work/
[运行时间：0.018500s] [吞吐率：54.05req/s] [内存消耗：2,431.55kb] [文件加载：44]
[ info ] [ LANG ] /www/admin/onenet.zhinengyingjian.work_80/wwwroot/thinkphp/lang/zh-cn.php
[ info ] [ ROUTE ] array (
  'type' => 'module',
  'module' => 
  array (
    0 => '',
    1 => NULL,
    2 => NULL,
  ),
)
[ info ] [ HEADER ] array (
  'host' => 'onenet.zhinengyingjian.work',
  'user-agent' => 'Mozilla/5.0 (Windows NT 10.0; Win64; x64) AppleWebKit/537.36 (KHTML, like Gecko) Chrome/72.0.3626.119 Safari/537.36',
  'accept-encoding' => 'gzip',
  'connection' => 'close',
)
[ info ] [ PARAM ] array (
)
[ info ] [ BEHAVIOR ] Run hook\AccessAuth @action_begin [ RunTime:0.000226s ]
[ info ] [ RUN ] app\index\controller\Index->index[ /www/admin/onenet.zhinengyingjian.work_80/wwwroot/application/index/controller/Index.php ]
[ info ] [ LOG ] INIT File
---------------------------------------------------------------
[ 2021-03-12T19:02:34+08:00 ] 36.99.136.133 GET onenet.zhinengyingjian.work/admin.html
[运行时间：0.019448s] [吞吐率：51.42req/s] [内存消耗：2,562.02kb] [文件加载：46]
[ info ] [ LANG ] /www/admin/onenet.zhinengyingjian.work_80/wwwroot/thinkphp/lang/zh-cn.php
[ info ] [ ROUTE ] array (
  'type' => 'module',
  'module' => 
  array (
    0 => 'admin',
    1 => NULL,
    2 => NULL,
  ),
)
[ info ] [ HEADER ] array (
  'host' => 'onenet.zhinengyingjian.work',
  'user-agent' => 'Mozilla/5.0 (Windows NT 10.0; Win64; x64) AppleWebKit/537.36 (KHTML, like Gecko) Chrome/72.0.3626.119 Safari/537.36',
  'referer' => 'http://onenet.zhinengyingjian.work',
  'accept-encoding' => 'gzip',
  'connection' => 'close',
)
[ info ] [ PARAM ] array (
)
[ info ] [ SESSION ] INIT array (
  'id' => '',
  'var_session_id' => '',
  'prefix' => 'think',
  'type' => '',
  'auto_start' => true,
)
[ info ] [ LOG ] INIT File
---------------------------------------------------------------
[ 2021-03-12T19:02:34+08:00 ] 36.99.136.134 GET onenet.zhinengyingjian.work/admin/login.html
[运行时间：0.027574s] [吞吐率：36.27req/s] [内存消耗：3,593.39kb] [文件加载：52]
[ info ] [ LANG ] /www/admin/onenet.zhinengyingjian.work_80/wwwroot/thinkphp/lang/zh-cn.php
[ info ] [ ROUTE ] array (
  'type' => 'module',
  'module' => 
  array (
    0 => 'admin',
    1 => 'login',
    2 => NULL,
  ),
)
[ info ] [ HEADER ] array (
  'host' => 'onenet.zhinengyingjian.work',
  'user-agent' => 'Mozilla/5.0 (Windows NT 10.0; Win64; x64) AppleWebKit/537.36 (KHTML, like Gecko) Chrome/72.0.3626.119 Safari/537.36',
  'referer' => 'http://onenet.zhinengyingjian.work/admin.html',
  'accept-encoding' => 'gzip',
  'connection' => 'close',
)
[ info ] [ PARAM ] array (
)
[ info ] [ SESSION ] INIT array (
  'id' => '',
  'var_session_id' => '',
  'prefix' => 'think',
  'type' => '',
  'auto_start' => true,
)
[ info ] [ BEHAVIOR ] Run hook\AccessAuth @action_begin [ RunTime:0.000257s ]
[ info ] [ RUN ] app\admin\controller\Login->index[ /www/admin/onenet.zhinengyingjian.work_80/wwwroot/application/admin/controller/Login.php ]
[ info ] [ VIEW ] /www/admin/onenet.zhinengyingjian.work_80/wwwroot/application/admin/view/login.index.html [ array (
  0 => 'classuri',
  1 => 'title',
) ]
[ info ] [ DB ] INIT mysql
[ info ] [ BEHAVIOR ] Run hook\FilterView @view_filter [ RunTime:0.000279s ]
[ info ] [ LOG ] INIT File
---------------------------------------------------------------
[ 2021-03-12T19:02:38+08:00 ] 36.99.136.132 GET onenet.zhinengyingjian.work/
[运行时间：0.018550s] [吞吐率：53.91req/s] [内存消耗：2,432.74kb] [文件加载：44]
[ info ] [ LANG ] /www/admin/onenet.zhinengyingjian.work_80/wwwroot/thinkphp/lang/zh-cn.php
[ info ] [ ROUTE ] array (
  'type' => 'module',
  'module' => 
  array (
    0 => '',
    1 => NULL,
    2 => NULL,
  ),
)
[ info ] [ HEADER ] array (
  'host' => 'onenet.zhinengyingjian.work',
  'connection' => 'keep-alive',
  'upgrade-insecure-requests' => '1',
  'user-agent' => 'Mozilla/5.0 (Windows NT 10.0; Win64; x64) AppleWebKit/537.36 (KHTML, like Gecko) Chrome/72.0.3626.119 Safari/537.36',
  'accept' => 'text/html,application/xhtml+xml,application/xml;q=0.9,image/avif,image/webp,image/apng,*/*;q=0.8,application/signed-exchange;v=b3;q=0.9',
  'accept-encoding' => 'gzip, deflate',
  'accept-language' => 'en-US',
)
[ info ] [ PARAM ] array (
)
[ info ] [ BEHAVIOR ] Run hook\AccessAuth @action_begin [ RunTime:0.000245s ]
[ info ] [ RUN ] app\index\controller\Index->index[ /www/admin/onenet.zhinengyingjian.work_80/wwwroot/application/index/controller/Index.php ]
[ info ] [ LOG ] INIT File
